#2026 04 03 00:44:25.969#Z#INFO#43cf567e-2ef6-11f1-97d1-eeee0a988538.OPERATION#http-nio-0.0.0.0-8080-exec-5#
[XS2StartProcessListener] Operation ID: 43cf567e-2ef6-11f1-97d1-eeee0a988538#
#2026 04 03 00:44:25.987#Z#DEBUG#43cf567e-2ef6-11f1-97d1-eeee0a988538.OPERATION#http-nio-0.0.0.0-8080-exec-5#
[XS2StartProcessListener] Process environment: {
  "SKIP_SSL_VALIDATION" : "false",
  "FLOWABLE_JOB_EXECUTOR_MAX_THREADS" : "32",
  "VERSION" : "2.43.0",
  "BASIC_AUTH_ENABLED" : "true",
  "FLOWABLE_JOB_EXECUTOR_QUEUE_CAPACITY" : "16",
  "FLOWABLE_JOB_EXECUTOR_CORE_THREADS" : "8"
}#
#2026 04 03 00:44:25.987#Z#DEBUG#43cf567e-2ef6-11f1-97d1-eeee0a988538.OPERATION#http-nio-0.0.0.0-8080-exec-5#
[XS2StartProcessListener] Current user: youssefahmedmohamed79@gmail.com#
#2026 04 03 00:44:25.987#Z#DEBUG#43cf567e-2ef6-11f1-97d1-eeee0a988538.OPERATION#http-nio-0.0.0.0-8080-exec-5#
[XS2StartProcessListener] Client space: Dev_YM#
#2026 04 03 00:44:25.987#Z#DEBUG#43cf567e-2ef6-11f1-97d1-eeee0a988538.OPERATION#http-nio-0.0.0.0-8080-exec-5#
[XS2StartProcessListener] Client organization: 1c5022fatrial#
#2026 04 03 00:44:25.987#Z#INFO#43cf567e-2ef6-11f1-97d1-eeee0a988538.OPERATION#http-nio-0.0.0.0-8080-exec-5#
[XS2StartProcessListener] Process variables: {
  "keepFiles" : false,
  "skipAppDigestCalculation" : false,
  "abortOnError" : false,
  "mtaId" : "northwind-fiori-app",
  "noFailOnMissingPermissions" : false,
  "isSecurityEnabled" : false,
  "apiRequestPath" : "https://deploy-service.cf.us10-001.hana.ondemand.com/api/v1/spaces/b93a104c-bf2c-4338-bd59-edd1e2326866/operations",
  "deleteServiceBrokers" : false,
  "appArchiveId" : "13869079-e201-4e7d-b946-3d35ad723071",
  "isDisposableUserProvidedServiceEnabled" : false,
  "deleteServiceKeys" : false,
  "noRestartSubscribedApps" : false,
  "noStart" : false,
  "deleteServices" : false
}#
#2026 04 03 00:44:26.040#Z#DEBUG#43cf567e-2ef6-11f1-97d1-eeee0a988538.OPERATION#flowable-async-job-executor-thread-16785#
[ValidateDeployParametersStep] Executing task "validateParametersTask" of process "43cf56a4-2ef6-11f1-97d1-eeee0a988538"...#
#2026 04 03 00:44:26.040#Z#DEBUG#43cf567e-2ef6-11f1-97d1-eeee0a988538.OPERATION#flowable-async-job-executor-thread-16785#
[ValidateDeployParametersStep] Validating parameters...#
#2026 04 03 00:44:26.041#Z#INFO#43cf567e-2ef6-11f1-97d1-eeee0a988538.OPERATION#flowable-async-job-executor-thread-16785#
[ValidateDeployParametersStep] Size of mtars is 7,943,261 and size of extension descriptors is 0#
#2026 04 03 00:44:26.067#Z#INFO#43cf567e-2ef6-11f1-97d1-eeee0a988538.OPERATION#flowable-async-job-executor-thread-16785#
[ValidateDeployParametersStep] Archive was not split! Total size in bytes: 7,943,261#
#2026 04 03 00:44:26.068#Z#INFO#43cf567e-2ef6-11f1-97d1-eeee0a988538.OPERATION#flowable-async-job-executor-thread-16785#
[ValidateDeployParametersStep] Deploying in org "1c5022fatrial" and space "Dev_YM"#
#2026 04 03 00:44:26.072#Z#DEBUG#43cf567e-2ef6-11f1-97d1-eeee0a988538.OPERATION#flowable-async-job-executor-thread-16785#
[ValidateDeployParametersStep] Parameters validated#
#2026 04 03 00:44:26.072#Z#DEBUG#43cf567e-2ef6-11f1-97d1-eeee0a988538.OPERATION#flowable-async-job-executor-thread-16785#
Step "Validate Parameters" finished#
#2026 04 03 00:44:26.096#Z#DEBUG#43cf567e-2ef6-11f1-97d1-eeee0a988538.OPERATION#flowable-async-job-executor-thread-16786#
[DeleteRemainingFileParts] Executing task "deleteRemainingFileParts" of process "43cf56a4-2ef6-11f1-97d1-eeee0a988538"...#
#2026 04 03 00:44:26.096#Z#DEBUG#43cf567e-2ef6-11f1-97d1-eeee0a988538.OPERATION#flowable-async-job-executor-thread-16786#
Step "Delete Remaining File Parts" finished#
#2026 04 03 00:44:26.115#Z#DEBUG#43cf567e-2ef6-11f1-97d1-eeee0a988538.OPERATION#flowable-async-job-executor-thread-16787#
[XS2ProcessMtaArchiveStep] Executing task "processArchiveTask" of process "43cf56a4-2ef6-11f1-97d1-eeee0a988538"...#
#2026 04 03 00:44:26.116#Z#DEBUG#43cf567e-2ef6-11f1-97d1-eeee0a988538.OPERATION#flowable-async-job-executor-thread-16787#
[XS2ProcessMtaArchiveStep] Processing MTA archive...#
#2026 04 03 00:44:26.116#Z#DEBUG#43cf567e-2ef6-11f1-97d1-eeee0a988538.OPERATION#flowable-async-job-executor-thread-16787#
[XS2ProcessMtaArchiveStep] MTA Archive ID: 13869079-e201-4e7d-b946-3d35ad723071#
#2026 04 03 00:44:26.265#Z#DEBUG#43cf567e-2ef6-11f1-97d1-eeee0a988538.OPERATION#flowable-async-job-executor-thread-16787#
[XS2ProcessMtaArchiveStep] MTA Descriptor length: 446#
#2026 04 03 00:44:26.266#Z#DEBUG#43cf567e-2ef6-11f1-97d1-eeee0a988538.OPERATION#flowable-async-job-executor-thread-16787#
[XS2ProcessMtaArchiveStep] MTA Archive Modules: [northwind-approuter, northwind-fiori-app]#
#2026 04 03 00:44:26.266#Z#DEBUG#43cf567e-2ef6-11f1-97d1-eeee0a988538.OPERATION#flowable-async-job-executor-thread-16787#
[XS2ProcessMtaArchiveStep] MTA Archive Requires: []#
#2026 04 03 00:44:26.266#Z#DEBUG#43cf567e-2ef6-11f1-97d1-eeee0a988538.OPERATION#flowable-async-job-executor-thread-16787#
[XS2ProcessMtaArchiveStep] MTA Archive Resources: []#
#2026 04 03 00:44:26.272#Z#DEBUG#43cf567e-2ef6-11f1-97d1-eeee0a988538.OPERATION#flowable-async-job-executor-thread-16787#
[XS2ProcessMtaArchiveStep] MTA archive processed#
#2026 04 03 00:44:26.272#Z#DEBUG#43cf567e-2ef6-11f1-97d1-eeee0a988538.OPERATION#flowable-async-job-executor-thread-16787#
Step "Process Archive" finished#
#2026 04 03 00:44:26.305#Z#DEBUG#43cf567e-2ef6-11f1-97d1-eeee0a988538.OPERATION#flowable-async-job-executor-thread-16781#
[ProcessMtaExtensionDescriptorsStep] Executing task "processExtensionDescriptorsTask" of process "43cf56a4-2ef6-11f1-97d1-eeee0a988538"...#
#2026 04 03 00:44:26.306#Z#DEBUG#43cf567e-2ef6-11f1-97d1-eeee0a988538.OPERATION#flowable-async-job-executor-thread-16781#
[ProcessMtaExtensionDescriptorsStep] Processing MTA extension descriptors...#
#2026 04 03 00:44:26.306#Z#DEBUG#43cf567e-2ef6-11f1-97d1-eeee0a988538.OPERATION#flowable-async-job-executor-thread-16781#
[ProcessMtaExtensionDescriptorsStep] Provided extension descriptors: [ ]#
#2026 04 03 00:44:26.306#Z#DEBUG#43cf567e-2ef6-11f1-97d1-eeee0a988538.OPERATION#flowable-async-job-executor-thread-16781#
[ProcessMtaExtensionDescriptorsStep] No extension descriptors in use#
#2026 04 03 00:44:26.306#Z#DEBUG#43cf567e-2ef6-11f1-97d1-eeee0a988538.OPERATION#flowable-async-job-executor-thread-16781#
[ProcessMtaExtensionDescriptorsStep] MTA extension descriptors processed#
#2026 04 03 00:44:26.306#Z#DEBUG#43cf567e-2ef6-11f1-97d1-eeee0a988538.OPERATION#flowable-async-job-executor-thread-16781#
Step "Process Extension Descriptors" finished#
#2026 04 03 00:44:26.330#Z#DEBUG#43cf567e-2ef6-11f1-97d1-eeee0a988538.OPERATION#flowable-async-job-executor-thread-16781#
[XS2DetectMtaSchemaVersionStep] Executing task "detectSchemaVersionTask" of process "43cf56a4-2ef6-11f1-97d1-eeee0a988538"...#
#2026 04 03 00:44:26.331#Z#DEBUG#43cf567e-2ef6-11f1-97d1-eeee0a988538.OPERATION#flowable-async-job-executor-thread-16781#
[XS2DetectMtaSchemaVersionStep] Detecting MTA major schema version...#
#2026 04 03 00:44:26.332#Z#INFO#43cf567e-2ef6-11f1-97d1-eeee0a988538.OPERATION#flowable-async-job-executor-thread-16781#
[XS2DetectMtaSchemaVersionStep] Detected MTA schema version: "3"#
#2026 04 03 00:44:26.336#Z#DEBUG#43cf567e-2ef6-11f1-97d1-eeee0a988538.OPERATION#flowable-async-job-executor-thread-16781#
Step "Detect Schema Version" finished#
#2026 04 03 00:44:26.357#Z#DEBUG#43cf567e-2ef6-11f1-97d1-eeee0a988538.OPERATION#flowable-async-job-executor-thread-16781#
[MergeDescriptorsStep] Executing task "mergeDescriptorsTask" of process "43cf56a4-2ef6-11f1-97d1-eeee0a988538"...#
#2026 04 03 00:44:26.357#Z#DEBUG#43cf567e-2ef6-11f1-97d1-eeee0a988538.OPERATION#flowable-async-job-executor-thread-16781#
[MergeDescriptorsStep] Validating and merging descriptors...#
#2026 04 03 00:44:26.358#Z#DEBUG#43cf567e-2ef6-11f1-97d1-eeee0a988538.OPERATION#flowable-async-job-executor-thread-16781#
[MergeDescriptorsStep] Merged deployment descriptor: {
  "majorSchemaVersion" : 3,
  "schemaVersion" : "3.1.0",
  "id" : "northwind-fiori-app",
  "version" : "1.0.0",
  "modules" : [ {
    "majorSchemaVersion" : 3,
    "name" : "northwind-fiori-app",
    "type" : "javascript.nodejs",
    "path" : "northwind-fiori-app",
    "properties" : { },
    "parameters" : { },
    "requiredDependencies" : [ ],
    "providedDependencies" : [ {
      "majorSchemaVersion" : 3,
      "name" : "northwind-fiori-app",
      "isPublic" : false,
      "properties" : { },
      "parameters" : { },
      "propertiesMetadata" : {
        "metadata" : { }
      },
      "parametersMetadata" : {
        "metadata" : { }
      }
    } ],
    "propertiesMetadata" : {
      "metadata" : { }
    },
    "parametersMetadata" : {
      "metadata" : { }
    },
    "hooks" : [ ]
  }, {
    "majorSchemaVersion" : 3,
    "name" : "northwind-approuter",
    "type" : "javascript.nodejs",
    "path" : "northwind-approuter",
    "properties" : { },
    "parameters" : { },
    "requiredDependencies" : [ {
      "majorSchemaVersion" : 3,
      "name" : "northwind_html_repo_runtime",
      "properties" : { },
      "parameters" : { },
      "propertiesMetadata" : {
        "metadata" : { }
      },
      "parametersMetadata" : {
        "metadata" : { }
      }
    } ],
    "providedDependencies" : [ {
      "majorSchemaVersion" : 3,
      "name" : "northwind-approuter",
      "isPublic" : false,
      "properties" : { },
      "parameters" : { },
      "propertiesMetadata" : {
        "metadata" : { }
      },
      "parametersMetadata" : {
        "metadata" : { }
      }
    } ],
    "propertiesMetadata" : {
      "metadata" : { }
    },
    "parametersMetadata" : {
      "metadata" : { }
    },
    "hooks" : [ ]
  } ],
  "resources" : [ {
    "majorSchemaVersion" : 3,
    "name" : "northwind_html_repo_runtime",
    "type" : "org.cloudfoundry.managed-service",
    "properties" : { },
    "parameters" : {
      "type" : "managed-service",
      "service" : "html5-apps-repo",
      "service-plan" : "app-runtime"
    },
    "isActive" : true,
    "isOptional" : false,
    "propertiesMetadata" : {
      "metadata" : { }
    },
    "parametersMetadata" : {
      "metadata" : { }
    },
    "requiredDependencies" : [ ],
    "processedAfter" : [ ]
  } ],
  "parameters" : { },
  "parametersMetadata" : {
    "metadata" : { }
  }
}#
#2026 04 03 00:44:26.359#Z#DEBUG#43cf567e-2ef6-11f1-97d1-eeee0a988538.OPERATION#flowable-async-job-executor-thread-16781#
[MergeDescriptorsStep] Descriptors validated and merged#
#2026 04 03 00:44:26.359#Z#DEBUG#43cf567e-2ef6-11f1-97d1-eeee0a988538.OPERATION#flowable-async-job-executor-thread-16781#
Step "Merge Descriptors" finished#
#2026 04 03 00:44:26.382#Z#DEBUG#43cf567e-2ef6-11f1-97d1-eeee0a988538.OPERATION#flowable-async-job-executor-thread-16781#
[DetectDeployedMtaStep] Executing task "detectDeployedMtaTask" of process "43cf56a4-2ef6-11f1-97d1-eeee0a988538"...#
#2026 04 03 00:44:26.382#Z#DEBUG#43cf567e-2ef6-11f1-97d1-eeee0a988538.OPERATION#flowable-async-job-executor-thread-16781#
[DetectDeployedMtaStep] Detecting deployed MTA...#
#2026 04 03 00:44:26.452#Z#DEBUG#43cf567e-2ef6-11f1-97d1-eeee0a988538.OPERATION#flowable-async-job-executor-thread-16781#
[DetectDeployedMtaStep] Detecting MTA by id northwind-fiori-app and namespace null#
#2026 04 03 00:44:26.452#Z#DEBUG#43cf567e-2ef6-11f1-97d1-eeee0a988538.OPERATION#flowable-async-job-executor-thread-16781#
[DetectDeployedMtaStep] Getting applications by metadata label selector "mta_id=0267f644ec1250b689ab674f59c72f9b,!mta_namespace"...#
#2026 04 03 00:44:26.533#Z#DEBUG#43cf567e-2ef6-11f1-97d1-eeee0a988538.OPERATION#flowable-async-job-executor-thread-16781#
[DetectDeployedMtaStep] Getting service instances by metadata label selector "mta_id=0267f644ec1250b689ab674f59c72f9b,!mta_namespace"...#
#2026 04 03 00:44:26.683#Z#DEBUG#43cf567e-2ef6-11f1-97d1-eeee0a988538.OPERATION#flowable-async-job-executor-thread-16781#
[DetectDeployedMtaStep] Deployed MTA: {
  "metadata" : {
    "id" : "northwind-fiori-app",
    "version" : "1.0.0"
  },
  "applications" : [ {
    "name" : "northwind-fiori-app",
    "metadata" : {
      "guid" : "24054a82-3d8c-4b35-b5f1-8629d0bb909e",
      "createdAt" : [ 2026, 4, 3, 0, 14, 44 ],
      "updatedAt" : [ 2026, 4, 3, 0, 41, 34 ]
    },
    "v3Metadata" : {
      "annotations" : {
        "mta_module" : "{\"name\":\"northwind-fiori-app\"}",
        "mta_module_provided_dependencies" : "[]",
        "mta_id" : "northwind-fiori-app",
        "mta_version" : "1.0.0",
        "mta_bound_services" : "[]"
      },
      "labels" : {
        "mta_id" : "0267f644ec1250b689ab674f59c72f9b"
      }
    },
    "state" : "STOPPED",
    "lifecycle" : {
      "type" : "BUILDPACK",
      "data" : {
        "buildpacks" : [ ],
        "stack" : "cflinuxfs4"
      }
    },
    "space" : {
      "name" : "Dev_YM",
      "metadata" : {
        "guid" : "b93a104c-bf2c-4338-bd59-edd1e2326866",
        "createdAt" : [ 2026, 3, 31, 11, 42, 20 ],
        "updatedAt" : [ 2026, 3, 31, 11, 42, 20 ]
      },
      "organization" : {
        "name" : "1c5022fatrial",
        "metadata" : {
          "guid" : "8d4a3a9a-adf3-4c84-a049-f561b1bb9e1f",
          "createdAt" : [ 2026, 3, 31, 10, 28, 22 ],
          "updatedAt" : [ 2026, 3, 31, 10, 28, 24 ]
        }
      }
    },
    "moduleName" : "northwind-fiori-app",
    "boundMtaServices" : [ ],
    "providedDependencyNames" : [ ],
    "productizationState" : "LIVE"
  } ],
  "services" : [ {
    "name" : "northwind_html_repo_runtime",
    "metadata" : {
      "guid" : "e5243cca-d34e-4d00-8a8e-d878454444fc",
      "createdAt" : [ 2026, 4, 3, 0, 32, 58 ],
      "updatedAt" : [ 2026, 4, 3, 0, 32, 59 ]
    },
    "v3Metadata" : {
      "annotations" : {
        "mta_id" : "northwind-fiori-app",
        "mta_version" : "1.0.0",
        "mta_resource" : "{\"name\":\"northwind_html_repo_runtime\"}"
      },
      "labels" : {
        "mta_id" : "0267f644ec1250b689ab674f59c72f9b"
      }
    },
    "label" : "html5-apps-repo",
    "plan" : "app-runtime",
    "credentials" : "********",
    "tags" : [ ],
    "type" : "managed",
    "lastOperation" : {
      "type" : "CREATE",
      "description" : "",
      "state" : "SUCCEEDED"
    },
    "resourceName" : "northwind_html_repo_runtime"
  } ]
}#
#2026 04 03 00:44:26.683#Z#INFO#43cf567e-2ef6-11f1-97d1-eeee0a988538.OPERATION#flowable-async-job-executor-thread-16781#
[DetectDeployedMtaStep] Detected deployed MTA with ID "northwind-fiori-app" and version "1.0.0"#
#2026 04 03 00:44:26.687#Z#DEBUG#43cf567e-2ef6-11f1-97d1-eeee0a988538.OPERATION#flowable-async-job-executor-thread-16781#
[DetectDeployedMtaStep] Detecting backup mta by id "northwind-fiori-app" and namespace "null"#
#2026 04 03 00:44:26.687#Z#DEBUG#43cf567e-2ef6-11f1-97d1-eeee0a988538.OPERATION#flowable-async-job-executor-thread-16781#
[DetectDeployedMtaStep] Getting applications by metadata label selector "mta_id=0267f644ec1250b689ab674f59c72f9b,mta_namespace=b698114a0995e936895b9598a6c19a2c"...#
#2026 04 03 00:44:26.726#Z#DEBUG#43cf567e-2ef6-11f1-97d1-eeee0a988538.OPERATION#flowable-async-job-executor-thread-16781#
[DetectDeployedMtaStep] Getting service instances by metadata label selector "mta_id=0267f644ec1250b689ab674f59c72f9b,mta_namespace=b698114a0995e936895b9598a6c19a2c"...#
#2026 04 03 00:44:26.785#Z#DEBUG#43cf567e-2ef6-11f1-97d1-eeee0a988538.OPERATION#flowable-async-job-executor-thread-16781#
[DetectDeployedMtaStep] Deployed MTA service keys: [ ]#
#2026 04 03 00:44:26.785#Z#DEBUG#43cf567e-2ef6-11f1-97d1-eeee0a988538.OPERATION#flowable-async-job-executor-thread-16781#
Step "Detect Deployed MTA" finished#
#2026 04 03 00:44:26.816#Z#DEBUG#43cf567e-2ef6-11f1-97d1-eeee0a988538.OPERATION#flowable-async-job-executor-thread-16780#
[XS2CollectSystemParametersStep] Executing task "collectSystemParametersTask" of process "43cf56a4-2ef6-11f1-97d1-eeee0a988538"...#
#2026 04 03 00:44:26.817#Z#DEBUG#43cf567e-2ef6-11f1-97d1-eeee0a988538.OPERATION#flowable-async-job-executor-thread-16780#
[XS2CollectSystemParametersStep] Collecting system parameters...#
#2026 04 03 00:44:26.817#Z#DEBUG#43cf567e-2ef6-11f1-97d1-eeee0a988538.OPERATION#flowable-async-job-executor-thread-16780#
[XS2CollectSystemParametersStep] Getting default domain...#
#2026 04 03 00:44:26.847#Z#DEBUG#43cf567e-2ef6-11f1-97d1-eeee0a988538.OPERATION#flowable-async-job-executor-thread-16780#
[XS2CollectSystemParametersStep] Default domain: cfapps.us10-001.hana.ondemand.com#
#2026 04 03 00:44:26.847#Z#DEBUG#43cf567e-2ef6-11f1-97d1-eeee0a988538.OPERATION#flowable-async-job-executor-thread-16780#
[XS2CollectSystemParametersStep] Checking for overwriting read-only parameters for mta with id: "northwind-fiori-app"#
#2026 04 03 00:44:26.847#Z#DEBUG#43cf567e-2ef6-11f1-97d1-eeee0a988538.OPERATION#flowable-async-job-executor-thread-16780#
[XS2CollectSystemParametersStep] No read-only parameters are overwritten#
#2026 04 03 00:44:26.863#Z#DEBUG#43cf567e-2ef6-11f1-97d1-eeee0a988538.OPERATION#flowable-async-job-executor-thread-16780#
[XS2CollectSystemParametersStep] Descriptor with system parameters: {
  "majorSchemaVersion" : 3,
  "schemaVersion" : "3.1.0",
  "id" : "northwind-fiori-app",
  "version" : "1.0.0",
  "modules" : [ {
    "majorSchemaVersion" : 3,
    "name" : "northwind-fiori-app",
    "type" : "javascript.nodejs",
    "path" : "northwind-fiori-app",
    "properties" : { },
    "parameters" : {
      "default-url" : "${protocol}://${default-uri}",
      "default-app-name" : "northwind-fiori-app",
      "generated-password" : "********",
      "default-live-url" : "${protocol}://${default-live-uri}",
      "default-uri" : "${host}.${domain}",
      "default-instances" : 1,
      "default-live-host" : "1c5022fatrial-dev-ym-northwind-fiori-app",
      "instances" : "${default-instances}",
      "default-host" : "1c5022fatrial-dev-ym-northwind-fiori-app",
      "app-name" : "${default-app-name}",
      "default-live-uri" : "1c5022fatrial-dev-ym-northwind-fiori-app.${domain}",
      "protocol" : "https",
      "default-live-app-name" : "northwind-fiori-app",
      "default-live-domain" : "cfapps.us10-001.hana.ondemand.com",
      "domain" : "${default-domain}",
      "host" : "${default-host}",
      "generated-user" : "********"
    },
    "requiredDependencies" : [ ],
    "providedDependencies" : [ {
      "majorSchemaVersion" : 3,
      "name" : "northwind-fiori-app",
      "isPublic" : false,
      "properties" : { },
      "parameters" : { },
      "propertiesMetadata" : {
        "metadata" : { }
      },
      "parametersMetadata" : {
        "metadata" : { }
      }
    } ],
    "propertiesMetadata" : {
      "metadata" : { }
    },
    "parametersMetadata" : {
      "metadata" : { }
    },
    "hooks" : [ ]
  }, {
    "majorSchemaVersion" : 3,
    "name" : "northwind-approuter",
    "type" : "javascript.nodejs",
    "path" : "northwind-approuter",
    "properties" : { },
    "parameters" : {
      "default-url" : "${protocol}://${default-uri}",
      "default-app-name" : "northwind-approuter",
      "generated-password" : "********",
      "default-live-url" : "${protocol}://${default-live-uri}",
      "default-uri" : "${host}.${domain}",
      "default-instances" : 1,
      "default-live-host" : "1c5022fatrial-dev-ym-northwind-approuter",
      "instances" : "${default-instances}",
      "default-host" : "1c5022fatrial-dev-ym-northwind-approuter",
      "app-name" : "${default-app-name}",
      "default-live-uri" : "1c5022fatrial-dev-ym-northwind-approuter.${domain}",
      "protocol" : "https",
      "default-live-app-name" : "northwind-approuter",
      "default-live-domain" : "cfapps.us10-001.hana.ondemand.com",
      "domain" : "${default-domain}",
      "host" : "${default-host}",
      "generated-user" : "********"
    },
    "requiredDependencies" : [ {
      "majorSchemaVersion" : 3,
      "name" : "northwind_html_repo_runtime",
      "properties" : { },
      "parameters" : { },
      "propertiesMetadata" : {
        "metadata" : { }
      },
      "parametersMetadata" : {
        "metadata" : { }
      }
    } ],
    "providedDependencies" : [ {
      "majorSchemaVersion" : 3,
      "name" : "northwind-approuter",
      "isPublic" : false,
      "properties" : { },
      "parameters" : { },
      "propertiesMetadata" : {
        "metadata" : { }
      },
      "parametersMetadata" : {
        "metadata" : { }
      }
    } ],
    "propertiesMetadata" : {
      "metadata" : { }
    },
    "parametersMetadata" : {
      "metadata" : { }
    },
    "hooks" : [ ]
  } ],
  "resources" : [ {
    "majorSchemaVersion" : 3,
    "name" : "northwind_html_repo_runtime",
    "type" : "org.cloudfoundry.managed-service",
    "properties" : { },
    "parameters" : {
      "generated-password" : "********",
      "service-name" : "${default-service-name}",
      "service-plan" : "app-runtime",
      "service" : "html5-apps-repo",
      "generated-user" : "********",
      "default-xsappname" : "northwind_html_repo_runtime",
      "type" : "managed-service",
      "default-service-name" : "northwind_html_repo_runtime",
      "default-container-name" : "1C5022FATRIAL_DEV_YM_NORTHWIND_HTML_REPO_RUNTIME"
    },
    "isActive" : true,
    "isOptional" : false,
    "propertiesMetadata" : {
      "metadata" : { }
    },
    "parametersMetadata" : {
      "metadata" : { }
    },
    "requiredDependencies" : [ ],
    "processedAfter" : [ ]
  } ],
  "parameters" : {
    "mta-id" : "northwind-fiori-app",
    "authorization-url" : "********",
    "org-guid" : "8d4a3a9a-adf3-4c84-a049-f561b1bb9e1f",
    "org" : "1c5022fatrial",
    "deploy-target" : "1c5022fatrial Dev_YM",
    "space" : "Dev_YM",
    "xs-api-url" : "https://api.cf.us10-001.hana.ondemand.com",
    "deploy-url" : "deploy-service.cfapps.us10-001.hana.ondemand.com",
    "xs-type" : "CF",
    "default-domain" : "cfapps.us10-001.hana.ondemand.com",
    "mta-version" : "1.0.0",
    "xs-auth-url" : "********",
    "space-guid" : "b93a104c-bf2c-4338-bd59-edd1e2326866",
    "user" : "********",
    "controller-url" : "https://api.cf.us10-001.hana.ondemand.com",
    "timestamp" : "20260403004425"
  },
  "parametersMetadata" : {
    "metadata" : { }
  }
}#
#2026 04 03 00:44:26.864#Z#DEBUG#43cf567e-2ef6-11f1-97d1-eeee0a988538.OPERATION#flowable-async-job-executor-thread-16780#
[XS2CollectSystemParametersStep] Version rule: SAME_HIGHER#
#2026 04 03 00:44:26.864#Z#INFO#43cf567e-2ef6-11f1-97d1-eeee0a988538.OPERATION#flowable-async-job-executor-thread-16780#
[XS2CollectSystemParametersStep] Detected new MTA version: "1.0.0"#
#2026 04 03 00:44:26.868#Z#INFO#43cf567e-2ef6-11f1-97d1-eeee0a988538.OPERATION#flowable-async-job-executor-thread-16780#
[XS2CollectSystemParametersStep] Deployed MTA version: "1.0.0"#
#2026 04 03 00:44:26.871#Z#DEBUG#43cf567e-2ef6-11f1-97d1-eeee0a988538.OPERATION#flowable-async-job-executor-thread-16780#
[XS2CollectSystemParametersStep] MTA accepted for deployment#
#2026 04 03 00:44:26.871#Z#DEBUG#43cf567e-2ef6-11f1-97d1-eeee0a988538.OPERATION#flowable-async-job-executor-thread-16780#
[XS2CollectSystemParametersStep] System parameters collected#
#2026 04 03 00:44:26.872#Z#DEBUG#43cf567e-2ef6-11f1-97d1-eeee0a988538.OPERATION#flowable-async-job-executor-thread-16780#
Step "Collect System Parameters" finished#
#2026 04 03 00:44:26.897#Z#DEBUG#43cf567e-2ef6-11f1-97d1-eeee0a988538.OPERATION#flowable-async-job-executor-thread-16780#
[ProcessDescriptorStep] Executing task "processDescriptorTask" of process "43cf56a4-2ef6-11f1-97d1-eeee0a988538"...#
#2026 04 03 00:44:26.897#Z#DEBUG#43cf567e-2ef6-11f1-97d1-eeee0a988538.OPERATION#flowable-async-job-executor-thread-16780#
[ProcessDescriptorStep] Resolving properties and parameters in merged descriptor...#
#2026 04 03 00:44:26.899#Z#DEBUG#43cf567e-2ef6-11f1-97d1-eeee0a988538.OPERATION#flowable-async-job-executor-thread-16780#
[ProcessDescriptorStep] Subscriptions: [ ]#
#2026 04 03 00:44:26.899#Z#DEBUG#43cf567e-2ef6-11f1-97d1-eeee0a988538.OPERATION#flowable-async-job-executor-thread-16780#
[ProcessDescriptorStep] MTA modules: [northwind-approuter, northwind-fiori-app]#
#2026 04 03 00:44:26.900#Z#DEBUG#43cf567e-2ef6-11f1-97d1-eeee0a988538.OPERATION#flowable-async-job-executor-thread-16780#
[ProcessDescriptorStep] Resolved deployment descriptor: {
  "majorSchemaVersion" : 3,
  "schemaVersion" : "3.1.0",
  "id" : "northwind-fiori-app",
  "version" : "1.0.0",
  "modules" : [ {
    "majorSchemaVersion" : 3,
    "name" : "northwind-fiori-app",
    "type" : "javascript.nodejs",
    "path" : "northwind-fiori-app",
    "properties" : { },
    "parameters" : {
      "default-url" : "https://1c5022fatrial-dev-ym-northwind-fiori-app.cfapps.us10-001.hana.ondemand.com",
      "default-app-name" : "northwind-fiori-app",
      "generated-password" : "********",
      "default-live-url" : "https://1c5022fatrial-dev-ym-northwind-fiori-app.cfapps.us10-001.hana.ondemand.com",
      "default-uri" : "1c5022fatrial-dev-ym-northwind-fiori-app.cfapps.us10-001.hana.ondemand.com",
      "default-instances" : 1,
      "default-live-host" : "1c5022fatrial-dev-ym-northwind-fiori-app",
      "instances" : 1,
      "default-host" : "1c5022fatrial-dev-ym-northwind-fiori-app",
      "app-name" : "northwind-fiori-app",
      "default-live-uri" : "1c5022fatrial-dev-ym-northwind-fiori-app.cfapps.us10-001.hana.ondemand.com",
      "protocol" : "https",
      "default-live-app-name" : "northwind-fiori-app",
      "default-live-domain" : "cfapps.us10-001.hana.ondemand.com",
      "domain" : "cfapps.us10-001.hana.ondemand.com",
      "host" : "1c5022fatrial-dev-ym-northwind-fiori-app",
      "generated-user" : "********"
    },
    "requiredDependencies" : [ ],
    "providedDependencies" : [ {
      "majorSchemaVersion" : 3,
      "name" : "northwind-fiori-app",
      "isPublic" : false,
      "properties" : { },
      "parameters" : { },
      "propertiesMetadata" : {
        "metadata" : { }
      },
      "parametersMetadata" : {
        "metadata" : { }
      }
    } ],
    "propertiesMetadata" : {
      "metadata" : { }
    },
    "parametersMetadata" : {
      "metadata" : { }
    },
    "hooks" : [ ]
  }, {
    "majorSchemaVersion" : 3,
    "name" : "northwind-approuter",
    "type" : "javascript.nodejs",
    "path" : "northwind-approuter",
    "properties" : { },
    "parameters" : {
      "default-url" : "https://1c5022fatrial-dev-ym-northwind-approuter.cfapps.us10-001.hana.ondemand.com",
      "default-app-name" : "northwind-approuter",
      "generated-password" : "********",
      "default-live-url" : "https://1c5022fatrial-dev-ym-northwind-approuter.cfapps.us10-001.hana.ondemand.com",
      "default-uri" : "1c5022fatrial-dev-ym-northwind-approuter.cfapps.us10-001.hana.ondemand.com",
      "default-instances" : 1,
      "default-live-host" : "1c5022fatrial-dev-ym-northwind-approuter",
      "instances" : 1,
      "default-host" : "1c5022fatrial-dev-ym-northwind-approuter",
      "app-name" : "northwind-approuter",
      "default-live-uri" : "1c5022fatrial-dev-ym-northwind-approuter.cfapps.us10-001.hana.ondemand.com",
      "protocol" : "https",
      "default-live-app-name" : "northwind-approuter",
      "default-live-domain" : "cfapps.us10-001.hana.ondemand.com",
      "domain" : "cfapps.us10-001.hana.ondemand.com",
      "host" : "1c5022fatrial-dev-ym-northwind-approuter",
      "generated-user" : "********"
    },
    "requiredDependencies" : [ {
      "majorSchemaVersion" : 3,
      "name" : "northwind_html_repo_runtime",
      "properties" : { },
      "parameters" : { },
      "propertiesMetadata" : {
        "metadata" : { }
      },
      "parametersMetadata" : {
        "metadata" : { }
      }
    } ],
    "providedDependencies" : [ {
      "majorSchemaVersion" : 3,
      "name" : "northwind-approuter",
      "isPublic" : false,
      "properties" : { },
      "parameters" : { },
      "propertiesMetadata" : {
        "metadata" : { }
      },
      "parametersMetadata" : {
        "metadata" : { }
      }
    } ],
    "propertiesMetadata" : {
      "metadata" : { }
    },
    "parametersMetadata" : {
      "metadata" : { }
    },
    "hooks" : [ ]
  } ],
  "resources" : [ {
    "majorSchemaVersion" : 3,
    "name" : "northwind_html_repo_runtime",
    "type" : "org.cloudfoundry.managed-service",
    "properties" : { },
    "parameters" : {
      "generated-password" : "********",
      "service-name" : "northwind_html_repo_runtime",
      "service-plan" : "app-runtime",
      "service" : "html5-apps-repo",
      "generated-user" : "********",
      "default-xsappname" : "northwind_html_repo_runtime",
      "type" : "managed-service",
      "default-service-name" : "northwind_html_repo_runtime",
      "default-container-name" : "1C5022FATRIAL_DEV_YM_NORTHWIND_HTML_REPO_RUNTIME"
    },
    "isActive" : true,
    "isOptional" : false,
    "propertiesMetadata" : {
      "metadata" : { }
    },
    "parametersMetadata" : {
      "metadata" : { }
    },
    "requiredDependencies" : [ ],
    "processedAfter" : [ ]
  } ],
  "parameters" : {
    "mta-id" : "northwind-fiori-app",
    "authorization-url" : "********",
    "org-guid" : "8d4a3a9a-adf3-4c84-a049-f561b1bb9e1f",
    "org" : "1c5022fatrial",
    "deploy-target" : "1c5022fatrial Dev_YM",
    "region-primary-domain" : "us10.hana.ondemand.com",
    "space" : "Dev_YM",
    "region-domain" : "us10-001.hana.ondemand.com",
    "xs-api-url" : "https://api.cf.us10-001.hana.ondemand.com",
    "deploy-url" : "deploy-service.cfapps.us10-001.hana.ondemand.com",
    "xs-type" : "CF",
    "default-domain" : "cfapps.us10-001.hana.ondemand.com",
    "mta-version" : "1.0.0",
    "xs-auth-url" : "********",
    "space-guid" : "b93a104c-bf2c-4338-bd59-edd1e2326866",
    "user" : "********",
    "controller-url" : "https://api.cf.us10-001.hana.ondemand.com",
    "timestamp" : "20260403004425"
  },
  "parametersMetadata" : {
    "metadata" : { }
  }
}#
#2026 04 03 00:44:26.900#Z#DEBUG#43cf567e-2ef6-11f1-97d1-eeee0a988538.OPERATION#flowable-async-job-executor-thread-16780#
[ProcessDescriptorStep] Merged descriptor properties and parameters resolved#
#2026 04 03 00:44:26.900#Z#DEBUG#43cf567e-2ef6-11f1-97d1-eeee0a988538.OPERATION#flowable-async-job-executor-thread-16780#
Step "Process Descriptor Step" finished#
#2026 04 03 00:44:26.928#Z#DEBUG#43cf567e-2ef6-11f1-97d1-eeee0a988538.OPERATION#flowable-async-job-executor-thread-16780#
[XS2BuildCloudDeployModelStep] Executing task "buildDeployModelTask" of process "43cf56a4-2ef6-11f1-97d1-eeee0a988538"...#
#2026 04 03 00:44:26.929#Z#DEBUG#43cf567e-2ef6-11f1-97d1-eeee0a988538.OPERATION#flowable-async-job-executor-thread-16780#
[XS2BuildCloudDeployModelStep] Service keys defined for content deployment grouped by service name: { }#
#2026 04 03 00:44:26.929#Z#DEBUG#43cf567e-2ef6-11f1-97d1-eeee0a988538.OPERATION#flowable-async-job-executor-thread-16780#
[XS2BuildCloudDeployModelStep] Building cloud deployment model...#
#2026 04 03 00:44:26.931#Z#DEBUG#43cf567e-2ef6-11f1-97d1-eeee0a988538.OPERATION#flowable-async-job-executor-thread-16780#
[XS2BuildCloudDeployModelStep] MTA archive modules: [northwind-approuter, northwind-fiori-app]#
#2026 04 03 00:44:26.931#Z#DEBUG#43cf567e-2ef6-11f1-97d1-eeee0a988538.OPERATION#flowable-async-job-executor-thread-16780#
[XS2BuildCloudDeployModelStep] Deployed modules: [northwind-fiori-app]#
#2026 04 03 00:44:26.931#Z#DEBUG#43cf567e-2ef6-11f1-97d1-eeee0a988538.OPERATION#flowable-async-job-executor-thread-16780#
[XS2BuildCloudDeployModelStep] MTA modules: [northwind-approuter, northwind-fiori-app]#
#2026 04 03 00:44:26.931#Z#DEBUG#43cf567e-2ef6-11f1-97d1-eeee0a988538.OPERATION#flowable-async-job-executor-thread-16780#
[XS2BuildCloudDeployModelStep] Service keys to create: {
  "northwind_html_repo_runtime" : [ ]
}#
#2026 04 03 00:44:26.932#Z#DEBUG#43cf567e-2ef6-11f1-97d1-eeee0a988538.OPERATION#flowable-async-job-executor-thread-16780#
[XS2BuildCloudDeployModelStep] Modules to deploy: [{
  "majorSchemaVersion" : 3,
  "name" : "northwind-fiori-app",
  "type" : "javascript.nodejs",
  "path" : "northwind-fiori-app",
  "properties" : { },
  "parameters" : {
    "default-url" : "https://1c5022fatrial-dev-ym-northwind-fiori-app.cfapps.us10-001.hana.ondemand.com",
    "default-app-name" : "northwind-fiori-app",
    "generated-password" : "********",
    "default-live-url" : "https://1c5022fatrial-dev-ym-northwind-fiori-app.cfapps.us10-001.hana.ondemand.com",
    "default-uri" : "1c5022fatrial-dev-ym-northwind-fiori-app.cfapps.us10-001.hana.ondemand.com",
    "default-instances" : 1,
    "default-live-host" : "1c5022fatrial-dev-ym-northwind-fiori-app",
    "instances" : 1,
    "default-host" : "1c5022fatrial-dev-ym-northwind-fiori-app",
    "app-name" : "northwind-fiori-app",
    "default-live-uri" : "1c5022fatrial-dev-ym-northwind-fiori-app.cfapps.us10-001.hana.ondemand.com",
    "protocol" : "https",
    "default-live-app-name" : "northwind-fiori-app",
    "default-live-domain" : "cfapps.us10-001.hana.ondemand.com",
    "dependency-type" : "soft",
    "domain" : "cfapps.us10-001.hana.ondemand.com",
    "host" : "1c5022fatrial-dev-ym-northwind-fiori-app",
    "generated-user" : "********"
  },
  "requiredDependencies" : [ ],
  "providedDependencies" : [ {
    "majorSchemaVersion" : 3,
    "name" : "northwind-fiori-app",
    "isPublic" : false,
    "properties" : { },
    "parameters" : { },
    "propertiesMetadata" : {
      "metadata" : { }
    },
    "parametersMetadata" : {
      "metadata" : { }
    }
  } ],
  "propertiesMetadata" : {
    "metadata" : { }
  },
  "parametersMetadata" : {
    "metadata" : { }
  },
  "hooks" : [ ]
}, {
  "majorSchemaVersion" : 3,
  "name" : "northwind-approuter",
  "type" : "javascript.nodejs",
  "path" : "northwind-approuter",
  "properties" : { },
  "parameters" : {
    "default-url" : "https://1c5022fatrial-dev-ym-northwind-approuter.cfapps.us10-001.hana.ondemand.com",
    "default-app-name" : "northwind-approuter",
    "generated-password" : "********",
    "default-live-url" : "https://1c5022fatrial-dev-ym-northwind-approuter.cfapps.us10-001.hana.ondemand.com",
    "default-uri" : "1c5022fatrial-dev-ym-northwind-approuter.cfapps.us10-001.hana.ondemand.com",
    "default-instances" : 1,
    "default-live-host" : "1c5022fatrial-dev-ym-northwind-approuter",
    "instances" : 1,
    "default-host" : "1c5022fatrial-dev-ym-northwind-approuter",
    "app-name" : "northwind-approuter",
    "default-live-uri" : "1c5022fatrial-dev-ym-northwind-approuter.cfapps.us10-001.hana.ondemand.com",
    "protocol" : "https",
    "default-live-app-name" : "northwind-approuter",
    "default-live-domain" : "cfapps.us10-001.hana.ondemand.com",
    "dependency-type" : "soft",
    "domain" : "cfapps.us10-001.hana.ondemand.com",
    "host" : "1c5022fatrial-dev-ym-northwind-approuter",
    "generated-user" : "********"
  },
  "requiredDependencies" : [ {
    "majorSchemaVersion" : 3,
    "name" : "northwind_html_repo_runtime",
    "properties" : { },
    "parameters" : { },
    "propertiesMetadata" : {
      "metadata" : { }
    },
    "parametersMetadata" : {
      "metadata" : { }
    }
  } ],
  "providedDependencies" : [ {
    "majorSchemaVersion" : 3,
    "name" : "northwind-approuter",
    "isPublic" : false,
    "properties" : { },
    "parameters" : { },
    "propertiesMetadata" : {
      "metadata" : { }
    },
    "parametersMetadata" : {
      "metadata" : { }
    }
  } ],
  "propertiesMetadata" : {
    "metadata" : { }
  },
  "parametersMetadata" : {
    "metadata" : { }
  },
  "hooks" : [ ]
}]#
#2026 04 03 00:44:26.932#Z#DEBUG#43cf567e-2ef6-11f1-97d1-eeee0a988538.OPERATION#flowable-async-job-executor-thread-16780#
[XS2BuildCloudDeployModelStep] Custom domains: []#
#2026 04 03 00:44:26.934#Z#DEBUG#43cf567e-2ef6-11f1-97d1-eeee0a988538.OPERATION#flowable-async-job-executor-thread-16780#
[XS2BuildCloudDeployModelStep] Calculating resource batches...#
#2026 04 03 00:44:26.934#Z#DEBUG#43cf567e-2ef6-11f1-97d1-eeee0a988538.OPERATION#flowable-async-job-executor-thread-16780#
[XS2BuildCloudDeployModelStep] Calculating resource batches completed.#
#2026 04 03 00:44:26.934#Z#DEBUG#43cf567e-2ef6-11f1-97d1-eeee0a988538.OPERATION#flowable-async-job-executor-thread-16780#
[XS2BuildCloudDeployModelStep] Cloud deployment model built#
#2026 04 03 00:44:26.934#Z#DEBUG#43cf567e-2ef6-11f1-97d1-eeee0a988538.OPERATION#flowable-async-job-executor-thread-16780#
Step "Build Deploy Model" finished#
#2026 04 03 00:44:26.966#Z#DEBUG#43cf567e-2ef6-11f1-97d1-eeee0a988538.OPERATION#flowable-async-job-executor-thread-16787#
[BuildCloudUndeployModelStep] Executing task "buildUndeployModelTask" of process "43cf56a4-2ef6-11f1-97d1-eeee0a988538"...#
#2026 04 03 00:44:26.967#Z#DEBUG#43cf567e-2ef6-11f1-97d1-eeee0a988538.OPERATION#flowable-async-job-executor-thread-16787#
[BuildCloudUndeployModelStep] Building cloud undeployment model...#
#2026 04 03 00:44:26.968#Z#DEBUG#43cf567e-2ef6-11f1-97d1-eeee0a988538.OPERATION#flowable-async-job-executor-thread-16787#
[BuildCloudUndeployModelStep] Detecting service keys to delete.#
#2026 04 03 00:44:26.969#Z#DEBUG#43cf567e-2ef6-11f1-97d1-eeee0a988538.OPERATION#flowable-async-job-executor-thread-16787#
[BuildCloudUndeployModelStep] No deployed service keys detected!#
#2026 04 03 00:44:26.969#Z#DEBUG#43cf567e-2ef6-11f1-97d1-eeee0a988538.OPERATION#flowable-async-job-executor-thread-16787#
[BuildCloudUndeployModelStep] Detected service keys to delete "[]"#
#2026 04 03 00:44:26.972#Z#DEBUG#43cf567e-2ef6-11f1-97d1-eeee0a988538.OPERATION#flowable-async-job-executor-thread-16787#
[BuildCloudUndeployModelStep] MTA modules: [northwind-approuter, northwind-fiori-app]#
#2026 04 03 00:44:26.972#Z#DEBUG#43cf567e-2ef6-11f1-97d1-eeee0a988538.OPERATION#flowable-async-job-executor-thread-16787#
[BuildCloudUndeployModelStep] Modules to undeploy: [ ]#
#2026 04 03 00:44:26.972#Z#DEBUG#43cf567e-2ef6-11f1-97d1-eeee0a988538.OPERATION#flowable-async-job-executor-thread-16787#
[BuildCloudUndeployModelStep] Modules that won't be changed: [ ]#
#2026 04 03 00:44:26.973#Z#DEBUG#43cf567e-2ef6-11f1-97d1-eeee0a988538.OPERATION#flowable-async-job-executor-thread-16787#
[BuildCloudUndeployModelStep] Subscriptions to delete: [ ]#
#2026 04 03 00:44:26.974#Z#DEBUG#43cf567e-2ef6-11f1-97d1-eeee0a988538.OPERATION#flowable-async-job-executor-thread-16787#
[BuildCloudUndeployModelStep] Cloud services to delete: []#
#2026 04 03 00:44:26.974#Z#DEBUG#43cf567e-2ef6-11f1-97d1-eeee0a988538.OPERATION#flowable-async-job-executor-thread-16787#
[BuildCloudUndeployModelStep] Cloud applications to undeploy: [ ]#
#2026 04 03 00:44:26.975#Z#DEBUG#43cf567e-2ef6-11f1-97d1-eeee0a988538.OPERATION#flowable-async-job-executor-thread-16787#
[BuildCloudUndeployModelStep] Cloud undeployment model built#
#2026 04 03 00:44:26.975#Z#DEBUG#43cf567e-2ef6-11f1-97d1-eeee0a988538.OPERATION#flowable-async-job-executor-thread-16787#
Step "Build Undeploy Model" finished#
#2026 04 03 00:44:27.005#Z#DEBUG#43cf567e-2ef6-11f1-97d1-eeee0a988538.OPERATION#flowable-async-job-executor-thread-16787#
[AddDomainsStep] Executing task "addDomainsTask" of process "43cf56a4-2ef6-11f1-97d1-eeee0a988538"...#
#2026 04 03 00:44:27.007#Z#DEBUG#43cf567e-2ef6-11f1-97d1-eeee0a988538.OPERATION#flowable-async-job-executor-thread-16787#
[AddDomainsStep] Custom domains: []#
#2026 04 03 00:44:27.007#Z#DEBUG#43cf567e-2ef6-11f1-97d1-eeee0a988538.OPERATION#flowable-async-job-executor-thread-16787#
Step "Add Domains" finished#
#2026 04 03 00:44:27.108#Z#DEBUG#43cf567e-2ef6-11f1-97d1-eeee0a988538.OPERATION#flowable-async-job-executor-thread-16781#
[ExtractBatchedServicesWithResolvedDynamicParametersStep] Executing task "prepareModulesDeploymentTask" of process "4474496b-2ef6-11f1-97d1-eeee0a988538"...#
#2026 04 03 00:44:27.108#Z#DEBUG#43cf567e-2ef6-11f1-97d1-eeee0a988538.OPERATION#flowable-async-job-executor-thread-16781#
[ExtractBatchedServicesWithResolvedDynamicParametersStep] Extracting services and resolving dynamic parameters from batch#
#2026 04 03 00:44:27.109#Z#DEBUG#43cf567e-2ef6-11f1-97d1-eeee0a988538.OPERATION#flowable-async-job-executor-thread-16781#
[ExtractBatchedServicesWithResolvedDynamicParametersStep] Services to create: [ {
  "isOptional" : false,
  "isManaged" : true,
  "name" : "northwind_html_repo_runtime",
  "v3Metadata" : {
    "annotations" : {
      "mta_id" : "northwind-fiori-app",
      "mta_version" : "1.0.0",
      "mta_resource" : "{\"name\":\"northwind_html_repo_runtime\"}"
    },
    "labels" : {
      "mta_id" : "0267f644ec1250b689ab674f59c72f9b"
    }
  },
  "label" : "html5-apps-repo",
  "plan" : "app-runtime",
  "credentials" : "********",
  "tags" : [ ],
  "type" : "managed",
  "resourceName" : "northwind_html_repo_runtime",
  "shouldSkipParametersUpdate" : false,
  "shouldSkipPlanUpdate" : false,
  "shouldSkipTagsUpdate" : false,
  "shouldSkipSyslogUrlUpdate" : false
} ]#
#2026 04 03 00:44:27.110#Z#DEBUG#43cf567e-2ef6-11f1-97d1-eeee0a988538.OPERATION#flowable-async-job-executor-thread-16781#
Step "Extract Services with Resolved Dynamic parameters from batch" finished#
#2026 04 03 00:44:27.186#Z#DEBUG#43cf567e-2ef6-11f1-97d1-eeee0a988538.OPERATION#flowable-async-job-executor-thread-16781#
[CheckServiceOperationStateStep] Executing task "CheckServiceOperationStateTask" of process "4482a184-2ef6-11f1-97d1-eeee0a988538"...#
#2026 04 03 00:44:27.187#Z#DEBUG#43cf567e-2ef6-11f1-97d1-eeee0a988538.OPERATION#flowable-async-job-executor-thread-16781#
[CheckServiceOperationStateStep] Getting service instance "northwind_html_repo_runtime"...#
#2026 04 03 00:44:27.340#Z#DEBUG#43cf567e-2ef6-11f1-97d1-eeee0a988538.OPERATION#flowable-async-job-executor-thread-16781#
Step "Check for service operations in Progress" finished#
#2026 04 03 00:44:27.366#Z#DEBUG#43cf567e-2ef6-11f1-97d1-eeee0a988538.OPERATION#flowable-async-job-executor-thread-16781#
[DetermineServiceCreateUpdateServiceActionsStep] Executing task "DetermineServiceCreateUpdateActionsTask" of process "4482a184-2ef6-11f1-97d1-eeee0a988538"...#
#2026 04 03 00:44:27.367#Z#INFO#43cf567e-2ef6-11f1-97d1-eeee0a988538.OPERATION#flowable-async-job-executor-thread-16781#
[DetermineServiceCreateUpdateServiceActionsStep] Processing service "northwind_html_repo_runtime"...#
#2026 04 03 00:44:27.371#Z#DEBUG#43cf567e-2ef6-11f1-97d1-eeee0a988538.OPERATION#flowable-async-job-executor-thread-16781#
[DetermineServiceCreateUpdateServiceActionsStep] Getting service instance "northwind_html_repo_runtime"...#
#2026 04 03 00:44:27.525#Z#DEBUG#43cf567e-2ef6-11f1-97d1-eeee0a988538.OPERATION#flowable-async-job-executor-thread-16781#
[DetermineServiceCreateUpdateServiceActionsStep] Existing service: {
  "name" : "northwind_html_repo_runtime",
  "metadata" : {
    "guid" : "e5243cca-d34e-4d00-8a8e-d878454444fc",
    "createdAt" : [ 2026, 4, 3, 0, 32, 58 ],
    "updatedAt" : [ 2026, 4, 3, 0, 32, 59 ]
  },
  "v3Metadata" : {
    "annotations" : {
      "mta_id" : "northwind-fiori-app",
      "mta_version" : "1.0.0",
      "mta_resource" : "{\"name\":\"northwind_html_repo_runtime\"}"
    },
    "labels" : {
      "mta_id" : "0267f644ec1250b689ab674f59c72f9b"
    }
  },
  "label" : "html5-apps-repo",
  "plan" : "app-runtime",
  "credentials" : "********",
  "tags" : [ ],
  "type" : "managed",
  "lastOperation" : {
    "type" : "CREATE",
    "description" : "",
    "state" : "SUCCEEDED"
  }
}#
#2026 04 03 00:44:27.526#Z#WARN#43cf567e-2ef6-11f1-97d1-eeee0a988538.OPERATION#flowable-async-job-executor-thread-16781#
[DetermineServiceCreateUpdateServiceActionsStep] Service parameters for service "northwind_html_repo_runtime" will not be updated, as the parameters are not defined or empty.#
#2026 04 03 00:44:27.526#Z#DEBUG#43cf567e-2ef6-11f1-97d1-eeee0a988538.OPERATION#flowable-async-job-executor-thread-16781#
Step "Determine update actions" finished#
#2026 04 03 00:44:27.556#Z#DEBUG#43cf567e-2ef6-11f1-97d1-eeee0a988538.OPERATION#flowable-async-job-executor-thread-16788#
[CheckForServiceBindingOrKeyOperationStep] Executing task "CheckForServiceBindingOrKeyCreation" of process "4482a184-2ef6-11f1-97d1-eeee0a988538"...#
#2026 04 03 00:44:27.557#Z#DEBUG#43cf567e-2ef6-11f1-97d1-eeee0a988538.OPERATION#flowable-async-job-executor-thread-16788#
Step "Check for service binding or key creation" finished#
#2026 04 03 00:44:27.727#Z#DEBUG#43cf567e-2ef6-11f1-97d1-eeee0a988538.OPERATION#flowable-async-job-executor-thread-16782#
[PrepareModulesDeploymentStep] Executing task "prepareModulesDeploymentTask" of process "44d3f510-2ef6-11f1-97d1-eeee0a988538"...#
#2026 04 03 00:44:27.727#Z#DEBUG#43cf567e-2ef6-11f1-97d1-eeee0a988538.OPERATION#flowable-async-job-executor-thread-16782#
[PrepareModulesDeploymentStep] Preparing modules deployment...#
#2026 04 03 00:44:27.730#Z#DEBUG#43cf567e-2ef6-11f1-97d1-eeee0a988538.OPERATION#flowable-async-job-executor-thread-16782#
Step "Prepare Modules Deployment" finished#
#2026 04 03 00:44:27.842#Z#DEBUG#43cf567e-2ef6-11f1-97d1-eeee0a988538.OPERATION#flowable-async-job-executor-thread-16782#
[ProcessDescriptorStep] Executing task "reprocessDescriptorTask" of process "44e310e8-2ef6-11f1-97d1-eeee0a988538"...#
#2026 04 03 00:44:27.842#Z#DEBUG#43cf567e-2ef6-11f1-97d1-eeee0a988538.OPERATION#flowable-async-job-executor-thread-16782#
[ProcessDescriptorStep] Resolving properties and parameters in merged descriptor...#
#2026 04 03 00:44:27.844#Z#DEBUG#43cf567e-2ef6-11f1-97d1-eeee0a988538.OPERATION#flowable-async-job-executor-thread-16782#
[ProcessDescriptorStep] Subscriptions: [ ]#
#2026 04 03 00:44:27.848#Z#DEBUG#43cf567e-2ef6-11f1-97d1-eeee0a988538.OPERATION#flowable-async-job-executor-thread-16782#
[ProcessDescriptorStep] MTA modules: [northwind-approuter, northwind-fiori-app]#
#2026 04 03 00:44:27.850#Z#DEBUG#43cf567e-2ef6-11f1-97d1-eeee0a988538.OPERATION#flowable-async-job-executor-thread-16782#
[ProcessDescriptorStep] Resolved deployment descriptor: {
  "majorSchemaVersion" : 3,
  "schemaVersion" : "3.1.0",
  "id" : "northwind-fiori-app",
  "version" : "1.0.0",
  "modules" : [ {
    "majorSchemaVersion" : 3,
    "name" : "northwind-fiori-app",
    "type" : "javascript.nodejs",
    "path" : "northwind-fiori-app",
    "properties" : { },
    "parameters" : {
      "default-url" : "https://1c5022fatrial-dev-ym-northwind-fiori-app.cfapps.us10-001.hana.ondemand.com",
      "default-app-name" : "northwind-fiori-app",
      "generated-password" : "********",
      "default-live-url" : "https://1c5022fatrial-dev-ym-northwind-fiori-app.cfapps.us10-001.hana.ondemand.com",
      "default-uri" : "1c5022fatrial-dev-ym-northwind-fiori-app.cfapps.us10-001.hana.ondemand.com",
      "default-instances" : 1,
      "default-live-host" : "1c5022fatrial-dev-ym-northwind-fiori-app",
      "instances" : 1,
      "default-host" : "1c5022fatrial-dev-ym-northwind-fiori-app",
      "app-name" : "northwind-fiori-app",
      "default-live-uri" : "1c5022fatrial-dev-ym-northwind-fiori-app.cfapps.us10-001.hana.ondemand.com",
      "protocol" : "https",
      "default-live-app-name" : "northwind-fiori-app",
      "default-live-domain" : "cfapps.us10-001.hana.ondemand.com",
      "domain" : "cfapps.us10-001.hana.ondemand.com",
      "host" : "1c5022fatrial-dev-ym-northwind-fiori-app",
      "generated-user" : "********"
    },
    "requiredDependencies" : [ ],
    "providedDependencies" : [ {
      "majorSchemaVersion" : 3,
      "name" : "northwind-fiori-app",
      "isPublic" : false,
      "properties" : { },
      "parameters" : { },
      "propertiesMetadata" : {
        "metadata" : { }
      },
      "parametersMetadata" : {
        "metadata" : { }
      }
    } ],
    "propertiesMetadata" : {
      "metadata" : { }
    },
    "parametersMetadata" : {
      "metadata" : { }
    },
    "hooks" : [ ]
  }, {
    "majorSchemaVersion" : 3,
    "name" : "northwind-approuter",
    "type" : "javascript.nodejs",
    "path" : "northwind-approuter",
    "properties" : { },
    "parameters" : {
      "default-url" : "https://1c5022fatrial-dev-ym-northwind-approuter.cfapps.us10-001.hana.ondemand.com",
      "default-app-name" : "northwind-approuter",
      "generated-password" : "********",
      "default-live-url" : "https://1c5022fatrial-dev-ym-northwind-approuter.cfapps.us10-001.hana.ondemand.com",
      "default-uri" : "1c5022fatrial-dev-ym-northwind-approuter.cfapps.us10-001.hana.ondemand.com",
      "default-instances" : 1,
      "default-live-host" : "1c5022fatrial-dev-ym-northwind-approuter",
      "instances" : 1,
      "default-host" : "1c5022fatrial-dev-ym-northwind-approuter",
      "app-name" : "northwind-approuter",
      "default-live-uri" : "1c5022fatrial-dev-ym-northwind-approuter.cfapps.us10-001.hana.ondemand.com",
      "protocol" : "https",
      "default-live-app-name" : "northwind-approuter",
      "default-live-domain" : "cfapps.us10-001.hana.ondemand.com",
      "domain" : "cfapps.us10-001.hana.ondemand.com",
      "host" : "1c5022fatrial-dev-ym-northwind-approuter",
      "generated-user" : "********"
    },
    "requiredDependencies" : [ {
      "majorSchemaVersion" : 3,
      "name" : "northwind_html_repo_runtime",
      "properties" : { },
      "parameters" : { },
      "propertiesMetadata" : {
        "metadata" : { }
      },
      "parametersMetadata" : {
        "metadata" : { }
      }
    } ],
    "providedDependencies" : [ {
      "majorSchemaVersion" : 3,
      "name" : "northwind-approuter",
      "isPublic" : false,
      "properties" : { },
      "parameters" : { },
      "propertiesMetadata" : {
        "metadata" : { }
      },
      "parametersMetadata" : {
        "metadata" : { }
      }
    } ],
    "propertiesMetadata" : {
      "metadata" : { }
    },
    "parametersMetadata" : {
      "metadata" : { }
    },
    "hooks" : [ ]
  } ],
  "resources" : [ {
    "majorSchemaVersion" : 3,
    "name" : "northwind_html_repo_runtime",
    "type" : "org.cloudfoundry.managed-service",
    "properties" : { },
    "parameters" : {
      "generated-password" : "********",
      "service-name" : "northwind_html_repo_runtime",
      "service-plan" : "app-runtime",
      "service" : "html5-apps-repo",
      "generated-user" : "********",
      "default-xsappname" : "northwind_html_repo_runtime",
      "type" : "managed-service",
      "default-service-name" : "northwind_html_repo_runtime",
      "default-container-name" : "1C5022FATRIAL_DEV_YM_NORTHWIND_HTML_REPO_RUNTIME"
    },
    "isActive" : true,
    "isOptional" : false,
    "propertiesMetadata" : {
      "metadata" : { }
    },
    "parametersMetadata" : {
      "metadata" : { }
    },
    "requiredDependencies" : [ ],
    "processedAfter" : [ ]
  } ],
  "parameters" : {
    "mta-id" : "northwind-fiori-app",
    "authorization-url" : "********",
    "org-guid" : "8d4a3a9a-adf3-4c84-a049-f561b1bb9e1f",
    "org" : "1c5022fatrial",
    "deploy-target" : "1c5022fatrial Dev_YM",
    "region-primary-domain" : "us10.hana.ondemand.com",
    "space" : "Dev_YM",
    "region-domain" : "us10-001.hana.ondemand.com",
    "xs-api-url" : "https://api.cf.us10-001.hana.ondemand.com",
    "deploy-url" : "deploy-service.cfapps.us10-001.hana.ondemand.com",
    "xs-type" : "CF",
    "default-domain" : "cfapps.us10-001.hana.ondemand.com",
    "mta-version" : "1.0.0",
    "xs-auth-url" : "********",
    "space-guid" : "b93a104c-bf2c-4338-bd59-edd1e2326866",
    "user" : "********",
    "controller-url" : "https://api.cf.us10-001.hana.ondemand.com",
    "timestamp" : "20260403004425"
  },
  "parametersMetadata" : {
    "metadata" : { }
  }
}#
#2026 04 03 00:44:27.850#Z#DEBUG#43cf567e-2ef6-11f1-97d1-eeee0a988538.OPERATION#flowable-async-job-executor-thread-16782#
[ProcessDescriptorStep] Merged descriptor properties and parameters resolved#
#2026 04 03 00:44:27.850#Z#DEBUG#43cf567e-2ef6-11f1-97d1-eeee0a988538.OPERATION#flowable-async-job-executor-thread-16782#
Step "Re-Process Descriptor Step" finished#
#2026 04 03 00:44:27.873#Z#DEBUG#43cf567e-2ef6-11f1-97d1-eeee0a988538.OPERATION#flowable-async-job-executor-thread-16782#
[BuildApplicationDeployModelStep] Executing task "buildApplicationDeployModelTask" of process "44e310e8-2ef6-11f1-97d1-eeee0a988538"...#
#2026 04 03 00:44:27.874#Z#DEBUG#43cf567e-2ef6-11f1-97d1-eeee0a988538.OPERATION#flowable-async-job-executor-thread-16782#
[BuildApplicationDeployModelStep] Building cloud deployment model for application "northwind-fiori-app"...#
#2026 04 03 00:44:27.876#Z#DEBUG#43cf567e-2ef6-11f1-97d1-eeee0a988538.OPERATION#flowable-async-job-executor-thread-16782#
[BuildApplicationDeployModelStep] No health-check-type is specified. Setting default type: port#
#2026 04 03 00:44:27.877#Z#INFO#43cf567e-2ef6-11f1-97d1-eeee0a988538.OPERATION#flowable-async-job-executor-thread-16782#
[BuildApplicationDeployModelStep] Building configuration entries for org 1c5022fatrial, space Dev_YM, spaceId b93a104c-bf2c-4338-bd59-edd1e2326866 and namespace null!#
#2026 04 03 00:44:27.877#Z#DEBUG#43cf567e-2ef6-11f1-97d1-eeee0a988538.OPERATION#flowable-async-job-executor-thread-16782#
[BuildApplicationDeployModelStep] Configuration entries to publish: [ ]#
#2026 04 03 00:44:27.877#Z#DEBUG#43cf567e-2ef6-11f1-97d1-eeee0a988538.OPERATION#flowable-async-job-executor-thread-16782#
[BuildApplicationDeployModelStep] Cloud deployment model for application built#
#2026 04 03 00:44:27.877#Z#DEBUG#43cf567e-2ef6-11f1-97d1-eeee0a988538.OPERATION#flowable-async-job-executor-thread-16782#
Step "Build Application Deploy Model" finished#
#2026 04 03 00:44:27.908#Z#DEBUG#43cf567e-2ef6-11f1-97d1-eeee0a988538.OPERATION#flowable-async-job-executor-thread-16782#
[CreateOrUpdateAppStep] Executing task "createAppTask" of process "44e310e8-2ef6-11f1-97d1-eeee0a988538"...#
#2026 04 03 00:44:27.909#Z#DEBUG#43cf567e-2ef6-11f1-97d1-eeee0a988538.OPERATION#flowable-async-job-executor-thread-16782#
[CreateOrUpdateAppStep] Getting application "northwind-fiori-app"...#
#2026 04 03 00:44:27.962#Z#INFO#43cf567e-2ef6-11f1-97d1-eeee0a988538.OPERATION#flowable-async-job-executor-thread-16782#
[CreateOrUpdateAppStep] Updating application "northwind-fiori-app"...#
#2026 04 03 00:44:27.967#Z#DEBUG#43cf567e-2ef6-11f1-97d1-eeee0a988538.OPERATION#flowable-async-job-executor-thread-16782#
[CreateOrUpdateAppStep] Getting process for application "24054a82-3d8c-4b35-b5f1-8629d0bb909e"...#
#2026 04 03 00:44:28.006#Z#DEBUG#43cf567e-2ef6-11f1-97d1-eeee0a988538.OPERATION#flowable-async-job-executor-thread-16782#
[CreateOrUpdateAppStep] Getting routes for application "24054a82-3d8c-4b35-b5f1-8629d0bb909e"...#
#2026 04 03 00:44:28.058#Z#DEBUG#43cf567e-2ef6-11f1-97d1-eeee0a988538.OPERATION#flowable-async-job-executor-thread-16782#
[CreateOrUpdateAppStep] Getting features for application "24054a82-3d8c-4b35-b5f1-8629d0bb909e"#
#2026 04 03 00:44:28.088#Z#DEBUG#43cf567e-2ef6-11f1-97d1-eeee0a988538.OPERATION#flowable-async-job-executor-thread-16782#
[CreateOrUpdateAppStep] Updating staging of application "northwind-fiori-app" to: {
  "isReadinessHealthCheckEnabled" : true,
  "buildpacks" : [ ],
  "healthCheckType" : "port",
  "appFeatures" : { }
}#
#2026 04 03 00:44:28.297#Z#DEBUG#43cf567e-2ef6-11f1-97d1-eeee0a988538.OPERATION#flowable-async-job-executor-thread-16782#
[CreateOrUpdateAppStep] Application "northwind-fiori-app" updated#
#2026 04 03 00:44:28.297#Z#DEBUG#43cf567e-2ef6-11f1-97d1-eeee0a988538.OPERATION#flowable-async-job-executor-thread-16782#
[CreateOrUpdateAppStep] Getting environment of application "24054a82-3d8c-4b35-b5f1-8629d0bb909e"...#
#2026 04 03 00:44:28.361#Z#DEBUG#43cf567e-2ef6-11f1-97d1-eeee0a988538.OPERATION#flowable-async-job-executor-thread-16782#
[CreateOrUpdateAppStep] Application "northwind-fiori-app" updated#
#2026 04 03 00:44:28.361#Z#DEBUG#43cf567e-2ef6-11f1-97d1-eeee0a988538.OPERATION#flowable-async-job-executor-thread-16782#
Step "Create App" finished#
#2026 04 03 00:44:28.398#Z#DEBUG#43cf567e-2ef6-11f1-97d1-eeee0a988538.OPERATION#flowable-async-job-executor-thread-16782#
[UploadAppStep] Executing task "uploadAppTask" of process "44e310e8-2ef6-11f1-97d1-eeee0a988538"...#
#2026 04 03 00:44:28.399#Z#DEBUG#43cf567e-2ef6-11f1-97d1-eeee0a988538.OPERATION#flowable-async-job-executor-thread-16782#
[UploadAppStep] Application upload timeout is default one: 3,600 seconds#
#2026 04 03 00:44:28.399#Z#INFO#43cf567e-2ef6-11f1-97d1-eeee0a988538.OPERATION#flowable-async-job-executor-thread-16782#
[UploadAppStep] Uploading application "northwind-fiori-app"...#
#2026 04 03 00:44:28.403#Z#DEBUG#43cf567e-2ef6-11f1-97d1-eeee0a988538.OPERATION#flowable-async-job-executor-thread-16782#
[UploadAppStep] Getting application "northwind-fiori-app"...#
#2026 04 03 00:44:28.456#Z#DEBUG#43cf567e-2ef6-11f1-97d1-eeee0a988538.OPERATION#flowable-async-job-executor-thread-16782#
[UploadAppStep] Getting environment of application "24054a82-3d8c-4b35-b5f1-8629d0bb909e"...#
#2026 04 03 00:44:28.493#Z#INFO#43cf567e-2ef6-11f1-97d1-eeee0a988538.OPERATION#flowable-async-job-executor-thread-16782#
[UploadAppStep] Calculating application digest: "northwind-fiori-app"#
#2026 04 03 00:44:28.522#Z#DEBUG#43cf567e-2ef6-11f1-97d1-eeee0a988538.OPERATION#flowable-async-job-executor-thread-16782#
Step "Upload App" finished#
#2026 04 03 00:44:40.998#Z#DEBUG#43cf567e-2ef6-11f1-97d1-eeee0a988538.OPERATION#flowable-async-job-executor-thread-16790#
[UploadAppStep] Executing task "uploadAppTask" of process "44e310e8-2ef6-11f1-97d1-eeee0a988538"...#
#2026 04 03 00:44:40.999#Z#DEBUG#43cf567e-2ef6-11f1-97d1-eeee0a988538.OPERATION#flowable-async-job-executor-thread-16790#
[UploadAppStep] Application upload timeout is default one: 3,600 seconds#
#2026 04 03 00:44:41.000#Z#DEBUG#43cf567e-2ef6-11f1-97d1-eeee0a988538.OPERATION#pool-21-thread-2#
[UploadAppStep] Upload of application: northwind-fiori-app started on instance: 0#
#2026 04 03 00:44:41.000#Z#DEBUG#43cf567e-2ef6-11f1-97d1-eeee0a988538.OPERATION#pool-21-thread-2#
[UploadAppStep] Uploading file "northwind-fiori-app/dist/data.zip" for application "northwind-fiori-app"#
#2026 04 03 00:44:41.062#Z#INFO#43cf567e-2ef6-11f1-97d1-eeee0a988538.OPERATION#pool-21-thread-2#
[UploadAppStep] Time elapsed for app binary download: 61 in millis#
#2026 04 03 00:44:41.062#Z#INFO#43cf567e-2ef6-11f1-97d1-eeee0a988538.OPERATION#pool-21-thread-2#
[UploadAppStep] Size of app northwind-fiori-app is 9,601 bytes#
#2026 04 03 00:44:41.062#Z#DEBUG#43cf567e-2ef6-11f1-97d1-eeee0a988538.OPERATION#pool-21-thread-2#
[UploadAppStep] Asynchronously uploading binaries for application "northwind-fiori-app"...#
#2026 04 03 00:44:41.261#Z#INFO#43cf567e-2ef6-11f1-97d1-eeee0a988538.OPERATION#pool-21-thread-2#
[UploadAppStep] Started async upload of application "northwind-fiori-app"#
#2026 04 03 00:44:41.266#Z#INFO#43cf567e-2ef6-11f1-97d1-eeee0a988538.OPERATION#flowable-async-job-executor-thread-16790#
[UploadAppStep] Time elapsed for upload: 267 in millis#
#2026 04 03 00:44:41.267#Z#DEBUG#43cf567e-2ef6-11f1-97d1-eeee0a988538.OPERATION#flowable-async-job-executor-thread-16790#
[UploadAppStep] Getting application "northwind-fiori-app"...#
#2026 04 03 00:44:41.289#Z#DEBUG#43cf567e-2ef6-11f1-97d1-eeee0a988538.OPERATION#App upload monitor: a86ca176-2f8a-43e4-b147-2e5fe71ed760#
[UploadAppStep] Upload status: PROCESSING_UPLOAD#
#2026 04 03 00:44:41.313#Z#DEBUG#43cf567e-2ef6-11f1-97d1-eeee0a988538.OPERATION#flowable-async-job-executor-thread-16790#
[UploadAppStep] Getting environment of application "24054a82-3d8c-4b35-b5f1-8629d0bb909e"...#
#2026 04 03 00:44:41.356#Z#DEBUG#43cf567e-2ef6-11f1-97d1-eeee0a988538.OPERATION#flowable-async-job-executor-thread-16790#
[UploadAppStep] Updating environment of application "northwind-fiori-app"#
#2026 04 03 00:44:41.457#Z#DEBUG#43cf567e-2ef6-11f1-97d1-eeee0a988538.OPERATION#flowable-async-job-executor-thread-16790#
Step "Upload App" finished#
#2026 04 03 00:44:46.330#Z#DEBUG#43cf567e-2ef6-11f1-97d1-eeee0a988538.OPERATION#App upload monitor: a86ca176-2f8a-43e4-b147-2e5fe71ed760#
[UploadAppStep] Upload status: READY#
#2026 04 03 00:44:51.005#Z#DEBUG#43cf567e-2ef6-11f1-97d1-eeee0a988538.OPERATION#flowable-async-job-executor-thread-16792#
[UploadAppStep] Executing task "uploadAppTask" of process "44e310e8-2ef6-11f1-97d1-eeee0a988538"...#
#2026 04 03 00:44:51.006#Z#DEBUG#43cf567e-2ef6-11f1-97d1-eeee0a988538.OPERATION#flowable-async-job-executor-thread-16792#
[UploadAppStep] Application upload timeout is default one: 3,600 seconds#
#2026 04 03 00:44:51.006#Z#DEBUG#43cf567e-2ef6-11f1-97d1-eeee0a988538.OPERATION#flowable-async-job-executor-thread-16792#
[UploadAppStep] Checking upload status of application "northwind-fiori-app"...#
#2026 04 03 00:44:51.006#Z#DEBUG#43cf567e-2ef6-11f1-97d1-eeee0a988538.OPERATION#flowable-async-job-executor-thread-16792#
[UploadAppStep] Getting package "a86ca176-2f8a-43e4-b147-2e5fe71ed760"...#
#2026 04 03 00:44:51.036#Z#DEBUG#43cf567e-2ef6-11f1-97d1-eeee0a988538.OPERATION#flowable-async-job-executor-thread-16792#
[UploadAppStep] Application "northwind-fiori-app" uploaded#
#2026 04 03 00:44:51.037#Z#DEBUG#43cf567e-2ef6-11f1-97d1-eeee0a988538.OPERATION#flowable-async-job-executor-thread-16792#
Step "Upload App" finished#
#2026 04 03 00:44:51.060#Z#DEBUG#43cf567e-2ef6-11f1-97d1-eeee0a988538.OPERATION#flowable-async-job-executor-thread-16793#
[ScaleAppStep] Executing task "scaleAppTask" of process "44e310e8-2ef6-11f1-97d1-eeee0a988538"...#
#2026 04 03 00:44:51.062#Z#DEBUG#43cf567e-2ef6-11f1-97d1-eeee0a988538.OPERATION#flowable-async-job-executor-thread-16793#
[ScaleAppStep] Scaling application "northwind-fiori-app"...#
#2026 04 03 00:44:51.062#Z#DEBUG#43cf567e-2ef6-11f1-97d1-eeee0a988538.OPERATION#flowable-async-job-executor-thread-16793#
[ScaleAppStep] Getting application guid "northwind-fiori-app"...#
#2026 04 03 00:44:51.108#Z#DEBUG#43cf567e-2ef6-11f1-97d1-eeee0a988538.OPERATION#flowable-async-job-executor-thread-16793#
[ScaleAppStep] Getting process for application "24054a82-3d8c-4b35-b5f1-8629d0bb909e"...#
#2026 04 03 00:44:51.140#Z#DEBUG#43cf567e-2ef6-11f1-97d1-eeee0a988538.OPERATION#flowable-async-job-executor-thread-16793#
[ScaleAppStep] Application "northwind-fiori-app" scaled#
#2026 04 03 00:44:51.140#Z#DEBUG#43cf567e-2ef6-11f1-97d1-eeee0a988538.OPERATION#flowable-async-job-executor-thread-16793#
Step "Scale App" finished#
#2026 04 03 00:44:51.163#Z#DEBUG#43cf567e-2ef6-11f1-97d1-eeee0a988538.OPERATION#flowable-async-job-executor-thread-16794#
[DetermineDesiredStateAchievingActionsStep] Executing task "determineDesiredStateAchievingActionsTask" of process "44e310e8-2ef6-11f1-97d1-eeee0a988538"...#
#2026 04 03 00:44:51.164#Z#DEBUG#43cf567e-2ef6-11f1-97d1-eeee0a988538.OPERATION#flowable-async-job-executor-thread-16794#
[DetermineDesiredStateAchievingActionsStep] Getting application "northwind-fiori-app"...#
#2026 04 03 00:44:51.212#Z#DEBUG#43cf567e-2ef6-11f1-97d1-eeee0a988538.OPERATION#flowable-async-job-executor-thread-16794#
[DetermineDesiredStateAchievingActionsStep] Getting instances for application "northwind-fiori-app"...#
#2026 04 03 00:44:51.212#Z#DEBUG#43cf567e-2ef6-11f1-97d1-eeee0a988538.OPERATION#flowable-async-job-executor-thread-16794#
[DetermineDesiredStateAchievingActionsStep] Getting environment of application "24054a82-3d8c-4b35-b5f1-8629d0bb909e"...#
#2026 04 03 00:44:51.256#Z#DEBUG#43cf567e-2ef6-11f1-97d1-eeee0a988538.OPERATION#flowable-async-job-executor-thread-16794#
[DetermineDesiredStateAchievingActionsStep] Current state of application northwind-fiori-app: STOPPED#
#2026 04 03 00:44:51.256#Z#DEBUG#43cf567e-2ef6-11f1-97d1-eeee0a988538.OPERATION#flowable-async-job-executor-thread-16794#
[DetermineDesiredStateAchievingActionsStep] Desired state of application northwind-fiori-app: STARTED#
#2026 04 03 00:44:51.256#Z#DEBUG#43cf567e-2ef6-11f1-97d1-eeee0a988538.OPERATION#flowable-async-job-executor-thread-16794#
[DetermineDesiredStateAchievingActionsStep] Actions that should be executed on application northwind-fiori-app: [STAGE, START]#
#2026 04 03 00:44:51.256#Z#DEBUG#43cf567e-2ef6-11f1-97d1-eeee0a988538.OPERATION#flowable-async-job-executor-thread-16794#
Step "Determine Desired State Achieving Actions" finished#
#2026 04 03 00:44:51.281#Z#DEBUG#43cf567e-2ef6-11f1-97d1-eeee0a988538.OPERATION#flowable-async-job-executor-thread-16795#
[StageAppStep] Executing task "stageAppTask" of process "44e310e8-2ef6-11f1-97d1-eeee0a988538"...#
#2026 04 03 00:44:51.281#Z#DEBUG#43cf567e-2ef6-11f1-97d1-eeee0a988538.OPERATION#flowable-async-job-executor-thread-16795#
[StageAppStep] Application stage timeout is default one: 3,600 seconds#
#2026 04 03 00:44:51.282#Z#INFO#43cf567e-2ef6-11f1-97d1-eeee0a988538.OPERATION#flowable-async-job-executor-thread-16795#
[StageAppStep] Staging application "northwind-fiori-app"...#
#2026 04 03 00:44:51.286#Z#DEBUG#43cf567e-2ef6-11f1-97d1-eeee0a988538.OPERATION#flowable-async-job-executor-thread-16795#
[StageAppStep] Creating build for package "a86ca176-2f8a-43e4-b147-2e5fe71ed760"...#
#2026 04 03 00:44:51.847#Z#DEBUG#43cf567e-2ef6-11f1-97d1-eeee0a988538.OPERATION#flowable-async-job-executor-thread-16795#
Step "Stage App" finished#
#2026 04 03 00:45:01.021#Z#DEBUG#43cf567e-2ef6-11f1-97d1-eeee0a988538.OPERATION#flowable-async-job-executor-thread-16797#
[StageAppStep] Executing task "stageAppTask" of process "44e310e8-2ef6-11f1-97d1-eeee0a988538"...#
#2026 04 03 00:45:01.022#Z#DEBUG#43cf567e-2ef6-11f1-97d1-eeee0a988538.OPERATION#flowable-async-job-executor-thread-16797#
[StageAppStep] Application stage timeout is default one: 3,600 seconds#
#2026 04 03 00:45:01.023#Z#DEBUG#43cf567e-2ef6-11f1-97d1-eeee0a988538.OPERATION#flowable-async-job-executor-thread-16797#
[StageAppStep] Checking status of application "northwind-fiori-app"...#
#2026 04 03 00:45:01.023#Z#DEBUG#43cf567e-2ef6-11f1-97d1-eeee0a988538.OPERATION#flowable-async-job-executor-thread-16797#
[StageAppStep] Getting build "5aba8880-e5cc-499e-803d-72ae0afe1ec3"...#
#2026 04 03 00:45:01.065#Z#DEBUG#43cf567e-2ef6-11f1-97d1-eeee0a988538.OPERATION#flowable-async-job-executor-thread-16797#
[StageAppStep] Staging status of application "northwind-fiori-app": FAILED#
#2026 04 03 00:45:01.066#Z#DEBUG#43cf567e-2ef6-11f1-97d1-eeee0a988538.OPERATION#flowable-async-job-executor-thread-16797#
[StageAppStep] Getting application guid "northwind-fiori-app"...#
#2026 04 03 00:45:01.243#Z#ERROR#43cf567e-2ef6-11f1-97d1-eeee0a988538.OPERATION#flowable-async-job-executor-thread-16797#
[StageAppStep] Error staging application "northwind-fiori-app": NoAppDetectedError - An app was not successfully detected by any available buildpack
Download the application logs via the dmol command and check them for more information.#
#2026 04 03 00:45:01.247#Z#ERROR#43cf567e-2ef6-11f1-97d1-eeee0a988538.OPERATION#flowable-async-job-executor-thread-16797#
Exception caught#
org.cloudfoundry.multiapps.common.SLException: A step of the process has failed. Retrying it may solve the issue.
	at org.cloudfoundry.multiapps.controller.process.steps.SyncFlowableStep.executeInternal(SyncFlowableStep.java:83)
	at org.cloudfoundry.multiapps.controller.process.steps.SyncFlowableStep.lambda$execute$0(SyncFlowableStep.java:71)
	at org.cloudfoundry.multiapps.controller.core.util.LoggingUtil.logWithCorrelationId(LoggingUtil.java:14)
	at org.cloudfoundry.multiapps.controller.process.steps.SyncFlowableStep.execute(SyncFlowableStep.java:71)
	at org.flowable.engine.impl.delegate.invocation.JavaDelegateInvocation.invoke(JavaDelegateInvocation.java:35)
	at org.flowable.engine.impl.delegate.invocation.DelegateInvocation.proceed(DelegateInvocation.java:32)
	at org.flowable.engine.impl.delegate.invocation.DefaultDelegateInterceptor.handleInvocation(DefaultDelegateInterceptor.java:26)
	at org.flowable.engine.impl.bpmn.behavior.ServiceTaskDelegateExpressionActivityBehavior.execute(ServiceTaskDelegateExpressionActivityBehavior.java:177)
	at org.flowable.engine.impl.agenda.ContinueProcessOperation.executeActivityBehavior(ContinueProcessOperation.java:298)
	at org.flowable.engine.impl.agenda.ContinueProcessOperation.executeSynchronous(ContinueProcessOperation.java:175)
	at org.flowable.engine.impl.agenda.ContinueProcessOperation.continueThroughFlowNode(ContinueProcessOperation.java:125)
	at org.flowable.engine.impl.agenda.ContinueProcessOperation.run(ContinueProcessOperation.java:88)
	at org.flowable.common.engine.impl.AbstractEngineConfiguration.lambda$new$0(AbstractEngineConfiguration.java:198)
	at org.flowable.engine.impl.interceptor.CommandInvoker.executeOperation(CommandInvoker.java:189)
	at org.flowable.engine.impl.interceptor.CommandInvoker.executeOperations(CommandInvoker.java:128)
	at org.flowable.engine.impl.interceptor.CommandInvoker.execute(CommandInvoker.java:80)
	at org.flowable.engine.impl.interceptor.BpmnOverrideContextInterceptor.execute(BpmnOverrideContextInterceptor.java:26)
	at org.flowable.common.engine.impl.interceptor.TransactionContextInterceptor.execute(TransactionContextInterceptor.java:53)
	at org.flowable.common.engine.impl.interceptor.CommandContextInterceptor.execute(CommandContextInterceptor.java:105)
	at org.flowable.common.spring.SpringTransactionInterceptor.lambda$execute$0(SpringTransactionInterceptor.java:57)
	at org.springframework.transaction.support.TransactionTemplate.execute(TransactionTemplate.java:140)
	at org.flowable.common.spring.SpringTransactionInterceptor.execute(SpringTransactionInterceptor.java:57)
	at org.flowable.common.engine.impl.interceptor.LogInterceptor.execute(LogInterceptor.java:30)
	at org.flowable.common.engine.impl.cfg.CommandExecutorImpl.execute(CommandExecutorImpl.java:56)
	at org.flowable.common.engine.impl.cfg.CommandExecutorImpl.execute(CommandExecutorImpl.java:51)
	at org.flowable.job.service.impl.asyncexecutor.ExecuteAsyncRunnable.handleTransactionalJob(ExecuteAsyncRunnable.java:177)
	at org.flowable.job.service.impl.asyncexecutor.ExecuteAsyncRunnable.executeJob(ExecuteAsyncRunnable.java:146)
	at org.flowable.job.service.impl.asyncexecutor.ExecuteAsyncRunnable.runInternally(ExecuteAsyncRunnable.java:122)
	at org.flowable.job.service.impl.asyncexecutor.ExecuteAsyncRunnable.run(ExecuteAsyncRunnable.java:96)
	at java.base/java.util.concurrent.ThreadPoolExecutor.runWorker(ThreadPoolExecutor.java:1090)
	at java.base/java.util.concurrent.ThreadPoolExecutor$Worker.run(ThreadPoolExecutor.java:614)
	at java.base/java.lang.Thread.run(Thread.java:1474)
#2026 04 03 00:45:01.252#Z#DEBUG#43cf567e-2ef6-11f1-97d1-eeee0a988538.OPERATION#flowable-async-job-executor-thread-16797#
Step "Stage App" finished#
#2026 04 03 00:45:02.372#Z#DEBUG#43cf567e-2ef6-11f1-97d1-eeee0a988538.OPERATION#flowable-async-job-executor-thread-16798#
[StageAppStep] Executing task "stageAppTask" of process "44e310e8-2ef6-11f1-97d1-eeee0a988538"...#
#2026 04 03 00:45:02.373#Z#DEBUG#43cf567e-2ef6-11f1-97d1-eeee0a988538.OPERATION#flowable-async-job-executor-thread-16798#
[StageAppStep] Application stage timeout is default one: 3,600 seconds#
#2026 04 03 00:45:02.480#Z#INFO#43cf567e-2ef6-11f1-97d1-eeee0a988538.OPERATION#flowable-async-job-executor-thread-16798#
[StageAppStep] Staging application "northwind-fiori-app"...#
#2026 04 03 00:45:02.485#Z#DEBUG#43cf567e-2ef6-11f1-97d1-eeee0a988538.OPERATION#flowable-async-job-executor-thread-16798#
[StageAppStep] Creating build for package "a86ca176-2f8a-43e4-b147-2e5fe71ed760"...#
#2026 04 03 00:45:03.255#Z#DEBUG#43cf567e-2ef6-11f1-97d1-eeee0a988538.OPERATION#flowable-async-job-executor-thread-16798#
Step "Stage App" finished#
#2026 04 03 00:45:11.019#Z#DEBUG#43cf567e-2ef6-11f1-97d1-eeee0a988538.OPERATION#flowable-async-job-executor-thread-16800#
[StageAppStep] Executing task "stageAppTask" of process "44e310e8-2ef6-11f1-97d1-eeee0a988538"...#
#2026 04 03 00:45:11.020#Z#DEBUG#43cf567e-2ef6-11f1-97d1-eeee0a988538.OPERATION#flowable-async-job-executor-thread-16800#
[StageAppStep] Application stage timeout is default one: 3,600 seconds#
#2026 04 03 00:45:11.021#Z#DEBUG#43cf567e-2ef6-11f1-97d1-eeee0a988538.OPERATION#flowable-async-job-executor-thread-16800#
[StageAppStep] Checking status of application "northwind-fiori-app"...#
#2026 04 03 00:45:11.021#Z#DEBUG#43cf567e-2ef6-11f1-97d1-eeee0a988538.OPERATION#flowable-async-job-executor-thread-16800#
[StageAppStep] Getting build "330098c8-d9e2-4494-9b1c-a36fae6a7a08"...#
#2026 04 03 00:45:11.056#Z#DEBUG#43cf567e-2ef6-11f1-97d1-eeee0a988538.OPERATION#flowable-async-job-executor-thread-16800#
[StageAppStep] Staging status of application "northwind-fiori-app": FAILED#
#2026 04 03 00:45:11.057#Z#DEBUG#43cf567e-2ef6-11f1-97d1-eeee0a988538.OPERATION#flowable-async-job-executor-thread-16800#
[StageAppStep] Getting application guid "northwind-fiori-app"...#
#2026 04 03 00:45:11.255#Z#ERROR#43cf567e-2ef6-11f1-97d1-eeee0a988538.OPERATION#flowable-async-job-executor-thread-16800#
[StageAppStep] Error staging application "northwind-fiori-app": NoAppDetectedError - An app was not successfully detected by any available buildpack
Download the application logs via the dmol command and check them for more information.#
#2026 04 03 00:45:11.259#Z#ERROR#43cf567e-2ef6-11f1-97d1-eeee0a988538.OPERATION#flowable-async-job-executor-thread-16800#
Exception caught#
org.cloudfoundry.multiapps.common.SLException: A step of the process has failed. Retrying it may solve the issue.
	at org.cloudfoundry.multiapps.controller.process.steps.SyncFlowableStep.executeInternal(SyncFlowableStep.java:83)
	at org.cloudfoundry.multiapps.controller.process.steps.SyncFlowableStep.lambda$execute$0(SyncFlowableStep.java:71)
	at org.cloudfoundry.multiapps.controller.core.util.LoggingUtil.logWithCorrelationId(LoggingUtil.java:14)
	at org.cloudfoundry.multiapps.controller.process.steps.SyncFlowableStep.execute(SyncFlowableStep.java:71)
	at org.flowable.engine.impl.delegate.invocation.JavaDelegateInvocation.invoke(JavaDelegateInvocation.java:35)
	at org.flowable.engine.impl.delegate.invocation.DelegateInvocation.proceed(DelegateInvocation.java:32)
	at org.flowable.engine.impl.delegate.invocation.DefaultDelegateInterceptor.handleInvocation(DefaultDelegateInterceptor.java:26)
	at org.flowable.engine.impl.bpmn.behavior.ServiceTaskDelegateExpressionActivityBehavior.execute(ServiceTaskDelegateExpressionActivityBehavior.java:177)
	at org.flowable.engine.impl.agenda.ContinueProcessOperation.executeActivityBehavior(ContinueProcessOperation.java:298)
	at org.flowable.engine.impl.agenda.ContinueProcessOperation.executeSynchronous(ContinueProcessOperation.java:175)
	at org.flowable.engine.impl.agenda.ContinueProcessOperation.continueThroughFlowNode(ContinueProcessOperation.java:125)
	at org.flowable.engine.impl.agenda.ContinueProcessOperation.run(ContinueProcessOperation.java:88)
	at org.flowable.common.engine.impl.AbstractEngineConfiguration.lambda$new$0(AbstractEngineConfiguration.java:198)
	at org.flowable.engine.impl.interceptor.CommandInvoker.executeOperation(CommandInvoker.java:189)
	at org.flowable.engine.impl.interceptor.CommandInvoker.executeOperations(CommandInvoker.java:128)
	at org.flowable.engine.impl.interceptor.CommandInvoker.execute(CommandInvoker.java:80)
	at org.flowable.engine.impl.interceptor.BpmnOverrideContextInterceptor.execute(BpmnOverrideContextInterceptor.java:26)
	at org.flowable.common.engine.impl.interceptor.TransactionContextInterceptor.execute(TransactionContextInterceptor.java:53)
	at org.flowable.common.engine.impl.interceptor.CommandContextInterceptor.execute(CommandContextInterceptor.java:105)
	at org.flowable.common.spring.SpringTransactionInterceptor.lambda$execute$0(SpringTransactionInterceptor.java:57)
	at org.springframework.transaction.support.TransactionTemplate.execute(TransactionTemplate.java:140)
	at org.flowable.common.spring.SpringTransactionInterceptor.execute(SpringTransactionInterceptor.java:57)
	at org.flowable.common.engine.impl.interceptor.LogInterceptor.execute(LogInterceptor.java:30)
	at org.flowable.common.engine.impl.cfg.CommandExecutorImpl.execute(CommandExecutorImpl.java:56)
	at org.flowable.common.engine.impl.cfg.CommandExecutorImpl.execute(CommandExecutorImpl.java:51)
	at org.flowable.job.service.impl.asyncexecutor.ExecuteAsyncRunnable.handleTransactionalJob(ExecuteAsyncRunnable.java:177)
	at org.flowable.job.service.impl.asyncexecutor.ExecuteAsyncRunnable.executeJob(ExecuteAsyncRunnable.java:146)
	at org.flowable.job.service.impl.asyncexecutor.ExecuteAsyncRunnable.runInternally(ExecuteAsyncRunnable.java:122)
	at org.flowable.job.service.impl.asyncexecutor.ExecuteAsyncRunnable.run(ExecuteAsyncRunnable.java:96)
	at java.base/java.util.concurrent.ThreadPoolExecutor.runWorker(ThreadPoolExecutor.java:1090)
	at java.base/java.util.concurrent.ThreadPoolExecutor$Worker.run(ThreadPoolExecutor.java:614)
	at java.base/java.lang.Thread.run(Thread.java:1474)
#2026 04 03 00:45:11.268#Z#DEBUG#43cf567e-2ef6-11f1-97d1-eeee0a988538.OPERATION#flowable-async-job-executor-thread-16800#
Step "Stage App" finished#
#2026 04 03 00:45:11.545#Z#DEBUG#43cf567e-2ef6-11f1-97d1-eeee0a988538.OPERATION#flowable-async-job-executor-thread-16801#
[StageAppStep] Executing task "stageAppTask" of process "44e310e8-2ef6-11f1-97d1-eeee0a988538"...#
#2026 04 03 00:45:11.546#Z#DEBUG#43cf567e-2ef6-11f1-97d1-eeee0a988538.OPERATION#flowable-async-job-executor-thread-16801#
[StageAppStep] Application stage timeout is default one: 3,600 seconds#
#2026 04 03 00:45:11.627#Z#INFO#43cf567e-2ef6-11f1-97d1-eeee0a988538.OPERATION#flowable-async-job-executor-thread-16801#
[StageAppStep] Staging application "northwind-fiori-app"...#
#2026 04 03 00:45:11.631#Z#DEBUG#43cf567e-2ef6-11f1-97d1-eeee0a988538.OPERATION#flowable-async-job-executor-thread-16801#
[StageAppStep] Creating build for package "a86ca176-2f8a-43e4-b147-2e5fe71ed760"...#
#2026 04 03 00:45:12.188#Z#DEBUG#43cf567e-2ef6-11f1-97d1-eeee0a988538.OPERATION#flowable-async-job-executor-thread-16801#
Step "Stage App" finished#
#2026 04 03 00:45:21.031#Z#DEBUG#43cf567e-2ef6-11f1-97d1-eeee0a988538.OPERATION#flowable-async-job-executor-thread-16805#
[StageAppStep] Executing task "stageAppTask" of process "44e310e8-2ef6-11f1-97d1-eeee0a988538"...#
#2026 04 03 00:45:21.032#Z#DEBUG#43cf567e-2ef6-11f1-97d1-eeee0a988538.OPERATION#flowable-async-job-executor-thread-16805#
[StageAppStep] Application stage timeout is default one: 3,600 seconds#
#2026 04 03 00:45:21.032#Z#DEBUG#43cf567e-2ef6-11f1-97d1-eeee0a988538.OPERATION#flowable-async-job-executor-thread-16805#
[StageAppStep] Checking status of application "northwind-fiori-app"...#
#2026 04 03 00:45:21.032#Z#DEBUG#43cf567e-2ef6-11f1-97d1-eeee0a988538.OPERATION#flowable-async-job-executor-thread-16805#
[StageAppStep] Getting build "191f9c8b-d259-451c-97fe-cc285fa6f71b"...#
#2026 04 03 00:45:21.067#Z#DEBUG#43cf567e-2ef6-11f1-97d1-eeee0a988538.OPERATION#flowable-async-job-executor-thread-16805#
[StageAppStep] Staging status of application "northwind-fiori-app": FAILED#
#2026 04 03 00:45:21.068#Z#DEBUG#43cf567e-2ef6-11f1-97d1-eeee0a988538.OPERATION#flowable-async-job-executor-thread-16805#
[StageAppStep] Getting application guid "northwind-fiori-app"...#
#2026 04 03 00:45:21.230#Z#ERROR#43cf567e-2ef6-11f1-97d1-eeee0a988538.OPERATION#flowable-async-job-executor-thread-16805#
[StageAppStep] Error staging application "northwind-fiori-app": NoAppDetectedError - An app was not successfully detected by any available buildpack
Download the application logs via the dmol command and check them for more information.#
#2026 04 03 00:45:21.236#Z#ERROR#43cf567e-2ef6-11f1-97d1-eeee0a988538.OPERATION#flowable-async-job-executor-thread-16805#
Exception caught#
org.cloudfoundry.multiapps.common.SLException: A step of the process has failed. Retrying it may solve the issue.
	at org.cloudfoundry.multiapps.controller.process.steps.SyncFlowableStep.executeInternal(SyncFlowableStep.java:83)
	at org.cloudfoundry.multiapps.controller.process.steps.SyncFlowableStep.lambda$execute$0(SyncFlowableStep.java:71)
	at org.cloudfoundry.multiapps.controller.core.util.LoggingUtil.logWithCorrelationId(LoggingUtil.java:14)
	at org.cloudfoundry.multiapps.controller.process.steps.SyncFlowableStep.execute(SyncFlowableStep.java:71)
	at org.flowable.engine.impl.delegate.invocation.JavaDelegateInvocation.invoke(JavaDelegateInvocation.java:35)
	at org.flowable.engine.impl.delegate.invocation.DelegateInvocation.proceed(DelegateInvocation.java:32)
	at org.flowable.engine.impl.delegate.invocation.DefaultDelegateInterceptor.handleInvocation(DefaultDelegateInterceptor.java:26)
	at org.flowable.engine.impl.bpmn.behavior.ServiceTaskDelegateExpressionActivityBehavior.execute(ServiceTaskDelegateExpressionActivityBehavior.java:177)
	at org.flowable.engine.impl.agenda.ContinueProcessOperation.executeActivityBehavior(ContinueProcessOperation.java:298)
	at org.flowable.engine.impl.agenda.ContinueProcessOperation.executeSynchronous(ContinueProcessOperation.java:175)
	at org.flowable.engine.impl.agenda.ContinueProcessOperation.continueThroughFlowNode(ContinueProcessOperation.java:125)
	at org.flowable.engine.impl.agenda.ContinueProcessOperation.run(ContinueProcessOperation.java:88)
	at org.flowable.common.engine.impl.AbstractEngineConfiguration.lambda$new$0(AbstractEngineConfiguration.java:198)
	at org.flowable.engine.impl.interceptor.CommandInvoker.executeOperation(CommandInvoker.java:189)
	at org.flowable.engine.impl.interceptor.CommandInvoker.executeOperations(CommandInvoker.java:128)
	at org.flowable.engine.impl.interceptor.CommandInvoker.execute(CommandInvoker.java:80)
	at org.flowable.engine.impl.interceptor.BpmnOverrideContextInterceptor.execute(BpmnOverrideContextInterceptor.java:26)
	at org.flowable.common.engine.impl.interceptor.TransactionContextInterceptor.execute(TransactionContextInterceptor.java:53)
	at org.flowable.common.engine.impl.interceptor.CommandContextInterceptor.execute(CommandContextInterceptor.java:105)
	at org.flowable.common.spring.SpringTransactionInterceptor.lambda$execute$0(SpringTransactionInterceptor.java:57)
	at org.springframework.transaction.support.TransactionTemplate.execute(TransactionTemplate.java:140)
	at org.flowable.common.spring.SpringTransactionInterceptor.execute(SpringTransactionInterceptor.java:57)
	at org.flowable.common.engine.impl.interceptor.LogInterceptor.execute(LogInterceptor.java:30)
	at org.flowable.common.engine.impl.cfg.CommandExecutorImpl.execute(CommandExecutorImpl.java:56)
	at org.flowable.common.engine.impl.cfg.CommandExecutorImpl.execute(CommandExecutorImpl.java:51)
	at org.flowable.job.service.impl.asyncexecutor.ExecuteAsyncRunnable.handleTransactionalJob(ExecuteAsyncRunnable.java:177)
	at org.flowable.job.service.impl.asyncexecutor.ExecuteAsyncRunnable.executeJob(ExecuteAsyncRunnable.java:146)
	at org.flowable.job.service.impl.asyncexecutor.ExecuteAsyncRunnable.runInternally(ExecuteAsyncRunnable.java:122)
	at org.flowable.job.service.impl.asyncexecutor.ExecuteAsyncRunnable.run(ExecuteAsyncRunnable.java:96)
	at java.base/java.util.concurrent.ThreadPoolExecutor.runWorker(ThreadPoolExecutor.java:1090)
	at java.base/java.util.concurrent.ThreadPoolExecutor$Worker.run(ThreadPoolExecutor.java:614)
	at java.base/java.lang.Thread.run(Thread.java:1474)
#2026 04 03 00:45:21.241#Z#DEBUG#43cf567e-2ef6-11f1-97d1-eeee0a988538.OPERATION#flowable-async-job-executor-thread-16805#
Step "Stage App" finished#
#2026 04 03 00:45:23.745#Z#DEBUG#43cf567e-2ef6-11f1-97d1-eeee0a988538.OPERATION#flowable-async-job-executor-thread-16808#
[StageAppStep] Executing task "stageAppTask" of process "44e310e8-2ef6-11f1-97d1-eeee0a988538"...#
#2026 04 03 00:45:23.746#Z#DEBUG#43cf567e-2ef6-11f1-97d1-eeee0a988538.OPERATION#flowable-async-job-executor-thread-16808#
[StageAppStep] Application stage timeout is default one: 3,600 seconds#
#2026 04 03 00:45:23.824#Z#INFO#43cf567e-2ef6-11f1-97d1-eeee0a988538.OPERATION#flowable-async-job-executor-thread-16808#
[StageAppStep] Staging application "northwind-fiori-app"...#
#2026 04 03 00:45:23.828#Z#DEBUG#43cf567e-2ef6-11f1-97d1-eeee0a988538.OPERATION#flowable-async-job-executor-thread-16808#
[StageAppStep] Creating build for package "a86ca176-2f8a-43e4-b147-2e5fe71ed760"...#
#2026 04 03 00:45:24.456#Z#DEBUG#43cf567e-2ef6-11f1-97d1-eeee0a988538.OPERATION#flowable-async-job-executor-thread-16808#
Step "Stage App" finished#
#2026 04 03 00:45:31.051#Z#DEBUG#43cf567e-2ef6-11f1-97d1-eeee0a988538.OPERATION#flowable-async-job-executor-thread-16814#
[StageAppStep] Executing task "stageAppTask" of process "44e310e8-2ef6-11f1-97d1-eeee0a988538"...#
#2026 04 03 00:45:31.052#Z#DEBUG#43cf567e-2ef6-11f1-97d1-eeee0a988538.OPERATION#flowable-async-job-executor-thread-16814#
[StageAppStep] Application stage timeout is default one: 3,600 seconds#
#2026 04 03 00:45:31.053#Z#DEBUG#43cf567e-2ef6-11f1-97d1-eeee0a988538.OPERATION#flowable-async-job-executor-thread-16814#
[StageAppStep] Checking status of application "northwind-fiori-app"...#
#2026 04 03 00:45:31.053#Z#DEBUG#43cf567e-2ef6-11f1-97d1-eeee0a988538.OPERATION#flowable-async-job-executor-thread-16814#
[StageAppStep] Getting build "dc52c460-59a7-4799-bb71-37e12af299f1"...#
#2026 04 03 00:45:31.090#Z#DEBUG#43cf567e-2ef6-11f1-97d1-eeee0a988538.OPERATION#flowable-async-job-executor-thread-16814#
[StageAppStep] Staging status of application "northwind-fiori-app": FAILED#
#2026 04 03 00:45:31.091#Z#DEBUG#43cf567e-2ef6-11f1-97d1-eeee0a988538.OPERATION#flowable-async-job-executor-thread-16814#
[StageAppStep] Getting application guid "northwind-fiori-app"...#
#2026 04 03 00:45:31.264#Z#ERROR#43cf567e-2ef6-11f1-97d1-eeee0a988538.OPERATION#flowable-async-job-executor-thread-16814#
[StageAppStep] Error staging application "northwind-fiori-app": NoAppDetectedError - An app was not successfully detected by any available buildpack
Download the application logs via the dmol command and check them for more information.#
#2026 04 03 00:45:31.268#Z#ERROR#43cf567e-2ef6-11f1-97d1-eeee0a988538.OPERATION#flowable-async-job-executor-thread-16814#
Exception caught#
org.cloudfoundry.multiapps.common.SLException: A step of the process has failed. Retrying it may solve the issue.
	at org.cloudfoundry.multiapps.controller.process.steps.SyncFlowableStep.executeInternal(SyncFlowableStep.java:83)
	at org.cloudfoundry.multiapps.controller.process.steps.SyncFlowableStep.lambda$execute$0(SyncFlowableStep.java:71)
	at org.cloudfoundry.multiapps.controller.core.util.LoggingUtil.logWithCorrelationId(LoggingUtil.java:14)
	at org.cloudfoundry.multiapps.controller.process.steps.SyncFlowableStep.execute(SyncFlowableStep.java:71)
	at org.flowable.engine.impl.delegate.invocation.JavaDelegateInvocation.invoke(JavaDelegateInvocation.java:35)
	at org.flowable.engine.impl.delegate.invocation.DelegateInvocation.proceed(DelegateInvocation.java:32)
	at org.flowable.engine.impl.delegate.invocation.DefaultDelegateInterceptor.handleInvocation(DefaultDelegateInterceptor.java:26)
	at org.flowable.engine.impl.bpmn.behavior.ServiceTaskDelegateExpressionActivityBehavior.execute(ServiceTaskDelegateExpressionActivityBehavior.java:177)
	at org.flowable.engine.impl.agenda.ContinueProcessOperation.executeActivityBehavior(ContinueProcessOperation.java:298)
	at org.flowable.engine.impl.agenda.ContinueProcessOperation.executeSynchronous(ContinueProcessOperation.java:175)
	at org.flowable.engine.impl.agenda.ContinueProcessOperation.continueThroughFlowNode(ContinueProcessOperation.java:125)
	at org.flowable.engine.impl.agenda.ContinueProcessOperation.run(ContinueProcessOperation.java:88)
	at org.flowable.common.engine.impl.AbstractEngineConfiguration.lambda$new$0(AbstractEngineConfiguration.java:198)
	at org.flowable.engine.impl.interceptor.CommandInvoker.executeOperation(CommandInvoker.java:189)
	at org.flowable.engine.impl.interceptor.CommandInvoker.executeOperations(CommandInvoker.java:128)
	at org.flowable.engine.impl.interceptor.CommandInvoker.execute(CommandInvoker.java:80)
	at org.flowable.engine.impl.interceptor.BpmnOverrideContextInterceptor.execute(BpmnOverrideContextInterceptor.java:26)
	at org.flowable.common.engine.impl.interceptor.TransactionContextInterceptor.execute(TransactionContextInterceptor.java:53)
	at org.flowable.common.engine.impl.interceptor.CommandContextInterceptor.execute(CommandContextInterceptor.java:105)
	at org.flowable.common.spring.SpringTransactionInterceptor.lambda$execute$0(SpringTransactionInterceptor.java:57)
	at org.springframework.transaction.support.TransactionTemplate.execute(TransactionTemplate.java:140)
	at org.flowable.common.spring.SpringTransactionInterceptor.execute(SpringTransactionInterceptor.java:57)
	at org.flowable.common.engine.impl.interceptor.LogInterceptor.execute(LogInterceptor.java:30)
	at org.flowable.common.engine.impl.cfg.CommandExecutorImpl.execute(CommandExecutorImpl.java:56)
	at org.flowable.common.engine.impl.cfg.CommandExecutorImpl.execute(CommandExecutorImpl.java:51)
	at org.flowable.job.service.impl.asyncexecutor.ExecuteAsyncRunnable.handleTransactionalJob(ExecuteAsyncRunnable.java:177)
	at org.flowable.job.service.impl.asyncexecutor.ExecuteAsyncRunnable.executeJob(ExecuteAsyncRunnable.java:146)
	at org.flowable.job.service.impl.asyncexecutor.ExecuteAsyncRunnable.runInternally(ExecuteAsyncRunnable.java:122)
	at org.flowable.job.service.impl.asyncexecutor.ExecuteAsyncRunnable.run(ExecuteAsyncRunnable.java:96)
	at java.base/java.util.concurrent.ThreadPoolExecutor.runWorker(ThreadPoolExecutor.java:1090)
	at java.base/java.util.concurrent.ThreadPoolExecutor$Worker.run(ThreadPoolExecutor.java:614)
	at java.base/java.lang.Thread.run(Thread.java:1474)
#2026 04 03 00:45:31.273#Z#DEBUG#43cf567e-2ef6-11f1-97d1-eeee0a988538.OPERATION#flowable-async-job-executor-thread-16814#
Step "Stage App" finished#
