#2026 04 03 00:14:39.997#Z#INFO#1b49a2d7-2ef2-11f1-95b1-eeee0a85bcbe.OPERATION#http-nio-0.0.0.0-8080-exec-10#
[XS2StartProcessListener] Operation ID: 1b49a2d7-2ef2-11f1-95b1-eeee0a85bcbe#
#2026 04 03 00:14:40.030#Z#DEBUG#1b49a2d7-2ef2-11f1-95b1-eeee0a85bcbe.OPERATION#http-nio-0.0.0.0-8080-exec-10#
[XS2StartProcessListener] Process environment: {
  "SKIP_SSL_VALIDATION" : "false",
  "FLOWABLE_JOB_EXECUTOR_MAX_THREADS" : "32",
  "VERSION" : "2.43.0",
  "BASIC_AUTH_ENABLED" : "true",
  "FLOWABLE_JOB_EXECUTOR_QUEUE_CAPACITY" : "16",
  "FLOWABLE_JOB_EXECUTOR_CORE_THREADS" : "8"
}#
#2026 04 03 00:14:40.030#Z#DEBUG#1b49a2d7-2ef2-11f1-95b1-eeee0a85bcbe.OPERATION#http-nio-0.0.0.0-8080-exec-10#
[XS2StartProcessListener] Current user: youssefahmedmohamed79@gmail.com#
#2026 04 03 00:14:40.030#Z#DEBUG#1b49a2d7-2ef2-11f1-95b1-eeee0a85bcbe.OPERATION#http-nio-0.0.0.0-8080-exec-10#
[XS2StartProcessListener] Client space: Dev_YM#
#2026 04 03 00:14:40.030#Z#DEBUG#1b49a2d7-2ef2-11f1-95b1-eeee0a85bcbe.OPERATION#http-nio-0.0.0.0-8080-exec-10#
[XS2StartProcessListener] Client organization: 1c5022fatrial#
#2026 04 03 00:14:40.030#Z#INFO#1b49a2d7-2ef2-11f1-95b1-eeee0a85bcbe.OPERATION#http-nio-0.0.0.0-8080-exec-10#
[XS2StartProcessListener] Process variables: {
  "keepFiles" : false,
  "skipAppDigestCalculation" : false,
  "abortOnError" : false,
  "mtaId" : "northwind-fiori-app",
  "noFailOnMissingPermissions" : false,
  "isSecurityEnabled" : false,
  "apiRequestPath" : "https://deploy-service.cf.us10-001.hana.ondemand.com/api/v1/spaces/b93a104c-bf2c-4338-bd59-edd1e2326866/operations",
  "deleteServiceBrokers" : false,
  "appArchiveId" : "9b210fc3-a7b6-412a-b313-81d4b270d0a0,25ecb86c-fa96-4aca-88e4-5f53e977f2db",
  "isDisposableUserProvidedServiceEnabled" : false,
  "deleteServiceKeys" : false,
  "noRestartSubscribedApps" : false,
  "noStart" : false,
  "deleteServices" : false
}#
#2026 04 03 00:14:40.119#Z#DEBUG#1b49a2d7-2ef2-11f1-95b1-eeee0a85bcbe.OPERATION#flowable-async-job-executor-thread-6120#
[ValidateDeployParametersStep] Executing task "validateParametersTask" of process "1b49a2fd-2ef2-11f1-95b1-eeee0a85bcbe"...#
#2026 04 03 00:14:40.119#Z#DEBUG#1b49a2d7-2ef2-11f1-95b1-eeee0a85bcbe.OPERATION#flowable-async-job-executor-thread-6120#
[ValidateDeployParametersStep] Validating parameters...#
#2026 04 03 00:14:40.129#Z#INFO#1b49a2d7-2ef2-11f1-95b1-eeee0a85bcbe.OPERATION#flowable-async-job-executor-thread-6120#
[ValidateDeployParametersStep] Size of mtars is 51,302,429 and size of extension descriptors is 0#
#2026 04 03 00:14:40.129#Z#INFO#1b49a2d7-2ef2-11f1-95b1-eeee0a85bcbe.OPERATION#flowable-async-job-executor-thread-6120#
[ValidateDeployParametersStep] Archive was split to: 2 parts. Total size in bytes: 51,302,429. Uploading started...#
#2026 04 03 00:14:40.196#Z#DEBUG#1b49a2d7-2ef2-11f1-95b1-eeee0a85bcbe.OPERATION#pool-10-thread-2#
[ValidateDeployParametersStep] Opening a new input stream for file with ID: 25ecb86c-fa96-4aca-88e4-5f53e977f2db and name: northwind-fiori-app_1.0.0.mtar.part.0#
#2026 04 03 00:14:41.686#Z#DEBUG#1b49a2d7-2ef2-11f1-95b1-eeee0a85bcbe.OPERATION#pool-10-thread-2#
[ValidateDeployParametersStep] Opening a new input stream for file with ID: 9b210fc3-a7b6-412a-b313-81d4b270d0a0 and name: northwind-fiori-app_1.0.0.mtar.part.1#
#2026 04 03 00:14:42.342#Z#INFO#1b49a2d7-2ef2-11f1-95b1-eeee0a85bcbe.OPERATION#flowable-async-job-executor-thread-6120#
[ValidateDeployParametersStep] Archive with ID: b19f7551-1a6f-4e08-a7dd-9b313e6e3ec1 and name: northwind-fiori-app_1.0.0.mtar was stored#
#2026 04 03 00:14:42.342#Z#INFO#1b49a2d7-2ef2-11f1-95b1-eeee0a85bcbe.OPERATION#flowable-async-job-executor-thread-6120#
[ValidateDeployParametersStep] Deploying in org "1c5022fatrial" and space "Dev_YM"#
#2026 04 03 00:14:42.352#Z#DEBUG#1b49a2d7-2ef2-11f1-95b1-eeee0a85bcbe.OPERATION#flowable-async-job-executor-thread-6120#
[ValidateDeployParametersStep] Parameters validated#
#2026 04 03 00:14:42.352#Z#DEBUG#1b49a2d7-2ef2-11f1-95b1-eeee0a85bcbe.OPERATION#flowable-async-job-executor-thread-6120#
Step "Validate Parameters" finished#
#2026 04 03 00:14:42.402#Z#DEBUG#1b49a2d7-2ef2-11f1-95b1-eeee0a85bcbe.OPERATION#flowable-async-job-executor-thread-6121#
[DeleteRemainingFileParts] Executing task "deleteRemainingFileParts" of process "1b49a2fd-2ef2-11f1-95b1-eeee0a85bcbe"...#
#2026 04 03 00:14:42.468#Z#DEBUG#1b49a2d7-2ef2-11f1-95b1-eeee0a85bcbe.OPERATION#flowable-async-job-executor-thread-6121#
Step "Delete Remaining File Parts" finished#
#2026 04 03 00:14:42.510#Z#DEBUG#1b49a2d7-2ef2-11f1-95b1-eeee0a85bcbe.OPERATION#flowable-async-job-executor-thread-6122#
[XS2ProcessMtaArchiveStep] Executing task "processArchiveTask" of process "1b49a2fd-2ef2-11f1-95b1-eeee0a85bcbe"...#
#2026 04 03 00:14:42.511#Z#DEBUG#1b49a2d7-2ef2-11f1-95b1-eeee0a85bcbe.OPERATION#flowable-async-job-executor-thread-6122#
[XS2ProcessMtaArchiveStep] Processing MTA archive...#
#2026 04 03 00:14:42.511#Z#DEBUG#1b49a2d7-2ef2-11f1-95b1-eeee0a85bcbe.OPERATION#flowable-async-job-executor-thread-6122#
[XS2ProcessMtaArchiveStep] MTA Archive ID: b19f7551-1a6f-4e08-a7dd-9b313e6e3ec1#
#2026 04 03 00:14:43.326#Z#DEBUG#1b49a2d7-2ef2-11f1-95b1-eeee0a85bcbe.OPERATION#flowable-async-job-executor-thread-6122#
[XS2ProcessMtaArchiveStep] MTA Descriptor length: 153#
#2026 04 03 00:14:43.326#Z#DEBUG#1b49a2d7-2ef2-11f1-95b1-eeee0a85bcbe.OPERATION#flowable-async-job-executor-thread-6122#
[XS2ProcessMtaArchiveStep] MTA Archive Modules: [northwind-fiori-app]#
#2026 04 03 00:14:43.326#Z#DEBUG#1b49a2d7-2ef2-11f1-95b1-eeee0a85bcbe.OPERATION#flowable-async-job-executor-thread-6122#
[XS2ProcessMtaArchiveStep] MTA Archive Requires: []#
#2026 04 03 00:14:43.326#Z#DEBUG#1b49a2d7-2ef2-11f1-95b1-eeee0a85bcbe.OPERATION#flowable-async-job-executor-thread-6122#
[XS2ProcessMtaArchiveStep] MTA Archive Resources: []#
#2026 04 03 00:14:43.340#Z#DEBUG#1b49a2d7-2ef2-11f1-95b1-eeee0a85bcbe.OPERATION#flowable-async-job-executor-thread-6122#
[XS2ProcessMtaArchiveStep] MTA archive processed#
#2026 04 03 00:14:43.340#Z#DEBUG#1b49a2d7-2ef2-11f1-95b1-eeee0a85bcbe.OPERATION#flowable-async-job-executor-thread-6122#
Step "Process Archive" finished#
#2026 04 03 00:14:43.406#Z#DEBUG#1b49a2d7-2ef2-11f1-95b1-eeee0a85bcbe.OPERATION#flowable-async-job-executor-thread-6123#
[ProcessMtaExtensionDescriptorsStep] Executing task "processExtensionDescriptorsTask" of process "1b49a2fd-2ef2-11f1-95b1-eeee0a85bcbe"...#
#2026 04 03 00:14:43.408#Z#DEBUG#1b49a2d7-2ef2-11f1-95b1-eeee0a85bcbe.OPERATION#flowable-async-job-executor-thread-6123#
[ProcessMtaExtensionDescriptorsStep] Processing MTA extension descriptors...#
#2026 04 03 00:14:43.408#Z#DEBUG#1b49a2d7-2ef2-11f1-95b1-eeee0a85bcbe.OPERATION#flowable-async-job-executor-thread-6123#
[ProcessMtaExtensionDescriptorsStep] Provided extension descriptors: [ ]#
#2026 04 03 00:14:43.408#Z#DEBUG#1b49a2d7-2ef2-11f1-95b1-eeee0a85bcbe.OPERATION#flowable-async-job-executor-thread-6123#
[ProcessMtaExtensionDescriptorsStep] No extension descriptors in use#
#2026 04 03 00:14:43.408#Z#DEBUG#1b49a2d7-2ef2-11f1-95b1-eeee0a85bcbe.OPERATION#flowable-async-job-executor-thread-6123#
[ProcessMtaExtensionDescriptorsStep] MTA extension descriptors processed#
#2026 04 03 00:14:43.408#Z#DEBUG#1b49a2d7-2ef2-11f1-95b1-eeee0a85bcbe.OPERATION#flowable-async-job-executor-thread-6123#
Step "Process Extension Descriptors" finished#
#2026 04 03 00:14:43.463#Z#DEBUG#1b49a2d7-2ef2-11f1-95b1-eeee0a85bcbe.OPERATION#flowable-async-job-executor-thread-6124#
[XS2DetectMtaSchemaVersionStep] Executing task "detectSchemaVersionTask" of process "1b49a2fd-2ef2-11f1-95b1-eeee0a85bcbe"...#
#2026 04 03 00:14:43.464#Z#DEBUG#1b49a2d7-2ef2-11f1-95b1-eeee0a85bcbe.OPERATION#flowable-async-job-executor-thread-6124#
[XS2DetectMtaSchemaVersionStep] Detecting MTA major schema version...#
#2026 04 03 00:14:43.466#Z#INFO#1b49a2d7-2ef2-11f1-95b1-eeee0a85bcbe.OPERATION#flowable-async-job-executor-thread-6124#
[XS2DetectMtaSchemaVersionStep] Detected MTA schema version: "3"#
#2026 04 03 00:14:43.473#Z#DEBUG#1b49a2d7-2ef2-11f1-95b1-eeee0a85bcbe.OPERATION#flowable-async-job-executor-thread-6124#
Step "Detect Schema Version" finished#
#2026 04 03 00:14:43.520#Z#DEBUG#1b49a2d7-2ef2-11f1-95b1-eeee0a85bcbe.OPERATION#flowable-async-job-executor-thread-6125#
[MergeDescriptorsStep] Executing task "mergeDescriptorsTask" of process "1b49a2fd-2ef2-11f1-95b1-eeee0a85bcbe"...#
#2026 04 03 00:14:43.521#Z#DEBUG#1b49a2d7-2ef2-11f1-95b1-eeee0a85bcbe.OPERATION#flowable-async-job-executor-thread-6125#
[MergeDescriptorsStep] Validating and merging descriptors...#
#2026 04 03 00:14:43.524#Z#DEBUG#1b49a2d7-2ef2-11f1-95b1-eeee0a85bcbe.OPERATION#flowable-async-job-executor-thread-6125#
[MergeDescriptorsStep] Merged deployment descriptor: {
  "majorSchemaVersion" : 3,
  "schemaVersion" : "3.1.0",
  "id" : "northwind-fiori-app",
  "version" : "1.0.0",
  "modules" : [ {
    "majorSchemaVersion" : 3,
    "name" : "northwind-fiori-app",
    "type" : "javascript.nodejs",
    "path" : "northwind-fiori-app",
    "properties" : { },
    "parameters" : { },
    "requiredDependencies" : [ ],
    "providedDependencies" : [ {
      "majorSchemaVersion" : 3,
      "name" : "northwind-fiori-app",
      "isPublic" : false,
      "properties" : { },
      "parameters" : { },
      "propertiesMetadata" : {
        "metadata" : { }
      },
      "parametersMetadata" : {
        "metadata" : { }
      }
    } ],
    "propertiesMetadata" : {
      "metadata" : { }
    },
    "parametersMetadata" : {
      "metadata" : { }
    },
    "hooks" : [ ]
  } ],
  "resources" : [ ],
  "parameters" : { },
  "parametersMetadata" : {
    "metadata" : { }
  }
}#
#2026 04 03 00:14:43.526#Z#DEBUG#1b49a2d7-2ef2-11f1-95b1-eeee0a85bcbe.OPERATION#flowable-async-job-executor-thread-6125#
[MergeDescriptorsStep] Descriptors validated and merged#
#2026 04 03 00:14:43.526#Z#DEBUG#1b49a2d7-2ef2-11f1-95b1-eeee0a85bcbe.OPERATION#flowable-async-job-executor-thread-6125#
Step "Merge Descriptors" finished#
#2026 04 03 00:14:43.577#Z#DEBUG#1b49a2d7-2ef2-11f1-95b1-eeee0a85bcbe.OPERATION#flowable-async-job-executor-thread-6126#
[DetectDeployedMtaStep] Executing task "detectDeployedMtaTask" of process "1b49a2fd-2ef2-11f1-95b1-eeee0a85bcbe"...#
#2026 04 03 00:14:43.578#Z#DEBUG#1b49a2d7-2ef2-11f1-95b1-eeee0a85bcbe.OPERATION#flowable-async-job-executor-thread-6126#
[DetectDeployedMtaStep] Detecting deployed MTA...#
#2026 04 03 00:14:43.656#Z#DEBUG#1b49a2d7-2ef2-11f1-95b1-eeee0a85bcbe.OPERATION#flowable-async-job-executor-thread-6126#
[DetectDeployedMtaStep] Detecting MTA by id northwind-fiori-app and namespace null#
#2026 04 03 00:14:43.656#Z#DEBUG#1b49a2d7-2ef2-11f1-95b1-eeee0a85bcbe.OPERATION#flowable-async-job-executor-thread-6126#
[DetectDeployedMtaStep] Getting applications by metadata label selector "mta_id=0267f644ec1250b689ab674f59c72f9b,!mta_namespace"...#
#2026 04 03 00:14:43.721#Z#DEBUG#1b49a2d7-2ef2-11f1-95b1-eeee0a85bcbe.OPERATION#flowable-async-job-executor-thread-6126#
[DetectDeployedMtaStep] Getting service instances by metadata label selector "mta_id=0267f644ec1250b689ab674f59c72f9b,!mta_namespace"...#
#2026 04 03 00:14:43.773#Z#INFO#1b49a2d7-2ef2-11f1-95b1-eeee0a85bcbe.OPERATION#flowable-async-job-executor-thread-6126#
[DetectDeployedMtaStep] No deployed MTA detected - this is initial deployment of MTA with ID "northwind-fiori-app"#
#2026 04 03 00:14:43.781#Z#DEBUG#1b49a2d7-2ef2-11f1-95b1-eeee0a85bcbe.OPERATION#flowable-async-job-executor-thread-6126#
[DetectDeployedMtaStep] Detecting backup mta by id "northwind-fiori-app" and namespace "null"#
#2026 04 03 00:14:43.781#Z#DEBUG#1b49a2d7-2ef2-11f1-95b1-eeee0a85bcbe.OPERATION#flowable-async-job-executor-thread-6126#
[DetectDeployedMtaStep] Getting applications by metadata label selector "mta_id=0267f644ec1250b689ab674f59c72f9b,mta_namespace=b698114a0995e936895b9598a6c19a2c"...#
#2026 04 03 00:14:43.837#Z#DEBUG#1b49a2d7-2ef2-11f1-95b1-eeee0a85bcbe.OPERATION#flowable-async-job-executor-thread-6126#
[DetectDeployedMtaStep] Getting service instances by metadata label selector "mta_id=0267f644ec1250b689ab674f59c72f9b,mta_namespace=b698114a0995e936895b9598a6c19a2c"...#
#2026 04 03 00:14:43.878#Z#DEBUG#1b49a2d7-2ef2-11f1-95b1-eeee0a85bcbe.OPERATION#flowable-async-job-executor-thread-6126#
[DetectDeployedMtaStep] Deployed MTA service keys: [ ]#
#2026 04 03 00:14:43.878#Z#DEBUG#1b49a2d7-2ef2-11f1-95b1-eeee0a85bcbe.OPERATION#flowable-async-job-executor-thread-6126#
Step "Detect Deployed MTA" finished#
#2026 04 03 00:14:43.929#Z#DEBUG#1b49a2d7-2ef2-11f1-95b1-eeee0a85bcbe.OPERATION#flowable-async-job-executor-thread-6127#
[XS2CollectSystemParametersStep] Executing task "collectSystemParametersTask" of process "1b49a2fd-2ef2-11f1-95b1-eeee0a85bcbe"...#
#2026 04 03 00:14:43.931#Z#DEBUG#1b49a2d7-2ef2-11f1-95b1-eeee0a85bcbe.OPERATION#flowable-async-job-executor-thread-6127#
[XS2CollectSystemParametersStep] Collecting system parameters...#
#2026 04 03 00:14:43.932#Z#DEBUG#1b49a2d7-2ef2-11f1-95b1-eeee0a85bcbe.OPERATION#flowable-async-job-executor-thread-6127#
[XS2CollectSystemParametersStep] Getting default domain...#
#2026 04 03 00:14:43.965#Z#DEBUG#1b49a2d7-2ef2-11f1-95b1-eeee0a85bcbe.OPERATION#flowable-async-job-executor-thread-6127#
[XS2CollectSystemParametersStep] Default domain: cfapps.us10-001.hana.ondemand.com#
#2026 04 03 00:14:43.965#Z#DEBUG#1b49a2d7-2ef2-11f1-95b1-eeee0a85bcbe.OPERATION#flowable-async-job-executor-thread-6127#
[XS2CollectSystemParametersStep] Checking for overwriting read-only parameters for mta with id: "northwind-fiori-app"#
#2026 04 03 00:14:43.965#Z#DEBUG#1b49a2d7-2ef2-11f1-95b1-eeee0a85bcbe.OPERATION#flowable-async-job-executor-thread-6127#
[XS2CollectSystemParametersStep] No read-only parameters are overwritten#
#2026 04 03 00:14:43.982#Z#DEBUG#1b49a2d7-2ef2-11f1-95b1-eeee0a85bcbe.OPERATION#flowable-async-job-executor-thread-6127#
[XS2CollectSystemParametersStep] Descriptor with system parameters: {
  "majorSchemaVersion" : 3,
  "schemaVersion" : "3.1.0",
  "id" : "northwind-fiori-app",
  "version" : "1.0.0",
  "modules" : [ {
    "majorSchemaVersion" : 3,
    "name" : "northwind-fiori-app",
    "type" : "javascript.nodejs",
    "path" : "northwind-fiori-app",
    "properties" : { },
    "parameters" : {
      "default-url" : "${protocol}://${default-uri}",
      "default-app-name" : "northwind-fiori-app",
      "generated-password" : "********",
      "default-live-url" : "${protocol}://${default-live-uri}",
      "default-uri" : "${host}.${domain}",
      "default-instances" : 1,
      "default-live-host" : "1c5022fatrial-dev-ym-northwind-fiori-app",
      "instances" : "${default-instances}",
      "default-host" : "1c5022fatrial-dev-ym-northwind-fiori-app",
      "app-name" : "${default-app-name}",
      "default-live-uri" : "1c5022fatrial-dev-ym-northwind-fiori-app.${domain}",
      "protocol" : "https",
      "default-live-app-name" : "northwind-fiori-app",
      "default-live-domain" : "cfapps.us10-001.hana.ondemand.com",
      "domain" : "${default-domain}",
      "host" : "${default-host}",
      "generated-user" : "********"
    },
    "requiredDependencies" : [ ],
    "providedDependencies" : [ {
      "majorSchemaVersion" : 3,
      "name" : "northwind-fiori-app",
      "isPublic" : false,
      "properties" : { },
      "parameters" : { },
      "propertiesMetadata" : {
        "metadata" : { }
      },
      "parametersMetadata" : {
        "metadata" : { }
      }
    } ],
    "propertiesMetadata" : {
      "metadata" : { }
    },
    "parametersMetadata" : {
      "metadata" : { }
    },
    "hooks" : [ ]
  } ],
  "resources" : [ ],
  "parameters" : {
    "mta-id" : "northwind-fiori-app",
    "authorization-url" : "********",
    "org-guid" : "8d4a3a9a-adf3-4c84-a049-f561b1bb9e1f",
    "org" : "1c5022fatrial",
    "deploy-target" : "1c5022fatrial Dev_YM",
    "space" : "Dev_YM",
    "xs-api-url" : "https://api.cf.us10-001.hana.ondemand.com",
    "deploy-url" : "deploy-service.cfapps.us10-001.hana.ondemand.com",
    "xs-type" : "CF",
    "default-domain" : "cfapps.us10-001.hana.ondemand.com",
    "mta-version" : "1.0.0",
    "xs-auth-url" : "********",
    "space-guid" : "b93a104c-bf2c-4338-bd59-edd1e2326866",
    "user" : "********",
    "controller-url" : "https://api.cf.us10-001.hana.ondemand.com",
    "timestamp" : "20260403001439"
  },
  "parametersMetadata" : {
    "metadata" : { }
  }
}#
#2026 04 03 00:14:43.982#Z#DEBUG#1b49a2d7-2ef2-11f1-95b1-eeee0a85bcbe.OPERATION#flowable-async-job-executor-thread-6127#
[XS2CollectSystemParametersStep] Version rule: SAME_HIGHER#
#2026 04 03 00:14:43.982#Z#INFO#1b49a2d7-2ef2-11f1-95b1-eeee0a85bcbe.OPERATION#flowable-async-job-executor-thread-6127#
[XS2CollectSystemParametersStep] Detected new MTA version: "1.0.0"#
#2026 04 03 00:14:43.990#Z#DEBUG#1b49a2d7-2ef2-11f1-95b1-eeee0a85bcbe.OPERATION#flowable-async-job-executor-thread-6127#
[XS2CollectSystemParametersStep] MTA accepted for deployment#
#2026 04 03 00:14:43.990#Z#DEBUG#1b49a2d7-2ef2-11f1-95b1-eeee0a85bcbe.OPERATION#flowable-async-job-executor-thread-6127#
[XS2CollectSystemParametersStep] System parameters collected#
#2026 04 03 00:14:43.990#Z#DEBUG#1b49a2d7-2ef2-11f1-95b1-eeee0a85bcbe.OPERATION#flowable-async-job-executor-thread-6127#
Step "Collect System Parameters" finished#
#2026 04 03 00:14:44.041#Z#DEBUG#1b49a2d7-2ef2-11f1-95b1-eeee0a85bcbe.OPERATION#flowable-async-job-executor-thread-6120#
[ProcessDescriptorStep] Executing task "processDescriptorTask" of process "1b49a2fd-2ef2-11f1-95b1-eeee0a85bcbe"...#
#2026 04 03 00:14:44.043#Z#DEBUG#1b49a2d7-2ef2-11f1-95b1-eeee0a85bcbe.OPERATION#flowable-async-job-executor-thread-6120#
[ProcessDescriptorStep] Resolving properties and parameters in merged descriptor...#
#2026 04 03 00:14:44.046#Z#DEBUG#1b49a2d7-2ef2-11f1-95b1-eeee0a85bcbe.OPERATION#flowable-async-job-executor-thread-6120#
[ProcessDescriptorStep] Subscriptions: [ ]#
#2026 04 03 00:14:44.046#Z#DEBUG#1b49a2d7-2ef2-11f1-95b1-eeee0a85bcbe.OPERATION#flowable-async-job-executor-thread-6120#
[ProcessDescriptorStep] MTA modules: [northwind-fiori-app]#
#2026 04 03 00:14:44.046#Z#DEBUG#1b49a2d7-2ef2-11f1-95b1-eeee0a85bcbe.OPERATION#flowable-async-job-executor-thread-6120#
[ProcessDescriptorStep] Resolved deployment descriptor: {
  "majorSchemaVersion" : 3,
  "schemaVersion" : "3.1.0",
  "id" : "northwind-fiori-app",
  "version" : "1.0.0",
  "modules" : [ {
    "majorSchemaVersion" : 3,
    "name" : "northwind-fiori-app",
    "type" : "javascript.nodejs",
    "path" : "northwind-fiori-app",
    "properties" : { },
    "parameters" : {
      "default-url" : "https://1c5022fatrial-dev-ym-northwind-fiori-app.cfapps.us10-001.hana.ondemand.com",
      "default-app-name" : "northwind-fiori-app",
      "generated-password" : "********",
      "default-live-url" : "https://1c5022fatrial-dev-ym-northwind-fiori-app.cfapps.us10-001.hana.ondemand.com",
      "default-uri" : "1c5022fatrial-dev-ym-northwind-fiori-app.cfapps.us10-001.hana.ondemand.com",
      "default-instances" : 1,
      "default-live-host" : "1c5022fatrial-dev-ym-northwind-fiori-app",
      "instances" : 1,
      "default-host" : "1c5022fatrial-dev-ym-northwind-fiori-app",
      "app-name" : "northwind-fiori-app",
      "default-live-uri" : "1c5022fatrial-dev-ym-northwind-fiori-app.cfapps.us10-001.hana.ondemand.com",
      "protocol" : "https",
      "default-live-app-name" : "northwind-fiori-app",
      "default-live-domain" : "cfapps.us10-001.hana.ondemand.com",
      "domain" : "cfapps.us10-001.hana.ondemand.com",
      "host" : "1c5022fatrial-dev-ym-northwind-fiori-app",
      "generated-user" : "********"
    },
    "requiredDependencies" : [ ],
    "providedDependencies" : [ {
      "majorSchemaVersion" : 3,
      "name" : "northwind-fiori-app",
      "isPublic" : false,
      "properties" : { },
      "parameters" : { },
      "propertiesMetadata" : {
        "metadata" : { }
      },
      "parametersMetadata" : {
        "metadata" : { }
      }
    } ],
    "propertiesMetadata" : {
      "metadata" : { }
    },
    "parametersMetadata" : {
      "metadata" : { }
    },
    "hooks" : [ ]
  } ],
  "resources" : [ ],
  "parameters" : {
    "mta-id" : "northwind-fiori-app",
    "authorization-url" : "********",
    "org-guid" : "8d4a3a9a-adf3-4c84-a049-f561b1bb9e1f",
    "org" : "1c5022fatrial",
    "deploy-target" : "1c5022fatrial Dev_YM",
    "region-primary-domain" : "us10.hana.ondemand.com",
    "space" : "Dev_YM",
    "region-domain" : "us10-001.hana.ondemand.com",
    "xs-api-url" : "https://api.cf.us10-001.hana.ondemand.com",
    "deploy-url" : "deploy-service.cfapps.us10-001.hana.ondemand.com",
    "xs-type" : "CF",
    "default-domain" : "cfapps.us10-001.hana.ondemand.com",
    "mta-version" : "1.0.0",
    "xs-auth-url" : "********",
    "space-guid" : "b93a104c-bf2c-4338-bd59-edd1e2326866",
    "user" : "********",
    "controller-url" : "https://api.cf.us10-001.hana.ondemand.com",
    "timestamp" : "20260403001439"
  },
  "parametersMetadata" : {
    "metadata" : { }
  }
}#
#2026 04 03 00:14:44.046#Z#DEBUG#1b49a2d7-2ef2-11f1-95b1-eeee0a85bcbe.OPERATION#flowable-async-job-executor-thread-6120#
[ProcessDescriptorStep] Merged descriptor properties and parameters resolved#
#2026 04 03 00:14:44.046#Z#DEBUG#1b49a2d7-2ef2-11f1-95b1-eeee0a85bcbe.OPERATION#flowable-async-job-executor-thread-6120#
Step "Process Descriptor Step" finished#
#2026 04 03 00:14:44.107#Z#DEBUG#1b49a2d7-2ef2-11f1-95b1-eeee0a85bcbe.OPERATION#flowable-async-job-executor-thread-6121#
[XS2BuildCloudDeployModelStep] Executing task "buildDeployModelTask" of process "1b49a2fd-2ef2-11f1-95b1-eeee0a85bcbe"...#
#2026 04 03 00:14:44.112#Z#DEBUG#1b49a2d7-2ef2-11f1-95b1-eeee0a85bcbe.OPERATION#flowable-async-job-executor-thread-6121#
[XS2BuildCloudDeployModelStep] Service keys defined for content deployment grouped by service name: { }#
#2026 04 03 00:14:44.112#Z#DEBUG#1b49a2d7-2ef2-11f1-95b1-eeee0a85bcbe.OPERATION#flowable-async-job-executor-thread-6121#
[XS2BuildCloudDeployModelStep] Building cloud deployment model...#
#2026 04 03 00:14:44.114#Z#DEBUG#1b49a2d7-2ef2-11f1-95b1-eeee0a85bcbe.OPERATION#flowable-async-job-executor-thread-6121#
[XS2BuildCloudDeployModelStep] MTA archive modules: [northwind-fiori-app]#
#2026 04 03 00:14:44.114#Z#DEBUG#1b49a2d7-2ef2-11f1-95b1-eeee0a85bcbe.OPERATION#flowable-async-job-executor-thread-6121#
[XS2BuildCloudDeployModelStep] Deployed modules: []#
#2026 04 03 00:14:44.115#Z#DEBUG#1b49a2d7-2ef2-11f1-95b1-eeee0a85bcbe.OPERATION#flowable-async-job-executor-thread-6121#
[XS2BuildCloudDeployModelStep] MTA modules: [northwind-fiori-app]#
#2026 04 03 00:14:44.115#Z#DEBUG#1b49a2d7-2ef2-11f1-95b1-eeee0a85bcbe.OPERATION#flowable-async-job-executor-thread-6121#
[XS2BuildCloudDeployModelStep] Service keys to create: { }#
#2026 04 03 00:14:44.116#Z#DEBUG#1b49a2d7-2ef2-11f1-95b1-eeee0a85bcbe.OPERATION#flowable-async-job-executor-thread-6121#
[XS2BuildCloudDeployModelStep] Modules to deploy: [{
  "majorSchemaVersion" : 3,
  "name" : "northwind-fiori-app",
  "type" : "javascript.nodejs",
  "path" : "northwind-fiori-app",
  "properties" : { },
  "parameters" : {
    "default-url" : "https://1c5022fatrial-dev-ym-northwind-fiori-app.cfapps.us10-001.hana.ondemand.com",
    "default-app-name" : "northwind-fiori-app",
    "generated-password" : "********",
    "default-live-url" : "https://1c5022fatrial-dev-ym-northwind-fiori-app.cfapps.us10-001.hana.ondemand.com",
    "default-uri" : "1c5022fatrial-dev-ym-northwind-fiori-app.cfapps.us10-001.hana.ondemand.com",
    "default-instances" : 1,
    "default-live-host" : "1c5022fatrial-dev-ym-northwind-fiori-app",
    "instances" : 1,
    "default-host" : "1c5022fatrial-dev-ym-northwind-fiori-app",
    "app-name" : "northwind-fiori-app",
    "default-live-uri" : "1c5022fatrial-dev-ym-northwind-fiori-app.cfapps.us10-001.hana.ondemand.com",
    "protocol" : "https",
    "default-live-app-name" : "northwind-fiori-app",
    "default-live-domain" : "cfapps.us10-001.hana.ondemand.com",
    "dependency-type" : "soft",
    "domain" : "cfapps.us10-001.hana.ondemand.com",
    "host" : "1c5022fatrial-dev-ym-northwind-fiori-app",
    "generated-user" : "********"
  },
  "requiredDependencies" : [ ],
  "providedDependencies" : [ {
    "majorSchemaVersion" : 3,
    "name" : "northwind-fiori-app",
    "isPublic" : false,
    "properties" : { },
    "parameters" : { },
    "propertiesMetadata" : {
      "metadata" : { }
    },
    "parametersMetadata" : {
      "metadata" : { }
    }
  } ],
  "propertiesMetadata" : {
    "metadata" : { }
  },
  "parametersMetadata" : {
    "metadata" : { }
  },
  "hooks" : [ ]
}]#
#2026 04 03 00:14:44.116#Z#DEBUG#1b49a2d7-2ef2-11f1-95b1-eeee0a85bcbe.OPERATION#flowable-async-job-executor-thread-6121#
[XS2BuildCloudDeployModelStep] Custom domains: []#
#2026 04 03 00:14:44.119#Z#DEBUG#1b49a2d7-2ef2-11f1-95b1-eeee0a85bcbe.OPERATION#flowable-async-job-executor-thread-6121#
[XS2BuildCloudDeployModelStep] Calculating resource batches...#
#2026 04 03 00:14:44.119#Z#DEBUG#1b49a2d7-2ef2-11f1-95b1-eeee0a85bcbe.OPERATION#flowable-async-job-executor-thread-6121#
[XS2BuildCloudDeployModelStep] Calculating resource batches completed.#
#2026 04 03 00:14:44.119#Z#DEBUG#1b49a2d7-2ef2-11f1-95b1-eeee0a85bcbe.OPERATION#flowable-async-job-executor-thread-6121#
[XS2BuildCloudDeployModelStep] Cloud deployment model built#
#2026 04 03 00:14:44.119#Z#DEBUG#1b49a2d7-2ef2-11f1-95b1-eeee0a85bcbe.OPERATION#flowable-async-job-executor-thread-6121#
Step "Build Deploy Model" finished#
#2026 04 03 00:14:44.174#Z#DEBUG#1b49a2d7-2ef2-11f1-95b1-eeee0a85bcbe.OPERATION#flowable-async-job-executor-thread-6121#
[BuildCloudUndeployModelStep] Executing task "buildUndeployModelTask" of process "1b49a2fd-2ef2-11f1-95b1-eeee0a85bcbe"...#
#2026 04 03 00:14:44.176#Z#DEBUG#1b49a2d7-2ef2-11f1-95b1-eeee0a85bcbe.OPERATION#flowable-async-job-executor-thread-6121#
[BuildCloudUndeployModelStep] Building cloud undeployment model...#
#2026 04 03 00:14:44.177#Z#DEBUG#1b49a2d7-2ef2-11f1-95b1-eeee0a85bcbe.OPERATION#flowable-async-job-executor-thread-6121#
[BuildCloudUndeployModelStep] Detecting service keys to delete.#
#2026 04 03 00:14:44.178#Z#DEBUG#1b49a2d7-2ef2-11f1-95b1-eeee0a85bcbe.OPERATION#flowable-async-job-executor-thread-6121#
[BuildCloudUndeployModelStep] No deployed service keys detected!#
#2026 04 03 00:14:44.178#Z#DEBUG#1b49a2d7-2ef2-11f1-95b1-eeee0a85bcbe.OPERATION#flowable-async-job-executor-thread-6121#
[BuildCloudUndeployModelStep] Detected service keys to delete "[]"#
#2026 04 03 00:14:44.182#Z#DEBUG#1b49a2d7-2ef2-11f1-95b1-eeee0a85bcbe.OPERATION#flowable-async-job-executor-thread-6121#
Step "Build Undeploy Model" finished#
#2026 04 03 00:14:44.233#Z#DEBUG#1b49a2d7-2ef2-11f1-95b1-eeee0a85bcbe.OPERATION#flowable-async-job-executor-thread-6123#
[AddDomainsStep] Executing task "addDomainsTask" of process "1b49a2fd-2ef2-11f1-95b1-eeee0a85bcbe"...#
#2026 04 03 00:14:44.236#Z#DEBUG#1b49a2d7-2ef2-11f1-95b1-eeee0a85bcbe.OPERATION#flowable-async-job-executor-thread-6123#
[AddDomainsStep] Custom domains: []#
#2026 04 03 00:14:44.236#Z#DEBUG#1b49a2d7-2ef2-11f1-95b1-eeee0a85bcbe.OPERATION#flowable-async-job-executor-thread-6123#
Step "Add Domains" finished#
#2026 04 03 00:14:44.291#Z#DEBUG#1b49a2d7-2ef2-11f1-95b1-eeee0a85bcbe.OPERATION#flowable-async-job-executor-thread-6123#
[PrepareModulesDeploymentStep] Executing task "prepareModulesDeploymentTask" of process "1dd1adee-2ef2-11f1-95b1-eeee0a85bcbe"...#
#2026 04 03 00:14:44.294#Z#DEBUG#1b49a2d7-2ef2-11f1-95b1-eeee0a85bcbe.OPERATION#flowable-async-job-executor-thread-6123#
[PrepareModulesDeploymentStep] Preparing modules deployment...#
#2026 04 03 00:14:44.302#Z#DEBUG#1b49a2d7-2ef2-11f1-95b1-eeee0a85bcbe.OPERATION#flowable-async-job-executor-thread-6123#
Step "Prepare Modules Deployment" finished#
#2026 04 03 00:14:44.526#Z#DEBUG#1b49a2d7-2ef2-11f1-95b1-eeee0a85bcbe.OPERATION#flowable-async-job-executor-thread-6123#
[ProcessDescriptorStep] Executing task "reprocessDescriptorTask" of process "1debc63e-2ef2-11f1-95b1-eeee0a85bcbe"...#
#2026 04 03 00:14:44.528#Z#DEBUG#1b49a2d7-2ef2-11f1-95b1-eeee0a85bcbe.OPERATION#flowable-async-job-executor-thread-6123#
[ProcessDescriptorStep] Resolving properties and parameters in merged descriptor...#
#2026 04 03 00:14:44.530#Z#DEBUG#1b49a2d7-2ef2-11f1-95b1-eeee0a85bcbe.OPERATION#flowable-async-job-executor-thread-6123#
[ProcessDescriptorStep] Subscriptions: [ ]#
#2026 04 03 00:14:44.538#Z#DEBUG#1b49a2d7-2ef2-11f1-95b1-eeee0a85bcbe.OPERATION#flowable-async-job-executor-thread-6123#
[ProcessDescriptorStep] MTA modules: [northwind-fiori-app]#
#2026 04 03 00:14:44.542#Z#DEBUG#1b49a2d7-2ef2-11f1-95b1-eeee0a85bcbe.OPERATION#flowable-async-job-executor-thread-6123#
[ProcessDescriptorStep] Resolved deployment descriptor: {
  "majorSchemaVersion" : 3,
  "schemaVersion" : "3.1.0",
  "id" : "northwind-fiori-app",
  "version" : "1.0.0",
  "modules" : [ {
    "majorSchemaVersion" : 3,
    "name" : "northwind-fiori-app",
    "type" : "javascript.nodejs",
    "path" : "northwind-fiori-app",
    "properties" : { },
    "parameters" : {
      "default-url" : "https://1c5022fatrial-dev-ym-northwind-fiori-app.cfapps.us10-001.hana.ondemand.com",
      "default-app-name" : "northwind-fiori-app",
      "generated-password" : "********",
      "default-live-url" : "https://1c5022fatrial-dev-ym-northwind-fiori-app.cfapps.us10-001.hana.ondemand.com",
      "default-uri" : "1c5022fatrial-dev-ym-northwind-fiori-app.cfapps.us10-001.hana.ondemand.com",
      "default-instances" : 1,
      "default-live-host" : "1c5022fatrial-dev-ym-northwind-fiori-app",
      "instances" : 1,
      "default-host" : "1c5022fatrial-dev-ym-northwind-fiori-app",
      "app-name" : "northwind-fiori-app",
      "default-live-uri" : "1c5022fatrial-dev-ym-northwind-fiori-app.cfapps.us10-001.hana.ondemand.com",
      "protocol" : "https",
      "default-live-app-name" : "northwind-fiori-app",
      "default-live-domain" : "cfapps.us10-001.hana.ondemand.com",
      "domain" : "cfapps.us10-001.hana.ondemand.com",
      "host" : "1c5022fatrial-dev-ym-northwind-fiori-app",
      "generated-user" : "********"
    },
    "requiredDependencies" : [ ],
    "providedDependencies" : [ {
      "majorSchemaVersion" : 3,
      "name" : "northwind-fiori-app",
      "isPublic" : false,
      "properties" : { },
      "parameters" : { },
      "propertiesMetadata" : {
        "metadata" : { }
      },
      "parametersMetadata" : {
        "metadata" : { }
      }
    } ],
    "propertiesMetadata" : {
      "metadata" : { }
    },
    "parametersMetadata" : {
      "metadata" : { }
    },
    "hooks" : [ ]
  } ],
  "resources" : [ ],
  "parameters" : {
    "mta-id" : "northwind-fiori-app",
    "authorization-url" : "********",
    "org-guid" : "8d4a3a9a-adf3-4c84-a049-f561b1bb9e1f",
    "org" : "1c5022fatrial",
    "deploy-target" : "1c5022fatrial Dev_YM",
    "region-primary-domain" : "us10.hana.ondemand.com",
    "space" : "Dev_YM",
    "region-domain" : "us10-001.hana.ondemand.com",
    "xs-api-url" : "https://api.cf.us10-001.hana.ondemand.com",
    "deploy-url" : "deploy-service.cfapps.us10-001.hana.ondemand.com",
    "xs-type" : "CF",
    "default-domain" : "cfapps.us10-001.hana.ondemand.com",
    "mta-version" : "1.0.0",
    "xs-auth-url" : "********",
    "space-guid" : "b93a104c-bf2c-4338-bd59-edd1e2326866",
    "user" : "********",
    "controller-url" : "https://api.cf.us10-001.hana.ondemand.com",
    "timestamp" : "20260403001439"
  },
  "parametersMetadata" : {
    "metadata" : { }
  }
}#
#2026 04 03 00:14:44.542#Z#DEBUG#1b49a2d7-2ef2-11f1-95b1-eeee0a85bcbe.OPERATION#flowable-async-job-executor-thread-6123#
[ProcessDescriptorStep] Merged descriptor properties and parameters resolved#
#2026 04 03 00:14:44.542#Z#DEBUG#1b49a2d7-2ef2-11f1-95b1-eeee0a85bcbe.OPERATION#flowable-async-job-executor-thread-6123#
Step "Re-Process Descriptor Step" finished#
#2026 04 03 00:14:44.592#Z#DEBUG#1b49a2d7-2ef2-11f1-95b1-eeee0a85bcbe.OPERATION#flowable-async-job-executor-thread-6123#
[BuildApplicationDeployModelStep] Executing task "buildApplicationDeployModelTask" of process "1debc63e-2ef2-11f1-95b1-eeee0a85bcbe"...#
#2026 04 03 00:14:44.596#Z#DEBUG#1b49a2d7-2ef2-11f1-95b1-eeee0a85bcbe.OPERATION#flowable-async-job-executor-thread-6123#
[BuildApplicationDeployModelStep] Building cloud deployment model for application "northwind-fiori-app"...#
#2026 04 03 00:14:44.600#Z#DEBUG#1b49a2d7-2ef2-11f1-95b1-eeee0a85bcbe.OPERATION#flowable-async-job-executor-thread-6123#
[BuildApplicationDeployModelStep] No health-check-type is specified. Setting default type: port#
#2026 04 03 00:14:44.601#Z#INFO#1b49a2d7-2ef2-11f1-95b1-eeee0a85bcbe.OPERATION#flowable-async-job-executor-thread-6123#
[BuildApplicationDeployModelStep] Building configuration entries for org 1c5022fatrial, space Dev_YM, spaceId b93a104c-bf2c-4338-bd59-edd1e2326866 and namespace null!#
#2026 04 03 00:14:44.602#Z#DEBUG#1b49a2d7-2ef2-11f1-95b1-eeee0a85bcbe.OPERATION#flowable-async-job-executor-thread-6123#
[BuildApplicationDeployModelStep] Configuration entries to publish: [ ]#
#2026 04 03 00:14:44.602#Z#DEBUG#1b49a2d7-2ef2-11f1-95b1-eeee0a85bcbe.OPERATION#flowable-async-job-executor-thread-6123#
[BuildApplicationDeployModelStep] Cloud deployment model for application built#
#2026 04 03 00:14:44.602#Z#DEBUG#1b49a2d7-2ef2-11f1-95b1-eeee0a85bcbe.OPERATION#flowable-async-job-executor-thread-6123#
Step "Build Application Deploy Model" finished#
#2026 04 03 00:14:44.694#Z#DEBUG#1b49a2d7-2ef2-11f1-95b1-eeee0a85bcbe.OPERATION#flowable-async-job-executor-thread-6120#
[CreateOrUpdateAppStep] Executing task "createAppTask" of process "1debc63e-2ef2-11f1-95b1-eeee0a85bcbe"...#
#2026 04 03 00:14:44.699#Z#DEBUG#1b49a2d7-2ef2-11f1-95b1-eeee0a85bcbe.OPERATION#flowable-async-job-executor-thread-6120#
[CreateOrUpdateAppStep] Getting application "northwind-fiori-app"...#
#2026 04 03 00:14:44.736#Z#INFO#1b49a2d7-2ef2-11f1-95b1-eeee0a85bcbe.OPERATION#flowable-async-job-executor-thread-6120#
[CreateOrUpdateAppStep] Creating application "northwind-fiori-app" from MTA module "northwind-fiori-app"...#
#2026 04 03 00:14:44.746#Z#DEBUG#1b49a2d7-2ef2-11f1-95b1-eeee0a85bcbe.OPERATION#flowable-async-job-executor-thread-6120#
[CreateOrUpdateAppStep] Creating application "northwind-fiori-app" with disk "null" memory "null", URIs "1c5022fatrial-dev-ym-northwind-fiori-app.cfapps.us10-001.hana.ondemand.com" and staging: "{
  "isReadinessHealthCheckEnabled" : true,
  "buildpacks" : [ ],
  "healthCheckType" : "port",
  "appFeatures" : { }
}"#
#2026 04 03 00:14:45.244#Z#DEBUG#1b49a2d7-2ef2-11f1-95b1-eeee0a85bcbe.OPERATION#flowable-async-job-executor-thread-6120#
[CreateOrUpdateAppStep] Application "northwind-fiori-app" created#
#2026 04 03 00:14:45.244#Z#DEBUG#1b49a2d7-2ef2-11f1-95b1-eeee0a85bcbe.OPERATION#flowable-async-job-executor-thread-6120#
Step "Create App" finished#
#2026 04 03 00:14:45.299#Z#DEBUG#1b49a2d7-2ef2-11f1-95b1-eeee0a85bcbe.OPERATION#flowable-async-job-executor-thread-6122#
[UploadAppStep] Executing task "uploadAppTask" of process "1debc63e-2ef2-11f1-95b1-eeee0a85bcbe"...#
#2026 04 03 00:14:45.301#Z#DEBUG#1b49a2d7-2ef2-11f1-95b1-eeee0a85bcbe.OPERATION#flowable-async-job-executor-thread-6122#
[UploadAppStep] Application upload timeout is default one: 3,600 seconds#
#2026 04 03 00:14:45.301#Z#INFO#1b49a2d7-2ef2-11f1-95b1-eeee0a85bcbe.OPERATION#flowable-async-job-executor-thread-6122#
[UploadAppStep] Uploading application "northwind-fiori-app"...#
#2026 04 03 00:14:45.309#Z#DEBUG#1b49a2d7-2ef2-11f1-95b1-eeee0a85bcbe.OPERATION#flowable-async-job-executor-thread-6122#
[UploadAppStep] Getting application "northwind-fiori-app"...#
#2026 04 03 00:14:45.358#Z#DEBUG#1b49a2d7-2ef2-11f1-95b1-eeee0a85bcbe.OPERATION#flowable-async-job-executor-thread-6122#
[UploadAppStep] Getting environment of application "24054a82-3d8c-4b35-b5f1-8629d0bb909e"...#
#2026 04 03 00:14:45.407#Z#INFO#1b49a2d7-2ef2-11f1-95b1-eeee0a85bcbe.OPERATION#flowable-async-job-executor-thread-6122#
[UploadAppStep] Calculating application digest: "northwind-fiori-app"#
#2026 04 03 00:14:46.056#Z#DEBUG#1b49a2d7-2ef2-11f1-95b1-eeee0a85bcbe.OPERATION#flowable-async-job-executor-thread-6122#
Step "Upload App" finished#
#2026 04 03 00:14:57.891#Z#DEBUG#1b49a2d7-2ef2-11f1-95b1-eeee0a85bcbe.OPERATION#flowable-async-job-executor-thread-15873#
[UploadAppStep] Executing task "uploadAppTask" of process "1debc63e-2ef2-11f1-95b1-eeee0a85bcbe"...#
#2026 04 03 00:14:57.891#Z#DEBUG#1b49a2d7-2ef2-11f1-95b1-eeee0a85bcbe.OPERATION#flowable-async-job-executor-thread-15873#
[UploadAppStep] Application upload timeout is default one: 3,600 seconds#
#2026 04 03 00:14:57.956#Z#DEBUG#1b49a2d7-2ef2-11f1-95b1-eeee0a85bcbe.OPERATION#pool-21-thread-6#
[UploadAppStep] Upload of application: northwind-fiori-app started on instance: 0#
#2026 04 03 00:14:57.956#Z#DEBUG#1b49a2d7-2ef2-11f1-95b1-eeee0a85bcbe.OPERATION#pool-21-thread-6#
[UploadAppStep] Uploading file "northwind-fiori-app/data.zip" for application "northwind-fiori-app"#
#2026 04 03 00:14:58.507#Z#INFO#1b49a2d7-2ef2-11f1-95b1-eeee0a85bcbe.OPERATION#pool-21-thread-6#
[UploadAppStep] Time elapsed for app binary download: 550 in millis#
#2026 04 03 00:14:58.507#Z#INFO#1b49a2d7-2ef2-11f1-95b1-eeee0a85bcbe.OPERATION#pool-21-thread-6#
[UploadAppStep] Size of app northwind-fiori-app is 57,101,137 bytes#
#2026 04 03 00:14:58.507#Z#DEBUG#1b49a2d7-2ef2-11f1-95b1-eeee0a85bcbe.OPERATION#pool-21-thread-6#
[UploadAppStep] Asynchronously uploading binaries for application "northwind-fiori-app"...#
#2026 04 03 00:14:59.137#Z#INFO#1b49a2d7-2ef2-11f1-95b1-eeee0a85bcbe.OPERATION#pool-21-thread-6#
[UploadAppStep] Started async upload of application "northwind-fiori-app"#
#2026 04 03 00:14:59.141#Z#INFO#1b49a2d7-2ef2-11f1-95b1-eeee0a85bcbe.OPERATION#flowable-async-job-executor-thread-15873#
[UploadAppStep] Time elapsed for upload: 1,249 in millis#
#2026 04 03 00:14:59.142#Z#DEBUG#1b49a2d7-2ef2-11f1-95b1-eeee0a85bcbe.OPERATION#flowable-async-job-executor-thread-15873#
[UploadAppStep] Getting application "northwind-fiori-app"...#
#2026 04 03 00:14:59.173#Z#DEBUG#1b49a2d7-2ef2-11f1-95b1-eeee0a85bcbe.OPERATION#App upload monitor: 27cba289-d74e-46a3-ade7-cec31c38d6ed#
[UploadAppStep] Upload status: PROCESSING_UPLOAD#
#2026 04 03 00:14:59.203#Z#DEBUG#1b49a2d7-2ef2-11f1-95b1-eeee0a85bcbe.OPERATION#flowable-async-job-executor-thread-15873#
[UploadAppStep] Getting environment of application "24054a82-3d8c-4b35-b5f1-8629d0bb909e"...#
#2026 04 03 00:14:59.250#Z#DEBUG#1b49a2d7-2ef2-11f1-95b1-eeee0a85bcbe.OPERATION#flowable-async-job-executor-thread-15873#
[UploadAppStep] Updating environment of application "northwind-fiori-app"#
#2026 04 03 00:14:59.359#Z#DEBUG#1b49a2d7-2ef2-11f1-95b1-eeee0a85bcbe.OPERATION#flowable-async-job-executor-thread-15873#
Step "Upload App" finished#
#2026 04 03 00:15:04.202#Z#DEBUG#1b49a2d7-2ef2-11f1-95b1-eeee0a85bcbe.OPERATION#App upload monitor: 27cba289-d74e-46a3-ade7-cec31c38d6ed#
[UploadAppStep] Upload status: PROCESSING_UPLOAD#
#2026 04 03 00:15:07.900#Z#DEBUG#1b49a2d7-2ef2-11f1-95b1-eeee0a85bcbe.OPERATION#flowable-async-job-executor-thread-15875#
[UploadAppStep] Executing task "uploadAppTask" of process "1debc63e-2ef2-11f1-95b1-eeee0a85bcbe"...#
#2026 04 03 00:15:07.900#Z#DEBUG#1b49a2d7-2ef2-11f1-95b1-eeee0a85bcbe.OPERATION#flowable-async-job-executor-thread-15875#
[UploadAppStep] Application upload timeout is default one: 3,600 seconds#
#2026 04 03 00:15:07.900#Z#DEBUG#1b49a2d7-2ef2-11f1-95b1-eeee0a85bcbe.OPERATION#flowable-async-job-executor-thread-15875#
[UploadAppStep] Checking upload status of application "northwind-fiori-app"...#
#2026 04 03 00:15:07.901#Z#DEBUG#1b49a2d7-2ef2-11f1-95b1-eeee0a85bcbe.OPERATION#flowable-async-job-executor-thread-15875#
[UploadAppStep] Getting package "27cba289-d74e-46a3-ade7-cec31c38d6ed"...#
#2026 04 03 00:15:07.929#Z#DEBUG#1b49a2d7-2ef2-11f1-95b1-eeee0a85bcbe.OPERATION#flowable-async-job-executor-thread-15875#
Step "Upload App" finished#
#2026 04 03 00:15:09.253#Z#DEBUG#1b49a2d7-2ef2-11f1-95b1-eeee0a85bcbe.OPERATION#App upload monitor: 27cba289-d74e-46a3-ade7-cec31c38d6ed#
[UploadAppStep] Upload status: PROCESSING_UPLOAD#
#2026 04 03 00:15:14.289#Z#DEBUG#1b49a2d7-2ef2-11f1-95b1-eeee0a85bcbe.OPERATION#App upload monitor: 27cba289-d74e-46a3-ade7-cec31c38d6ed#
[UploadAppStep] Upload status: PROCESSING_UPLOAD#
#2026 04 03 00:15:17.905#Z#DEBUG#1b49a2d7-2ef2-11f1-95b1-eeee0a85bcbe.OPERATION#flowable-async-job-executor-thread-15877#
[UploadAppStep] Executing task "uploadAppTask" of process "1debc63e-2ef2-11f1-95b1-eeee0a85bcbe"...#
#2026 04 03 00:15:17.905#Z#DEBUG#1b49a2d7-2ef2-11f1-95b1-eeee0a85bcbe.OPERATION#flowable-async-job-executor-thread-15877#
[UploadAppStep] Application upload timeout is default one: 3,600 seconds#
#2026 04 03 00:15:17.905#Z#DEBUG#1b49a2d7-2ef2-11f1-95b1-eeee0a85bcbe.OPERATION#flowable-async-job-executor-thread-15877#
[UploadAppStep] Checking upload status of application "northwind-fiori-app"...#
#2026 04 03 00:15:17.906#Z#DEBUG#1b49a2d7-2ef2-11f1-95b1-eeee0a85bcbe.OPERATION#flowable-async-job-executor-thread-15877#
[UploadAppStep] Getting package "27cba289-d74e-46a3-ade7-cec31c38d6ed"...#
#2026 04 03 00:15:17.937#Z#DEBUG#1b49a2d7-2ef2-11f1-95b1-eeee0a85bcbe.OPERATION#flowable-async-job-executor-thread-15877#
Step "Upload App" finished#
#2026 04 03 00:15:19.320#Z#DEBUG#1b49a2d7-2ef2-11f1-95b1-eeee0a85bcbe.OPERATION#App upload monitor: 27cba289-d74e-46a3-ade7-cec31c38d6ed#
[UploadAppStep] Upload status: PROCESSING_UPLOAD#
#2026 04 03 00:15:24.352#Z#DEBUG#1b49a2d7-2ef2-11f1-95b1-eeee0a85bcbe.OPERATION#App upload monitor: 27cba289-d74e-46a3-ade7-cec31c38d6ed#
[UploadAppStep] Upload status: PROCESSING_UPLOAD#
#2026 04 03 00:15:27.914#Z#DEBUG#1b49a2d7-2ef2-11f1-95b1-eeee0a85bcbe.OPERATION#flowable-async-job-executor-thread-15879#
[UploadAppStep] Executing task "uploadAppTask" of process "1debc63e-2ef2-11f1-95b1-eeee0a85bcbe"...#
#2026 04 03 00:15:27.915#Z#DEBUG#1b49a2d7-2ef2-11f1-95b1-eeee0a85bcbe.OPERATION#flowable-async-job-executor-thread-15879#
[UploadAppStep] Application upload timeout is default one: 3,600 seconds#
#2026 04 03 00:15:27.915#Z#DEBUG#1b49a2d7-2ef2-11f1-95b1-eeee0a85bcbe.OPERATION#flowable-async-job-executor-thread-15879#
[UploadAppStep] Checking upload status of application "northwind-fiori-app"...#
#2026 04 03 00:15:27.915#Z#DEBUG#1b49a2d7-2ef2-11f1-95b1-eeee0a85bcbe.OPERATION#flowable-async-job-executor-thread-15879#
[UploadAppStep] Getting package "27cba289-d74e-46a3-ade7-cec31c38d6ed"...#
#2026 04 03 00:15:27.949#Z#DEBUG#1b49a2d7-2ef2-11f1-95b1-eeee0a85bcbe.OPERATION#flowable-async-job-executor-thread-15879#
[UploadAppStep] Application "northwind-fiori-app" uploaded#
#2026 04 03 00:15:27.950#Z#DEBUG#1b49a2d7-2ef2-11f1-95b1-eeee0a85bcbe.OPERATION#flowable-async-job-executor-thread-15879#
Step "Upload App" finished#
#2026 04 03 00:15:27.973#Z#DEBUG#1b49a2d7-2ef2-11f1-95b1-eeee0a85bcbe.OPERATION#flowable-async-job-executor-thread-15880#
[ScaleAppStep] Executing task "scaleAppTask" of process "1debc63e-2ef2-11f1-95b1-eeee0a85bcbe"...#
#2026 04 03 00:15:27.975#Z#DEBUG#1b49a2d7-2ef2-11f1-95b1-eeee0a85bcbe.OPERATION#flowable-async-job-executor-thread-15880#
[ScaleAppStep] Scaling application "northwind-fiori-app"...#
#2026 04 03 00:15:27.975#Z#DEBUG#1b49a2d7-2ef2-11f1-95b1-eeee0a85bcbe.OPERATION#flowable-async-job-executor-thread-15880#
[ScaleAppStep] Application "northwind-fiori-app" scaled#
#2026 04 03 00:15:27.975#Z#DEBUG#1b49a2d7-2ef2-11f1-95b1-eeee0a85bcbe.OPERATION#flowable-async-job-executor-thread-15880#
Step "Scale App" finished#
#2026 04 03 00:15:27.993#Z#DEBUG#1b49a2d7-2ef2-11f1-95b1-eeee0a85bcbe.OPERATION#flowable-async-job-executor-thread-15881#
[DetermineDesiredStateAchievingActionsStep] Executing task "determineDesiredStateAchievingActionsTask" of process "1debc63e-2ef2-11f1-95b1-eeee0a85bcbe"...#
#2026 04 03 00:15:27.994#Z#DEBUG#1b49a2d7-2ef2-11f1-95b1-eeee0a85bcbe.OPERATION#flowable-async-job-executor-thread-15881#
[DetermineDesiredStateAchievingActionsStep] Getting application "northwind-fiori-app"...#
#2026 04 03 00:15:28.037#Z#DEBUG#1b49a2d7-2ef2-11f1-95b1-eeee0a85bcbe.OPERATION#flowable-async-job-executor-thread-15881#
[DetermineDesiredStateAchievingActionsStep] Getting instances for application "northwind-fiori-app"...#
#2026 04 03 00:15:28.037#Z#DEBUG#1b49a2d7-2ef2-11f1-95b1-eeee0a85bcbe.OPERATION#flowable-async-job-executor-thread-15881#
[DetermineDesiredStateAchievingActionsStep] Getting environment of application "24054a82-3d8c-4b35-b5f1-8629d0bb909e"...#
#2026 04 03 00:15:28.076#Z#DEBUG#1b49a2d7-2ef2-11f1-95b1-eeee0a85bcbe.OPERATION#flowable-async-job-executor-thread-15881#
[DetermineDesiredStateAchievingActionsStep] Current state of application northwind-fiori-app: STOPPED#
#2026 04 03 00:15:28.076#Z#DEBUG#1b49a2d7-2ef2-11f1-95b1-eeee0a85bcbe.OPERATION#flowable-async-job-executor-thread-15881#
[DetermineDesiredStateAchievingActionsStep] Desired state of application northwind-fiori-app: STARTED#
#2026 04 03 00:15:28.076#Z#DEBUG#1b49a2d7-2ef2-11f1-95b1-eeee0a85bcbe.OPERATION#flowable-async-job-executor-thread-15881#
[DetermineDesiredStateAchievingActionsStep] Actions that should be executed on application northwind-fiori-app: [STAGE, START]#
#2026 04 03 00:15:28.076#Z#DEBUG#1b49a2d7-2ef2-11f1-95b1-eeee0a85bcbe.OPERATION#flowable-async-job-executor-thread-15881#
Step "Determine Desired State Achieving Actions" finished#
#2026 04 03 00:15:28.102#Z#DEBUG#1b49a2d7-2ef2-11f1-95b1-eeee0a85bcbe.OPERATION#flowable-async-job-executor-thread-15882#
[StageAppStep] Executing task "stageAppTask" of process "1debc63e-2ef2-11f1-95b1-eeee0a85bcbe"...#
#2026 04 03 00:15:28.103#Z#DEBUG#1b49a2d7-2ef2-11f1-95b1-eeee0a85bcbe.OPERATION#flowable-async-job-executor-thread-15882#
[StageAppStep] Application stage timeout is default one: 3,600 seconds#
#2026 04 03 00:15:28.104#Z#INFO#1b49a2d7-2ef2-11f1-95b1-eeee0a85bcbe.OPERATION#flowable-async-job-executor-thread-15882#
[StageAppStep] Staging application "northwind-fiori-app"...#
#2026 04 03 00:15:28.111#Z#DEBUG#1b49a2d7-2ef2-11f1-95b1-eeee0a85bcbe.OPERATION#flowable-async-job-executor-thread-15882#
[StageAppStep] Creating build for package "27cba289-d74e-46a3-ade7-cec31c38d6ed"...#
#2026 04 03 00:15:28.698#Z#DEBUG#1b49a2d7-2ef2-11f1-95b1-eeee0a85bcbe.OPERATION#flowable-async-job-executor-thread-15882#
Step "Stage App" finished#
#2026 04 03 00:15:29.383#Z#DEBUG#1b49a2d7-2ef2-11f1-95b1-eeee0a85bcbe.OPERATION#App upload monitor: 27cba289-d74e-46a3-ade7-cec31c38d6ed#
[UploadAppStep] Upload status: READY#
#2026 04 03 00:15:37.920#Z#DEBUG#1b49a2d7-2ef2-11f1-95b1-eeee0a85bcbe.OPERATION#flowable-async-job-executor-thread-15888#
[StageAppStep] Executing task "stageAppTask" of process "1debc63e-2ef2-11f1-95b1-eeee0a85bcbe"...#
#2026 04 03 00:15:37.921#Z#DEBUG#1b49a2d7-2ef2-11f1-95b1-eeee0a85bcbe.OPERATION#flowable-async-job-executor-thread-15888#
[StageAppStep] Application stage timeout is default one: 3,600 seconds#
#2026 04 03 00:15:37.921#Z#DEBUG#1b49a2d7-2ef2-11f1-95b1-eeee0a85bcbe.OPERATION#flowable-async-job-executor-thread-15888#
[StageAppStep] Checking status of application "northwind-fiori-app"...#
#2026 04 03 00:15:37.921#Z#DEBUG#1b49a2d7-2ef2-11f1-95b1-eeee0a85bcbe.OPERATION#flowable-async-job-executor-thread-15888#
[StageAppStep] Getting build "2814f6aa-2a64-4a4c-99a6-78ee187862ed"...#
#2026 04 03 00:15:37.956#Z#DEBUG#1b49a2d7-2ef2-11f1-95b1-eeee0a85bcbe.OPERATION#flowable-async-job-executor-thread-15888#
[StageAppStep] Staging status of application "northwind-fiori-app": PENDING#
#2026 04 03 00:15:37.957#Z#DEBUG#1b49a2d7-2ef2-11f1-95b1-eeee0a85bcbe.OPERATION#flowable-async-job-executor-thread-15888#
[StageAppStep] Getting application guid "northwind-fiori-app"...#
#2026 04 03 00:15:38.066#Z#DEBUG#1b49a2d7-2ef2-11f1-95b1-eeee0a85bcbe.OPERATION#flowable-async-job-executor-thread-15888#
Step "Stage App" finished#
#2026 04 03 00:15:47.938#Z#DEBUG#1b49a2d7-2ef2-11f1-95b1-eeee0a85bcbe.OPERATION#flowable-async-job-executor-thread-15895#
[StageAppStep] Executing task "stageAppTask" of process "1debc63e-2ef2-11f1-95b1-eeee0a85bcbe"...#
#2026 04 03 00:15:47.939#Z#DEBUG#1b49a2d7-2ef2-11f1-95b1-eeee0a85bcbe.OPERATION#flowable-async-job-executor-thread-15895#
[StageAppStep] Application stage timeout is default one: 3,600 seconds#
#2026 04 03 00:15:47.940#Z#DEBUG#1b49a2d7-2ef2-11f1-95b1-eeee0a85bcbe.OPERATION#flowable-async-job-executor-thread-15895#
[StageAppStep] Checking status of application "northwind-fiori-app"...#
#2026 04 03 00:15:47.940#Z#DEBUG#1b49a2d7-2ef2-11f1-95b1-eeee0a85bcbe.OPERATION#flowable-async-job-executor-thread-15895#
[StageAppStep] Getting build "2814f6aa-2a64-4a4c-99a6-78ee187862ed"...#
#2026 04 03 00:15:47.974#Z#DEBUG#1b49a2d7-2ef2-11f1-95b1-eeee0a85bcbe.OPERATION#flowable-async-job-executor-thread-15895#
[StageAppStep] Staging status of application "northwind-fiori-app": PENDING#
#2026 04 03 00:15:47.975#Z#DEBUG#1b49a2d7-2ef2-11f1-95b1-eeee0a85bcbe.OPERATION#flowable-async-job-executor-thread-15895#
[StageAppStep] Getting application guid "northwind-fiori-app"...#
#2026 04 03 00:15:48.105#Z#DEBUG#1b49a2d7-2ef2-11f1-95b1-eeee0a85bcbe.OPERATION#flowable-async-job-executor-thread-15895#
Step "Stage App" finished#
#2026 04 03 00:15:57.953#Z#DEBUG#1b49a2d7-2ef2-11f1-95b1-eeee0a85bcbe.OPERATION#flowable-async-job-executor-thread-15904#
[StageAppStep] Executing task "stageAppTask" of process "1debc63e-2ef2-11f1-95b1-eeee0a85bcbe"...#
#2026 04 03 00:15:57.954#Z#DEBUG#1b49a2d7-2ef2-11f1-95b1-eeee0a85bcbe.OPERATION#flowable-async-job-executor-thread-15904#
[StageAppStep] Application stage timeout is default one: 3,600 seconds#
#2026 04 03 00:15:57.955#Z#DEBUG#1b49a2d7-2ef2-11f1-95b1-eeee0a85bcbe.OPERATION#flowable-async-job-executor-thread-15904#
[StageAppStep] Checking status of application "northwind-fiori-app"...#
#2026 04 03 00:15:57.955#Z#DEBUG#1b49a2d7-2ef2-11f1-95b1-eeee0a85bcbe.OPERATION#flowable-async-job-executor-thread-15904#
[StageAppStep] Getting build "2814f6aa-2a64-4a4c-99a6-78ee187862ed"...#
#2026 04 03 00:15:57.992#Z#DEBUG#1b49a2d7-2ef2-11f1-95b1-eeee0a85bcbe.OPERATION#flowable-async-job-executor-thread-15904#
[StageAppStep] Staging status of application "northwind-fiori-app": PENDING#
#2026 04 03 00:15:57.993#Z#DEBUG#1b49a2d7-2ef2-11f1-95b1-eeee0a85bcbe.OPERATION#flowable-async-job-executor-thread-15904#
[StageAppStep] Getting application guid "northwind-fiori-app"...#
#2026 04 03 00:15:58.090#Z#DEBUG#1b49a2d7-2ef2-11f1-95b1-eeee0a85bcbe.OPERATION#flowable-async-job-executor-thread-15904#
Step "Stage App" finished#
#2026 04 03 00:16:07.983#Z#DEBUG#1b49a2d7-2ef2-11f1-95b1-eeee0a85bcbe.OPERATION#flowable-async-job-executor-thread-15913#
[StageAppStep] Executing task "stageAppTask" of process "1debc63e-2ef2-11f1-95b1-eeee0a85bcbe"...#
#2026 04 03 00:16:07.983#Z#DEBUG#1b49a2d7-2ef2-11f1-95b1-eeee0a85bcbe.OPERATION#flowable-async-job-executor-thread-15913#
[StageAppStep] Application stage timeout is default one: 3,600 seconds#
#2026 04 03 00:16:07.984#Z#DEBUG#1b49a2d7-2ef2-11f1-95b1-eeee0a85bcbe.OPERATION#flowable-async-job-executor-thread-15913#
[StageAppStep] Checking status of application "northwind-fiori-app"...#
#2026 04 03 00:16:07.984#Z#DEBUG#1b49a2d7-2ef2-11f1-95b1-eeee0a85bcbe.OPERATION#flowable-async-job-executor-thread-15913#
[StageAppStep] Getting build "2814f6aa-2a64-4a4c-99a6-78ee187862ed"...#
#2026 04 03 00:16:08.019#Z#DEBUG#1b49a2d7-2ef2-11f1-95b1-eeee0a85bcbe.OPERATION#flowable-async-job-executor-thread-15913#
[StageAppStep] Staging status of application "northwind-fiori-app": PENDING#
#2026 04 03 00:16:08.020#Z#DEBUG#1b49a2d7-2ef2-11f1-95b1-eeee0a85bcbe.OPERATION#flowable-async-job-executor-thread-15913#
[StageAppStep] Getting application guid "northwind-fiori-app"...#
#2026 04 03 00:16:08.122#Z#DEBUG#1b49a2d7-2ef2-11f1-95b1-eeee0a85bcbe.OPERATION#flowable-async-job-executor-thread-15913#
Step "Stage App" finished#
#2026 04 03 00:16:17.999#Z#DEBUG#1b49a2d7-2ef2-11f1-95b1-eeee0a85bcbe.OPERATION#flowable-async-job-executor-thread-15923#
[StageAppStep] Executing task "stageAppTask" of process "1debc63e-2ef2-11f1-95b1-eeee0a85bcbe"...#
#2026 04 03 00:16:17.999#Z#DEBUG#1b49a2d7-2ef2-11f1-95b1-eeee0a85bcbe.OPERATION#flowable-async-job-executor-thread-15923#
[StageAppStep] Application stage timeout is default one: 3,600 seconds#
#2026 04 03 00:16:18.000#Z#DEBUG#1b49a2d7-2ef2-11f1-95b1-eeee0a85bcbe.OPERATION#flowable-async-job-executor-thread-15923#
[StageAppStep] Checking status of application "northwind-fiori-app"...#
#2026 04 03 00:16:18.000#Z#DEBUG#1b49a2d7-2ef2-11f1-95b1-eeee0a85bcbe.OPERATION#flowable-async-job-executor-thread-15923#
[StageAppStep] Getting build "2814f6aa-2a64-4a4c-99a6-78ee187862ed"...#
#2026 04 03 00:16:18.040#Z#DEBUG#1b49a2d7-2ef2-11f1-95b1-eeee0a85bcbe.OPERATION#flowable-async-job-executor-thread-15923#
[StageAppStep] Staging status of application "northwind-fiori-app": PENDING#
#2026 04 03 00:16:18.041#Z#DEBUG#1b49a2d7-2ef2-11f1-95b1-eeee0a85bcbe.OPERATION#flowable-async-job-executor-thread-15923#
[StageAppStep] Getting application guid "northwind-fiori-app"...#
#2026 04 03 00:16:18.135#Z#DEBUG#1b49a2d7-2ef2-11f1-95b1-eeee0a85bcbe.OPERATION#flowable-async-job-executor-thread-15923#
Step "Stage App" finished#
#2026 04 03 00:16:28.193#Z#DEBUG#1b49a2d7-2ef2-11f1-95b1-eeee0a85bcbe.OPERATION#flowable-async-job-executor-thread-15926#
[StageAppStep] Executing task "stageAppTask" of process "1debc63e-2ef2-11f1-95b1-eeee0a85bcbe"...#
#2026 04 03 00:16:28.194#Z#DEBUG#1b49a2d7-2ef2-11f1-95b1-eeee0a85bcbe.OPERATION#flowable-async-job-executor-thread-15926#
[StageAppStep] Application stage timeout is default one: 3,600 seconds#
#2026 04 03 00:16:28.196#Z#DEBUG#1b49a2d7-2ef2-11f1-95b1-eeee0a85bcbe.OPERATION#flowable-async-job-executor-thread-15926#
[StageAppStep] Checking status of application "northwind-fiori-app"...#
#2026 04 03 00:16:28.196#Z#DEBUG#1b49a2d7-2ef2-11f1-95b1-eeee0a85bcbe.OPERATION#flowable-async-job-executor-thread-15926#
[StageAppStep] Getting build "2814f6aa-2a64-4a4c-99a6-78ee187862ed"...#
#2026 04 03 00:16:28.244#Z#DEBUG#1b49a2d7-2ef2-11f1-95b1-eeee0a85bcbe.OPERATION#flowable-async-job-executor-thread-15926#
[StageAppStep] Staging status of application "northwind-fiori-app": STAGED#
#2026 04 03 00:16:28.245#Z#DEBUG#1b49a2d7-2ef2-11f1-95b1-eeee0a85bcbe.OPERATION#flowable-async-job-executor-thread-15926#
[StageAppStep] Getting application guid "northwind-fiori-app"...#
#2026 04 03 00:16:28.358#Z#DEBUG#1b49a2d7-2ef2-11f1-95b1-eeee0a85bcbe.OPERATION#flowable-async-job-executor-thread-15926#
[StageAppStep] Getting build "2814f6aa-2a64-4a4c-99a6-78ee187862ed"...#
#2026 04 03 00:16:28.394#Z#DEBUG#1b49a2d7-2ef2-11f1-95b1-eeee0a85bcbe.OPERATION#flowable-async-job-executor-thread-15926#
[StageAppStep] Binding droplet "07ca4417-9905-4fc2-9612-00136d08fa3d" to application "24054a82-3d8c-4b35-b5f1-8629d0bb909e"...#
#2026 04 03 00:16:28.449#Z#INFO#1b49a2d7-2ef2-11f1-95b1-eeee0a85bcbe.OPERATION#flowable-async-job-executor-thread-15926#
[StageAppStep] Application "northwind-fiori-app" staged#
#2026 04 03 00:16:28.455#Z#DEBUG#1b49a2d7-2ef2-11f1-95b1-eeee0a85bcbe.OPERATION#flowable-async-job-executor-thread-15926#
Step "Stage App" finished#
#2026 04 03 00:16:28.483#Z#DEBUG#1b49a2d7-2ef2-11f1-95b1-eeee0a85bcbe.OPERATION#flowable-async-job-executor-thread-15930#
[RestartAppStep] Executing task "startAppTask" of process "1debc63e-2ef2-11f1-95b1-eeee0a85bcbe"...#
#2026 04 03 00:16:28.484#Z#DEBUG#1b49a2d7-2ef2-11f1-95b1-eeee0a85bcbe.OPERATION#flowable-async-job-executor-thread-15930#
[RestartAppStep] Application start timeout is default one: 3,600 seconds#
#2026 04 03 00:16:28.485#Z#DEBUG#1b49a2d7-2ef2-11f1-95b1-eeee0a85bcbe.OPERATION#flowable-async-job-executor-thread-15930#
[RestartAppStep] Getting application "northwind-fiori-app"...#
#2026 04 03 00:16:28.532#Z#INFO#1b49a2d7-2ef2-11f1-95b1-eeee0a85bcbe.OPERATION#flowable-async-job-executor-thread-15930#
[RestartAppStep] Starting application "northwind-fiori-app"...#
#2026 04 03 00:16:28.537#Z#DEBUG#1b49a2d7-2ef2-11f1-95b1-eeee0a85bcbe.OPERATION#flowable-async-job-executor-thread-15930#
[RestartAppStep] Starting application "northwind-fiori-app"...#
#2026 04 03 00:16:28.769#Z#DEBUG#1b49a2d7-2ef2-11f1-95b1-eeee0a85bcbe.OPERATION#flowable-async-job-executor-thread-15930#
Step "Start App" finished#
#2026 04 03 00:16:38.060#Z#DEBUG#1b49a2d7-2ef2-11f1-95b1-eeee0a85bcbe.OPERATION#flowable-async-job-executor-thread-15936#
[RestartAppStep] Executing task "startAppTask" of process "5c1f8979-2ef2-11f1-97d1-eeee0a988538"...#
#2026 04 03 00:16:38.061#Z#DEBUG#1b49a2d7-2ef2-11f1-95b1-eeee0a85bcbe.OPERATION#flowable-async-job-executor-thread-15936#
[RestartAppStep] Application start timeout is default one: 3,600 seconds#
#2026 04 03 00:16:38.062#Z#DEBUG#1b49a2d7-2ef2-11f1-95b1-eeee0a85bcbe.OPERATION#flowable-async-job-executor-thread-15936#
[RestartAppStep] Checking status of application "northwind-fiori-app"...#
#2026 04 03 00:16:38.062#Z#DEBUG#1b49a2d7-2ef2-11f1-95b1-eeee0a85bcbe.OPERATION#flowable-async-job-executor-thread-15936#
[RestartAppStep] Getting application "northwind-fiori-app"...#
#2026 04 03 00:16:38.108#Z#DEBUG#1b49a2d7-2ef2-11f1-95b1-eeee0a85bcbe.OPERATION#flowable-async-job-executor-thread-15936#
[RestartAppStep] Getting instances for application "northwind-fiori-app"...#
#2026 04 03 00:16:38.164#Z#DEBUG#1b49a2d7-2ef2-11f1-95b1-eeee0a85bcbe.OPERATION#flowable-async-job-executor-thread-15936#
[RestartAppStep] Application "northwind-fiori-app": 0 of 1 instances running (1 starting)#
#2026 04 03 00:16:38.238#Z#DEBUG#1b49a2d7-2ef2-11f1-95b1-eeee0a85bcbe.OPERATION#flowable-async-job-executor-thread-15936#
Step "Start App" finished#
#2026 04 03 00:16:48.077#Z#DEBUG#1b49a2d7-2ef2-11f1-95b1-eeee0a85bcbe.OPERATION#flowable-async-job-executor-thread-15941#
[RestartAppStep] Executing task "startAppTask" of process "61c43d65-2ef2-11f1-97d1-eeee0a988538"...#
#2026 04 03 00:16:48.079#Z#DEBUG#1b49a2d7-2ef2-11f1-95b1-eeee0a85bcbe.OPERATION#flowable-async-job-executor-thread-15941#
[RestartAppStep] Application start timeout is default one: 3,600 seconds#
#2026 04 03 00:16:48.080#Z#DEBUG#1b49a2d7-2ef2-11f1-95b1-eeee0a85bcbe.OPERATION#flowable-async-job-executor-thread-15941#
[RestartAppStep] Checking status of application "northwind-fiori-app"...#
#2026 04 03 00:16:48.081#Z#DEBUG#1b49a2d7-2ef2-11f1-95b1-eeee0a85bcbe.OPERATION#flowable-async-job-executor-thread-15941#
[RestartAppStep] Getting instances for application "northwind-fiori-app"...#
#2026 04 03 00:16:48.134#Z#DEBUG#1b49a2d7-2ef2-11f1-95b1-eeee0a85bcbe.OPERATION#flowable-async-job-executor-thread-15941#
[RestartAppStep] Application "northwind-fiori-app": 0 of 1 instances running (1 starting)#
#2026 04 03 00:16:48.172#Z#DEBUG#1b49a2d7-2ef2-11f1-95b1-eeee0a85bcbe.OPERATION#flowable-async-job-executor-thread-15941#
Step "Start App" finished#
#2026 04 03 00:16:58.089#Z#DEBUG#1b49a2d7-2ef2-11f1-95b1-eeee0a85bcbe.OPERATION#flowable-async-job-executor-thread-15948#
[RestartAppStep] Executing task "startAppTask" of process "67b00c6e-2ef2-11f1-97d1-eeee0a988538"...#
#2026 04 03 00:16:58.091#Z#DEBUG#1b49a2d7-2ef2-11f1-95b1-eeee0a85bcbe.OPERATION#flowable-async-job-executor-thread-15948#
[RestartAppStep] Application start timeout is default one: 3,600 seconds#
#2026 04 03 00:16:58.091#Z#DEBUG#1b49a2d7-2ef2-11f1-95b1-eeee0a85bcbe.OPERATION#flowable-async-job-executor-thread-15948#
[RestartAppStep] Checking status of application "northwind-fiori-app"...#
#2026 04 03 00:16:58.092#Z#DEBUG#1b49a2d7-2ef2-11f1-95b1-eeee0a85bcbe.OPERATION#flowable-async-job-executor-thread-15948#
[RestartAppStep] Getting instances for application "northwind-fiori-app"...#
#2026 04 03 00:16:58.196#Z#DEBUG#1b49a2d7-2ef2-11f1-95b1-eeee0a85bcbe.OPERATION#flowable-async-job-executor-thread-15948#
[RestartAppStep] Application "northwind-fiori-app": 0 of 1 instances running (1 starting)#
#2026 04 03 00:16:58.234#Z#DEBUG#1b49a2d7-2ef2-11f1-95b1-eeee0a85bcbe.OPERATION#flowable-async-job-executor-thread-15948#
Step "Start App" finished#
#2026 04 03 00:17:08.103#Z#DEBUG#1b49a2d7-2ef2-11f1-95b1-eeee0a85bcbe.OPERATION#flowable-async-job-executor-thread-15954#
[RestartAppStep] Executing task "startAppTask" of process "6daf6368-2ef2-11f1-97d1-eeee0a988538"...#
#2026 04 03 00:17:08.104#Z#DEBUG#1b49a2d7-2ef2-11f1-95b1-eeee0a85bcbe.OPERATION#flowable-async-job-executor-thread-15954#
[RestartAppStep] Application start timeout is default one: 3,600 seconds#
#2026 04 03 00:17:08.104#Z#DEBUG#1b49a2d7-2ef2-11f1-95b1-eeee0a85bcbe.OPERATION#flowable-async-job-executor-thread-15954#
[RestartAppStep] Checking status of application "northwind-fiori-app"...#
#2026 04 03 00:17:08.105#Z#DEBUG#1b49a2d7-2ef2-11f1-95b1-eeee0a85bcbe.OPERATION#flowable-async-job-executor-thread-15954#
[RestartAppStep] Getting instances for application "northwind-fiori-app"...#
#2026 04 03 00:17:08.150#Z#DEBUG#1b49a2d7-2ef2-11f1-95b1-eeee0a85bcbe.OPERATION#flowable-async-job-executor-thread-15954#
[RestartAppStep] Application "northwind-fiori-app": 0 of 1 instances running (1 crashed)#
#2026 04 03 00:17:08.188#Z#ERROR#1b49a2d7-2ef2-11f1-95b1-eeee0a85bcbe.OPERATION#flowable-async-job-executor-thread-15954#
[RestartAppStep] Error starting application "northwind-fiori-app": Some instances have crashed. Check the logs of your application for more information.
Download the application logs via the dmol command and check them for more information.#
#2026 04 03 00:17:08.192#Z#ERROR#1b49a2d7-2ef2-11f1-95b1-eeee0a85bcbe.OPERATION#flowable-async-job-executor-thread-15954#
Exception caught#
org.cloudfoundry.multiapps.common.SLException: A step of the process has failed. Retrying it may solve the issue.
	at org.cloudfoundry.multiapps.controller.process.steps.SyncFlowableStep.executeInternal(SyncFlowableStep.java:83)
	at org.cloudfoundry.multiapps.controller.process.steps.SyncFlowableStep.lambda$execute$0(SyncFlowableStep.java:71)
	at org.cloudfoundry.multiapps.controller.core.util.LoggingUtil.logWithCorrelationId(LoggingUtil.java:14)
	at org.cloudfoundry.multiapps.controller.process.steps.SyncFlowableStep.execute(SyncFlowableStep.java:71)
	at org.flowable.engine.impl.delegate.invocation.JavaDelegateInvocation.invoke(JavaDelegateInvocation.java:35)
	at org.flowable.engine.impl.delegate.invocation.DelegateInvocation.proceed(DelegateInvocation.java:32)
	at org.flowable.engine.impl.delegate.invocation.DefaultDelegateInterceptor.handleInvocation(DefaultDelegateInterceptor.java:26)
	at org.flowable.engine.impl.bpmn.behavior.ServiceTaskDelegateExpressionActivityBehavior.execute(ServiceTaskDelegateExpressionActivityBehavior.java:177)
	at org.flowable.engine.impl.agenda.ContinueProcessOperation.executeActivityBehavior(ContinueProcessOperation.java:298)
	at org.flowable.engine.impl.agenda.ContinueProcessOperation.executeSynchronous(ContinueProcessOperation.java:175)
	at org.flowable.engine.impl.agenda.ContinueProcessOperation.continueThroughFlowNode(ContinueProcessOperation.java:125)
	at org.flowable.engine.impl.agenda.ContinueProcessOperation.run(ContinueProcessOperation.java:88)
	at org.flowable.common.engine.impl.AbstractEngineConfiguration.lambda$new$0(AbstractEngineConfiguration.java:198)
	at org.flowable.engine.impl.interceptor.CommandInvoker.executeOperation(CommandInvoker.java:189)
	at org.flowable.engine.impl.interceptor.CommandInvoker.executeOperations(CommandInvoker.java:128)
	at org.flowable.engine.impl.interceptor.CommandInvoker.execute(CommandInvoker.java:80)
	at org.flowable.engine.impl.interceptor.BpmnOverrideContextInterceptor.execute(BpmnOverrideContextInterceptor.java:26)
	at org.flowable.common.engine.impl.interceptor.TransactionContextInterceptor.execute(TransactionContextInterceptor.java:53)
	at org.flowable.common.engine.impl.interceptor.CommandContextInterceptor.execute(CommandContextInterceptor.java:105)
	at org.flowable.common.spring.SpringTransactionInterceptor.lambda$execute$0(SpringTransactionInterceptor.java:57)
	at org.springframework.transaction.support.TransactionTemplate.execute(TransactionTemplate.java:140)
	at org.flowable.common.spring.SpringTransactionInterceptor.execute(SpringTransactionInterceptor.java:57)
	at org.flowable.common.engine.impl.interceptor.LogInterceptor.execute(LogInterceptor.java:30)
	at org.flowable.common.engine.impl.cfg.CommandExecutorImpl.execute(CommandExecutorImpl.java:56)
	at org.flowable.common.engine.impl.cfg.CommandExecutorImpl.execute(CommandExecutorImpl.java:51)
	at org.flowable.job.service.impl.asyncexecutor.ExecuteAsyncRunnable.handleTransactionalJob(ExecuteAsyncRunnable.java:177)
	at org.flowable.job.service.impl.asyncexecutor.ExecuteAsyncRunnable.executeJob(ExecuteAsyncRunnable.java:146)
	at org.flowable.job.service.impl.asyncexecutor.ExecuteAsyncRunnable.runInternally(ExecuteAsyncRunnable.java:122)
	at org.flowable.job.service.impl.asyncexecutor.ExecuteAsyncRunnable.run(ExecuteAsyncRunnable.java:96)
	at java.base/java.util.concurrent.ThreadPoolExecutor.runWorker(ThreadPoolExecutor.java:1090)
	at java.base/java.util.concurrent.ThreadPoolExecutor$Worker.run(ThreadPoolExecutor.java:614)
	at java.base/java.lang.Thread.run(Thread.java:1474)
#2026 04 03 00:17:08.196#Z#DEBUG#1b49a2d7-2ef2-11f1-95b1-eeee0a85bcbe.OPERATION#flowable-async-job-executor-thread-15954#
Step "Start App" finished#
#2026 04 03 00:17:11.176#Z#DEBUG#1b49a2d7-2ef2-11f1-95b1-eeee0a85bcbe.OPERATION#flowable-async-job-executor-thread-6151#
[RestartAppStep] Executing task "startAppTask" of process "6daf6368-2ef2-11f1-97d1-eeee0a988538"...#
#2026 04 03 00:17:11.181#Z#DEBUG#1b49a2d7-2ef2-11f1-95b1-eeee0a85bcbe.OPERATION#flowable-async-job-executor-thread-6151#
[RestartAppStep] Application start timeout is default one: 3,600 seconds#
#2026 04 03 00:17:11.190#Z#DEBUG#1b49a2d7-2ef2-11f1-95b1-eeee0a85bcbe.OPERATION#flowable-async-job-executor-thread-6151#
[RestartAppStep] Getting application "northwind-fiori-app"...#
#2026 04 03 00:17:11.242#Z#INFO#1b49a2d7-2ef2-11f1-95b1-eeee0a85bcbe.OPERATION#flowable-async-job-executor-thread-6151#
[RestartAppStep] Stopping application "northwind-fiori-app"...#
#2026 04 03 00:17:11.251#Z#DEBUG#1b49a2d7-2ef2-11f1-95b1-eeee0a85bcbe.OPERATION#flowable-async-job-executor-thread-6151#
[RestartAppStep] Stopping application "northwind-fiori-app"...#
#2026 04 03 00:17:11.406#Z#INFO#1b49a2d7-2ef2-11f1-95b1-eeee0a85bcbe.OPERATION#flowable-async-job-executor-thread-6151#
[RestartAppStep] Starting application "northwind-fiori-app"...#
#2026 04 03 00:17:11.414#Z#DEBUG#1b49a2d7-2ef2-11f1-95b1-eeee0a85bcbe.OPERATION#flowable-async-job-executor-thread-6151#
[RestartAppStep] Starting application "northwind-fiori-app"...#
#2026 04 03 00:17:11.630#Z#DEBUG#1b49a2d7-2ef2-11f1-95b1-eeee0a85bcbe.OPERATION#flowable-async-job-executor-thread-6151#
Step "Start App" finished#
#2026 04 03 00:17:18.115#Z#DEBUG#1b49a2d7-2ef2-11f1-95b1-eeee0a85bcbe.OPERATION#flowable-async-job-executor-thread-15958#
[RestartAppStep] Executing task "startAppTask" of process "75ac37cd-2ef2-11f1-95b1-eeee0a85bcbe"...#
#2026 04 03 00:17:18.115#Z#DEBUG#1b49a2d7-2ef2-11f1-95b1-eeee0a85bcbe.OPERATION#flowable-async-job-executor-thread-15958#
[RestartAppStep] Application start timeout is default one: 3,600 seconds#
#2026 04 03 00:17:18.199#Z#DEBUG#1b49a2d7-2ef2-11f1-95b1-eeee0a85bcbe.OPERATION#flowable-async-job-executor-thread-15958#
[RestartAppStep] Checking status of application "northwind-fiori-app"...#
#2026 04 03 00:17:18.199#Z#DEBUG#1b49a2d7-2ef2-11f1-95b1-eeee0a85bcbe.OPERATION#flowable-async-job-executor-thread-15958#
[RestartAppStep] Getting instances for application "northwind-fiori-app"...#
#2026 04 03 00:17:18.268#Z#DEBUG#1b49a2d7-2ef2-11f1-95b1-eeee0a85bcbe.OPERATION#flowable-async-job-executor-thread-15958#
[RestartAppStep] Application "northwind-fiori-app": 0 of 1 instances running (1 starting)#
#2026 04 03 00:17:18.338#Z#DEBUG#1b49a2d7-2ef2-11f1-95b1-eeee0a85bcbe.OPERATION#flowable-async-job-executor-thread-15958#
Step "Start App" finished#
#2026 04 03 00:17:28.122#Z#DEBUG#1b49a2d7-2ef2-11f1-95b1-eeee0a85bcbe.OPERATION#flowable-async-job-executor-thread-15964#
[RestartAppStep] Executing task "startAppTask" of process "79aadc60-2ef2-11f1-97d1-eeee0a988538"...#
#2026 04 03 00:17:28.123#Z#DEBUG#1b49a2d7-2ef2-11f1-95b1-eeee0a85bcbe.OPERATION#flowable-async-job-executor-thread-15964#
[RestartAppStep] Application start timeout is default one: 3,600 seconds#
#2026 04 03 00:17:28.124#Z#DEBUG#1b49a2d7-2ef2-11f1-95b1-eeee0a85bcbe.OPERATION#flowable-async-job-executor-thread-15964#
[RestartAppStep] Checking status of application "northwind-fiori-app"...#
#2026 04 03 00:17:28.124#Z#DEBUG#1b49a2d7-2ef2-11f1-95b1-eeee0a85bcbe.OPERATION#flowable-async-job-executor-thread-15964#
[RestartAppStep] Getting instances for application "northwind-fiori-app"...#
#2026 04 03 00:17:28.194#Z#DEBUG#1b49a2d7-2ef2-11f1-95b1-eeee0a85bcbe.OPERATION#flowable-async-job-executor-thread-15964#
[RestartAppStep] Application "northwind-fiori-app": 0 of 1 instances running (1 starting)#
#2026 04 03 00:17:28.276#Z#DEBUG#1b49a2d7-2ef2-11f1-95b1-eeee0a85bcbe.OPERATION#flowable-async-job-executor-thread-15964#
Step "Start App" finished#
#2026 04 03 00:17:38.131#Z#DEBUG#1b49a2d7-2ef2-11f1-95b1-eeee0a85bcbe.OPERATION#flowable-async-job-executor-thread-15966#
[RestartAppStep] Executing task "startAppTask" of process "7f9747bd-2ef2-11f1-97d1-eeee0a988538"...#
#2026 04 03 00:17:38.132#Z#DEBUG#1b49a2d7-2ef2-11f1-95b1-eeee0a85bcbe.OPERATION#flowable-async-job-executor-thread-15966#
[RestartAppStep] Application start timeout is default one: 3,600 seconds#
#2026 04 03 00:17:38.133#Z#DEBUG#1b49a2d7-2ef2-11f1-95b1-eeee0a85bcbe.OPERATION#flowable-async-job-executor-thread-15966#
[RestartAppStep] Checking status of application "northwind-fiori-app"...#
#2026 04 03 00:17:38.133#Z#DEBUG#1b49a2d7-2ef2-11f1-95b1-eeee0a85bcbe.OPERATION#flowable-async-job-executor-thread-15966#
[RestartAppStep] Getting instances for application "northwind-fiori-app"...#
#2026 04 03 00:17:38.196#Z#DEBUG#1b49a2d7-2ef2-11f1-95b1-eeee0a85bcbe.OPERATION#flowable-async-job-executor-thread-15966#
[RestartAppStep] Application "northwind-fiori-app": 0 of 1 instances running (1 starting)#
#2026 04 03 00:17:38.263#Z#DEBUG#1b49a2d7-2ef2-11f1-95b1-eeee0a85bcbe.OPERATION#flowable-async-job-executor-thread-15966#
Step "Start App" finished#
#2026 04 03 00:17:48.136#Z#DEBUG#1b49a2d7-2ef2-11f1-95b1-eeee0a85bcbe.OPERATION#flowable-async-job-executor-thread-15968#
[RestartAppStep] Executing task "startAppTask" of process "858b2cfa-2ef2-11f1-97d1-eeee0a988538"...#
#2026 04 03 00:17:48.137#Z#DEBUG#1b49a2d7-2ef2-11f1-95b1-eeee0a85bcbe.OPERATION#flowable-async-job-executor-thread-15968#
[RestartAppStep] Application start timeout is default one: 3,600 seconds#
#2026 04 03 00:17:48.138#Z#DEBUG#1b49a2d7-2ef2-11f1-95b1-eeee0a85bcbe.OPERATION#flowable-async-job-executor-thread-15968#
[RestartAppStep] Checking status of application "northwind-fiori-app"...#
#2026 04 03 00:17:48.138#Z#DEBUG#1b49a2d7-2ef2-11f1-95b1-eeee0a85bcbe.OPERATION#flowable-async-job-executor-thread-15968#
[RestartAppStep] Getting instances for application "northwind-fiori-app"...#
#2026 04 03 00:17:48.198#Z#DEBUG#1b49a2d7-2ef2-11f1-95b1-eeee0a85bcbe.OPERATION#flowable-async-job-executor-thread-15968#
[RestartAppStep] Application "northwind-fiori-app": 0 of 1 instances running (1 crashed)#
#2026 04 03 00:17:48.230#Z#ERROR#1b49a2d7-2ef2-11f1-95b1-eeee0a85bcbe.OPERATION#flowable-async-job-executor-thread-15968#
[RestartAppStep] Error starting application "northwind-fiori-app": Some instances have crashed. Check the logs of your application for more information.
Download the application logs via the dmol command and check them for more information.#
#2026 04 03 00:17:48.234#Z#ERROR#1b49a2d7-2ef2-11f1-95b1-eeee0a85bcbe.OPERATION#flowable-async-job-executor-thread-15968#
Exception caught#
org.cloudfoundry.multiapps.common.SLException: A step of the process has failed. Retrying it may solve the issue.
	at org.cloudfoundry.multiapps.controller.process.steps.SyncFlowableStep.executeInternal(SyncFlowableStep.java:83)
	at org.cloudfoundry.multiapps.controller.process.steps.SyncFlowableStep.lambda$execute$0(SyncFlowableStep.java:71)
	at org.cloudfoundry.multiapps.controller.core.util.LoggingUtil.logWithCorrelationId(LoggingUtil.java:14)
	at org.cloudfoundry.multiapps.controller.process.steps.SyncFlowableStep.execute(SyncFlowableStep.java:71)
	at org.flowable.engine.impl.delegate.invocation.JavaDelegateInvocation.invoke(JavaDelegateInvocation.java:35)
	at org.flowable.engine.impl.delegate.invocation.DelegateInvocation.proceed(DelegateInvocation.java:32)
	at org.flowable.engine.impl.delegate.invocation.DefaultDelegateInterceptor.handleInvocation(DefaultDelegateInterceptor.java:26)
	at org.flowable.engine.impl.bpmn.behavior.ServiceTaskDelegateExpressionActivityBehavior.execute(ServiceTaskDelegateExpressionActivityBehavior.java:177)
	at org.flowable.engine.impl.agenda.ContinueProcessOperation.executeActivityBehavior(ContinueProcessOperation.java:298)
	at org.flowable.engine.impl.agenda.ContinueProcessOperation.executeSynchronous(ContinueProcessOperation.java:175)
	at org.flowable.engine.impl.agenda.ContinueProcessOperation.continueThroughFlowNode(ContinueProcessOperation.java:125)
	at org.flowable.engine.impl.agenda.ContinueProcessOperation.run(ContinueProcessOperation.java:88)
	at org.flowable.common.engine.impl.AbstractEngineConfiguration.lambda$new$0(AbstractEngineConfiguration.java:198)
	at org.flowable.engine.impl.interceptor.CommandInvoker.executeOperation(CommandInvoker.java:189)
	at org.flowable.engine.impl.interceptor.CommandInvoker.executeOperations(CommandInvoker.java:128)
	at org.flowable.engine.impl.interceptor.CommandInvoker.execute(CommandInvoker.java:80)
	at org.flowable.engine.impl.interceptor.BpmnOverrideContextInterceptor.execute(BpmnOverrideContextInterceptor.java:26)
	at org.flowable.common.engine.impl.interceptor.TransactionContextInterceptor.execute(TransactionContextInterceptor.java:53)
	at org.flowable.common.engine.impl.interceptor.CommandContextInterceptor.execute(CommandContextInterceptor.java:105)
	at org.flowable.common.spring.SpringTransactionInterceptor.lambda$execute$0(SpringTransactionInterceptor.java:57)
	at org.springframework.transaction.support.TransactionTemplate.execute(TransactionTemplate.java:140)
	at org.flowable.common.spring.SpringTransactionInterceptor.execute(SpringTransactionInterceptor.java:57)
	at org.flowable.common.engine.impl.interceptor.LogInterceptor.execute(LogInterceptor.java:30)
	at org.flowable.common.engine.impl.cfg.CommandExecutorImpl.execute(CommandExecutorImpl.java:56)
	at org.flowable.common.engine.impl.cfg.CommandExecutorImpl.execute(CommandExecutorImpl.java:51)
	at org.flowable.job.service.impl.asyncexecutor.ExecuteAsyncRunnable.handleTransactionalJob(ExecuteAsyncRunnable.java:177)
	at org.flowable.job.service.impl.asyncexecutor.ExecuteAsyncRunnable.executeJob(ExecuteAsyncRunnable.java:146)
	at org.flowable.job.service.impl.asyncexecutor.ExecuteAsyncRunnable.runInternally(ExecuteAsyncRunnable.java:122)
	at org.flowable.job.service.impl.asyncexecutor.ExecuteAsyncRunnable.run(ExecuteAsyncRunnable.java:96)
	at java.base/java.util.concurrent.ThreadPoolExecutor.runWorker(ThreadPoolExecutor.java:1090)
	at java.base/java.util.concurrent.ThreadPoolExecutor$Worker.run(ThreadPoolExecutor.java:614)
	at java.base/java.lang.Thread.run(Thread.java:1474)
#2026 04 03 00:17:48.241#Z#DEBUG#1b49a2d7-2ef2-11f1-95b1-eeee0a85bcbe.OPERATION#flowable-async-job-executor-thread-15968#
Step "Start App" finished#
#2026 04 03 00:17:50.630#Z#DEBUG#1b49a2d7-2ef2-11f1-95b1-eeee0a85bcbe.OPERATION#flowable-async-job-executor-thread-6152#
[RestartAppStep] Executing task "startAppTask" of process "858b2cfa-2ef2-11f1-97d1-eeee0a988538"...#
#2026 04 03 00:17:50.634#Z#DEBUG#1b49a2d7-2ef2-11f1-95b1-eeee0a85bcbe.OPERATION#flowable-async-job-executor-thread-6152#
[RestartAppStep] Application start timeout is default one: 3,600 seconds#
#2026 04 03 00:17:50.643#Z#DEBUG#1b49a2d7-2ef2-11f1-95b1-eeee0a85bcbe.OPERATION#flowable-async-job-executor-thread-6152#
[RestartAppStep] Getting application "northwind-fiori-app"...#
#2026 04 03 00:17:50.692#Z#INFO#1b49a2d7-2ef2-11f1-95b1-eeee0a85bcbe.OPERATION#flowable-async-job-executor-thread-6152#
[RestartAppStep] Stopping application "northwind-fiori-app"...#
#2026 04 03 00:17:50.700#Z#DEBUG#1b49a2d7-2ef2-11f1-95b1-eeee0a85bcbe.OPERATION#flowable-async-job-executor-thread-6152#
[RestartAppStep] Stopping application "northwind-fiori-app"...#
#2026 04 03 00:17:50.855#Z#INFO#1b49a2d7-2ef2-11f1-95b1-eeee0a85bcbe.OPERATION#flowable-async-job-executor-thread-6152#
[RestartAppStep] Starting application "northwind-fiori-app"...#
#2026 04 03 00:17:50.869#Z#DEBUG#1b49a2d7-2ef2-11f1-95b1-eeee0a85bcbe.OPERATION#flowable-async-job-executor-thread-6152#
[RestartAppStep] Starting application "northwind-fiori-app"...#
#2026 04 03 00:17:51.081#Z#DEBUG#1b49a2d7-2ef2-11f1-95b1-eeee0a85bcbe.OPERATION#flowable-async-job-executor-thread-6152#
Step "Start App" finished#
#2026 04 03 00:17:58.142#Z#DEBUG#1b49a2d7-2ef2-11f1-95b1-eeee0a85bcbe.OPERATION#flowable-async-job-executor-thread-15970#
[RestartAppStep] Executing task "startAppTask" of process "8d2fcf78-2ef2-11f1-95b1-eeee0a85bcbe"...#
#2026 04 03 00:17:58.143#Z#DEBUG#1b49a2d7-2ef2-11f1-95b1-eeee0a85bcbe.OPERATION#flowable-async-job-executor-thread-15970#
[RestartAppStep] Application start timeout is default one: 3,600 seconds#
#2026 04 03 00:17:58.231#Z#DEBUG#1b49a2d7-2ef2-11f1-95b1-eeee0a85bcbe.OPERATION#flowable-async-job-executor-thread-15970#
[RestartAppStep] Checking status of application "northwind-fiori-app"...#
#2026 04 03 00:17:58.232#Z#DEBUG#1b49a2d7-2ef2-11f1-95b1-eeee0a85bcbe.OPERATION#flowable-async-job-executor-thread-15970#
[RestartAppStep] Getting instances for application "northwind-fiori-app"...#
#2026 04 03 00:17:58.296#Z#DEBUG#1b49a2d7-2ef2-11f1-95b1-eeee0a85bcbe.OPERATION#flowable-async-job-executor-thread-15970#
[RestartAppStep] Application "northwind-fiori-app": 0 of 1 instances running (1 starting)#
#2026 04 03 00:17:58.360#Z#DEBUG#1b49a2d7-2ef2-11f1-95b1-eeee0a85bcbe.OPERATION#flowable-async-job-executor-thread-15970#
Step "Start App" finished#
#2026 04 03 00:18:08.146#Z#DEBUG#1b49a2d7-2ef2-11f1-95b1-eeee0a85bcbe.OPERATION#flowable-async-job-executor-thread-15972#
[RestartAppStep] Executing task "startAppTask" of process "9185950d-2ef2-11f1-97d1-eeee0a988538"...#
#2026 04 03 00:18:08.148#Z#DEBUG#1b49a2d7-2ef2-11f1-95b1-eeee0a85bcbe.OPERATION#flowable-async-job-executor-thread-15972#
[RestartAppStep] Application start timeout is default one: 3,600 seconds#
#2026 04 03 00:18:08.148#Z#DEBUG#1b49a2d7-2ef2-11f1-95b1-eeee0a85bcbe.OPERATION#flowable-async-job-executor-thread-15972#
[RestartAppStep] Checking status of application "northwind-fiori-app"...#
#2026 04 03 00:18:08.149#Z#DEBUG#1b49a2d7-2ef2-11f1-95b1-eeee0a85bcbe.OPERATION#flowable-async-job-executor-thread-15972#
[RestartAppStep] Getting instances for application "northwind-fiori-app"...#
#2026 04 03 00:18:08.195#Z#DEBUG#1b49a2d7-2ef2-11f1-95b1-eeee0a85bcbe.OPERATION#flowable-async-job-executor-thread-15972#
[RestartAppStep] Application "northwind-fiori-app": 0 of 1 instances running (1 starting)#
#2026 04 03 00:18:08.229#Z#DEBUG#1b49a2d7-2ef2-11f1-95b1-eeee0a85bcbe.OPERATION#flowable-async-job-executor-thread-15972#
Step "Start App" finished#
#2026 04 03 00:18:18.157#Z#DEBUG#1b49a2d7-2ef2-11f1-95b1-eeee0a85bcbe.OPERATION#flowable-async-job-executor-thread-15975#
[RestartAppStep] Executing task "startAppTask" of process "97679ffa-2ef2-11f1-97d1-eeee0a988538"...#
#2026 04 03 00:18:18.158#Z#DEBUG#1b49a2d7-2ef2-11f1-95b1-eeee0a85bcbe.OPERATION#flowable-async-job-executor-thread-15975#
[RestartAppStep] Application start timeout is default one: 3,600 seconds#
#2026 04 03 00:18:18.160#Z#DEBUG#1b49a2d7-2ef2-11f1-95b1-eeee0a85bcbe.OPERATION#flowable-async-job-executor-thread-15975#
[RestartAppStep] Checking status of application "northwind-fiori-app"...#
#2026 04 03 00:18:18.161#Z#DEBUG#1b49a2d7-2ef2-11f1-95b1-eeee0a85bcbe.OPERATION#flowable-async-job-executor-thread-15975#
[RestartAppStep] Getting instances for application "northwind-fiori-app"...#
#2026 04 03 00:18:18.208#Z#DEBUG#1b49a2d7-2ef2-11f1-95b1-eeee0a85bcbe.OPERATION#flowable-async-job-executor-thread-15975#
[RestartAppStep] Application "northwind-fiori-app": 0 of 1 instances running (1 starting)#
#2026 04 03 00:18:18.280#Z#DEBUG#1b49a2d7-2ef2-11f1-95b1-eeee0a85bcbe.OPERATION#flowable-async-job-executor-thread-15975#
Step "Start App" finished#
#2026 04 03 00:18:28.173#Z#DEBUG#1b49a2d7-2ef2-11f1-95b1-eeee0a85bcbe.OPERATION#flowable-async-job-executor-thread-15979#
[RestartAppStep] Executing task "startAppTask" of process "9d65493c-2ef2-11f1-97d1-eeee0a988538"...#
#2026 04 03 00:18:28.175#Z#DEBUG#1b49a2d7-2ef2-11f1-95b1-eeee0a85bcbe.OPERATION#flowable-async-job-executor-thread-15979#
[RestartAppStep] Application start timeout is default one: 3,600 seconds#
#2026 04 03 00:18:28.175#Z#DEBUG#1b49a2d7-2ef2-11f1-95b1-eeee0a85bcbe.OPERATION#flowable-async-job-executor-thread-15979#
[RestartAppStep] Checking status of application "northwind-fiori-app"...#
#2026 04 03 00:18:28.176#Z#DEBUG#1b49a2d7-2ef2-11f1-95b1-eeee0a85bcbe.OPERATION#flowable-async-job-executor-thread-15979#
[RestartAppStep] Getting instances for application "northwind-fiori-app"...#
#2026 04 03 00:18:28.235#Z#DEBUG#1b49a2d7-2ef2-11f1-95b1-eeee0a85bcbe.OPERATION#flowable-async-job-executor-thread-15979#
[RestartAppStep] Application "northwind-fiori-app": 0 of 1 instances running (1 crashed)#
#2026 04 03 00:18:28.275#Z#ERROR#1b49a2d7-2ef2-11f1-95b1-eeee0a85bcbe.OPERATION#flowable-async-job-executor-thread-15979#
[RestartAppStep] Error starting application "northwind-fiori-app": Some instances have crashed. Check the logs of your application for more information.
Download the application logs via the dmol command and check them for more information.#
#2026 04 03 00:18:28.279#Z#ERROR#1b49a2d7-2ef2-11f1-95b1-eeee0a85bcbe.OPERATION#flowable-async-job-executor-thread-15979#
Exception caught#
org.cloudfoundry.multiapps.common.SLException: A step of the process has failed. Retrying it may solve the issue.
	at org.cloudfoundry.multiapps.controller.process.steps.SyncFlowableStep.executeInternal(SyncFlowableStep.java:83)
	at org.cloudfoundry.multiapps.controller.process.steps.SyncFlowableStep.lambda$execute$0(SyncFlowableStep.java:71)
	at org.cloudfoundry.multiapps.controller.core.util.LoggingUtil.logWithCorrelationId(LoggingUtil.java:14)
	at org.cloudfoundry.multiapps.controller.process.steps.SyncFlowableStep.execute(SyncFlowableStep.java:71)
	at org.flowable.engine.impl.delegate.invocation.JavaDelegateInvocation.invoke(JavaDelegateInvocation.java:35)
	at org.flowable.engine.impl.delegate.invocation.DelegateInvocation.proceed(DelegateInvocation.java:32)
	at org.flowable.engine.impl.delegate.invocation.DefaultDelegateInterceptor.handleInvocation(DefaultDelegateInterceptor.java:26)
	at org.flowable.engine.impl.bpmn.behavior.ServiceTaskDelegateExpressionActivityBehavior.execute(ServiceTaskDelegateExpressionActivityBehavior.java:177)
	at org.flowable.engine.impl.agenda.ContinueProcessOperation.executeActivityBehavior(ContinueProcessOperation.java:298)
	at org.flowable.engine.impl.agenda.ContinueProcessOperation.executeSynchronous(ContinueProcessOperation.java:175)
	at org.flowable.engine.impl.agenda.ContinueProcessOperation.continueThroughFlowNode(ContinueProcessOperation.java:125)
	at org.flowable.engine.impl.agenda.ContinueProcessOperation.run(ContinueProcessOperation.java:88)
	at org.flowable.common.engine.impl.AbstractEngineConfiguration.lambda$new$0(AbstractEngineConfiguration.java:198)
	at org.flowable.engine.impl.interceptor.CommandInvoker.executeOperation(CommandInvoker.java:189)
	at org.flowable.engine.impl.interceptor.CommandInvoker.executeOperations(CommandInvoker.java:128)
	at org.flowable.engine.impl.interceptor.CommandInvoker.execute(CommandInvoker.java:80)
	at org.flowable.engine.impl.interceptor.BpmnOverrideContextInterceptor.execute(BpmnOverrideContextInterceptor.java:26)
	at org.flowable.common.engine.impl.interceptor.TransactionContextInterceptor.execute(TransactionContextInterceptor.java:53)
	at org.flowable.common.engine.impl.interceptor.CommandContextInterceptor.execute(CommandContextInterceptor.java:105)
	at org.flowable.common.spring.SpringTransactionInterceptor.lambda$execute$0(SpringTransactionInterceptor.java:57)
	at org.springframework.transaction.support.TransactionTemplate.execute(TransactionTemplate.java:140)
	at org.flowable.common.spring.SpringTransactionInterceptor.execute(SpringTransactionInterceptor.java:57)
	at org.flowable.common.engine.impl.interceptor.LogInterceptor.execute(LogInterceptor.java:30)
	at org.flowable.common.engine.impl.cfg.CommandExecutorImpl.execute(CommandExecutorImpl.java:56)
	at org.flowable.common.engine.impl.cfg.CommandExecutorImpl.execute(CommandExecutorImpl.java:51)
	at org.flowable.job.service.impl.asyncexecutor.ExecuteAsyncRunnable.handleTransactionalJob(ExecuteAsyncRunnable.java:177)
	at org.flowable.job.service.impl.asyncexecutor.ExecuteAsyncRunnable.executeJob(ExecuteAsyncRunnable.java:146)
	at org.flowable.job.service.impl.asyncexecutor.ExecuteAsyncRunnable.runInternally(ExecuteAsyncRunnable.java:122)
	at org.flowable.job.service.impl.asyncexecutor.ExecuteAsyncRunnable.run(ExecuteAsyncRunnable.java:96)
	at java.base/java.util.concurrent.ThreadPoolExecutor.runWorker(ThreadPoolExecutor.java:1090)
	at java.base/java.util.concurrent.ThreadPoolExecutor$Worker.run(ThreadPoolExecutor.java:614)
	at java.base/java.lang.Thread.run(Thread.java:1474)
#2026 04 03 00:18:28.284#Z#DEBUG#1b49a2d7-2ef2-11f1-95b1-eeee0a85bcbe.OPERATION#flowable-async-job-executor-thread-15979#
Step "Start App" finished#
#2026 04 03 00:18:30.061#Z#DEBUG#1b49a2d7-2ef2-11f1-95b1-eeee0a85bcbe.OPERATION#flowable-async-job-executor-thread-6167#
[RestartAppStep] Executing task "startAppTask" of process "9d65493c-2ef2-11f1-97d1-eeee0a988538"...#
#2026 04 03 00:18:30.066#Z#DEBUG#1b49a2d7-2ef2-11f1-95b1-eeee0a85bcbe.OPERATION#flowable-async-job-executor-thread-6167#
[RestartAppStep] Application start timeout is default one: 3,600 seconds#
#2026 04 03 00:18:30.078#Z#DEBUG#1b49a2d7-2ef2-11f1-95b1-eeee0a85bcbe.OPERATION#flowable-async-job-executor-thread-6167#
[RestartAppStep] Getting application "northwind-fiori-app"...#
#2026 04 03 00:18:30.135#Z#INFO#1b49a2d7-2ef2-11f1-95b1-eeee0a85bcbe.OPERATION#flowable-async-job-executor-thread-6167#
[RestartAppStep] Stopping application "northwind-fiori-app"...#
#2026 04 03 00:18:30.144#Z#DEBUG#1b49a2d7-2ef2-11f1-95b1-eeee0a85bcbe.OPERATION#flowable-async-job-executor-thread-6167#
[RestartAppStep] Stopping application "northwind-fiori-app"...#
#2026 04 03 00:18:30.299#Z#INFO#1b49a2d7-2ef2-11f1-95b1-eeee0a85bcbe.OPERATION#flowable-async-job-executor-thread-6167#
[RestartAppStep] Starting application "northwind-fiori-app"...#
#2026 04 03 00:18:30.307#Z#DEBUG#1b49a2d7-2ef2-11f1-95b1-eeee0a85bcbe.OPERATION#flowable-async-job-executor-thread-6167#
[RestartAppStep] Starting application "northwind-fiori-app"...#
#2026 04 03 00:18:30.528#Z#DEBUG#1b49a2d7-2ef2-11f1-95b1-eeee0a85bcbe.OPERATION#flowable-async-job-executor-thread-6167#
Step "Start App" finished#
#2026 04 03 00:18:38.211#Z#DEBUG#1b49a2d7-2ef2-11f1-95b1-eeee0a85bcbe.OPERATION#flowable-async-job-executor-thread-7007#
[RestartAppStep] Executing task "startAppTask" of process "a4b2f1a9-2ef2-11f1-95b1-eeee0a85bcbe"...#
#2026 04 03 00:18:38.214#Z#DEBUG#1b49a2d7-2ef2-11f1-95b1-eeee0a85bcbe.OPERATION#flowable-async-job-executor-thread-7007#
[RestartAppStep] Application start timeout is default one: 3,600 seconds#
#2026 04 03 00:18:38.297#Z#DEBUG#1b49a2d7-2ef2-11f1-95b1-eeee0a85bcbe.OPERATION#flowable-async-job-executor-thread-7007#
[RestartAppStep] Checking status of application "northwind-fiori-app"...#
#2026 04 03 00:18:38.298#Z#DEBUG#1b49a2d7-2ef2-11f1-95b1-eeee0a85bcbe.OPERATION#flowable-async-job-executor-thread-7007#
[RestartAppStep] Getting instances for application "northwind-fiori-app"...#
#2026 04 03 00:18:38.379#Z#DEBUG#1b49a2d7-2ef2-11f1-95b1-eeee0a85bcbe.OPERATION#flowable-async-job-executor-thread-7007#
[RestartAppStep] Application "northwind-fiori-app": 0 of 1 instances running (1 starting)#
#2026 04 03 00:18:38.425#Z#DEBUG#1b49a2d7-2ef2-11f1-95b1-eeee0a85bcbe.OPERATION#flowable-async-job-executor-thread-7007#
Step "Start App" finished#
#2026 04 03 00:18:48.201#Z#DEBUG#1b49a2d7-2ef2-11f1-95b1-eeee0a85bcbe.OPERATION#flowable-async-job-executor-thread-15989#
[RestartAppStep] Executing task "startAppTask" of process "a967c795-2ef2-11f1-81fe-eeee0a9d4f8a"...#
#2026 04 03 00:18:48.202#Z#DEBUG#1b49a2d7-2ef2-11f1-95b1-eeee0a85bcbe.OPERATION#flowable-async-job-executor-thread-15989#
[RestartAppStep] Application start timeout is default one: 3,600 seconds#
#2026 04 03 00:18:48.286#Z#DEBUG#1b49a2d7-2ef2-11f1-95b1-eeee0a85bcbe.OPERATION#flowable-async-job-executor-thread-15989#
[RestartAppStep] Checking status of application "northwind-fiori-app"...#
#2026 04 03 00:18:48.286#Z#DEBUG#1b49a2d7-2ef2-11f1-95b1-eeee0a85bcbe.OPERATION#flowable-async-job-executor-thread-15989#
[RestartAppStep] Getting instances for application "northwind-fiori-app"...#
#2026 04 03 00:18:48.357#Z#DEBUG#1b49a2d7-2ef2-11f1-95b1-eeee0a85bcbe.OPERATION#flowable-async-job-executor-thread-15989#
[RestartAppStep] Application "northwind-fiori-app": 0 of 1 instances running (1 starting)#
#2026 04 03 00:18:48.395#Z#DEBUG#1b49a2d7-2ef2-11f1-95b1-eeee0a85bcbe.OPERATION#flowable-async-job-executor-thread-15989#
Step "Start App" finished#
#2026 04 03 00:18:58.215#Z#DEBUG#1b49a2d7-2ef2-11f1-95b1-eeee0a85bcbe.OPERATION#flowable-async-job-executor-thread-15994#
[RestartAppStep] Executing task "startAppTask" of process "af5877d7-2ef2-11f1-97d1-eeee0a988538"...#
#2026 04 03 00:18:58.216#Z#DEBUG#1b49a2d7-2ef2-11f1-95b1-eeee0a85bcbe.OPERATION#flowable-async-job-executor-thread-15994#
[RestartAppStep] Application start timeout is default one: 3,600 seconds#
#2026 04 03 00:18:58.216#Z#DEBUG#1b49a2d7-2ef2-11f1-95b1-eeee0a85bcbe.OPERATION#flowable-async-job-executor-thread-15994#
[RestartAppStep] Checking status of application "northwind-fiori-app"...#
#2026 04 03 00:18:58.217#Z#DEBUG#1b49a2d7-2ef2-11f1-95b1-eeee0a85bcbe.OPERATION#flowable-async-job-executor-thread-15994#
[RestartAppStep] Getting instances for application "northwind-fiori-app"...#
#2026 04 03 00:18:58.260#Z#DEBUG#1b49a2d7-2ef2-11f1-95b1-eeee0a85bcbe.OPERATION#flowable-async-job-executor-thread-15994#
[RestartAppStep] Application "northwind-fiori-app": 0 of 1 instances running (1 starting)#
#2026 04 03 00:18:58.331#Z#DEBUG#1b49a2d7-2ef2-11f1-95b1-eeee0a85bcbe.OPERATION#flowable-async-job-executor-thread-15994#
Step "Start App" finished#
#2026 04 03 00:19:08.248#Z#DEBUG#1b49a2d7-2ef2-11f1-95b1-eeee0a85bcbe.OPERATION#flowable-async-job-executor-thread-7009#
[RestartAppStep] Executing task "startAppTask" of process "b544952d-2ef2-11f1-97d1-eeee0a988538"...#
#2026 04 03 00:19:08.251#Z#DEBUG#1b49a2d7-2ef2-11f1-95b1-eeee0a85bcbe.OPERATION#flowable-async-job-executor-thread-7009#
[RestartAppStep] Application start timeout is default one: 3,600 seconds#
#2026 04 03 00:19:08.251#Z#DEBUG#1b49a2d7-2ef2-11f1-95b1-eeee0a85bcbe.OPERATION#flowable-async-job-executor-thread-7009#
[RestartAppStep] Checking status of application "northwind-fiori-app"...#
#2026 04 03 00:19:08.252#Z#DEBUG#1b49a2d7-2ef2-11f1-95b1-eeee0a85bcbe.OPERATION#flowable-async-job-executor-thread-7009#
[RestartAppStep] Getting instances for application "northwind-fiori-app"...#
#2026 04 03 00:19:08.327#Z#DEBUG#1b49a2d7-2ef2-11f1-95b1-eeee0a85bcbe.OPERATION#flowable-async-job-executor-thread-7009#
[RestartAppStep] Application "northwind-fiori-app": 0 of 1 instances running (1 crashed)#
#2026 04 03 00:19:08.406#Z#ERROR#1b49a2d7-2ef2-11f1-95b1-eeee0a85bcbe.OPERATION#flowable-async-job-executor-thread-7009#
[RestartAppStep] Error starting application "northwind-fiori-app": Some instances have crashed. Check the logs of your application for more information.
Download the application logs via the dmol command and check them for more information.#
#2026 04 03 00:19:08.411#Z#ERROR#1b49a2d7-2ef2-11f1-95b1-eeee0a85bcbe.OPERATION#flowable-async-job-executor-thread-7009#
Exception caught#
org.cloudfoundry.multiapps.common.SLException: A step of the process has failed. Retrying it may solve the issue.
	at org.cloudfoundry.multiapps.controller.process.steps.SyncFlowableStep.executeInternal(SyncFlowableStep.java:83)
	at org.cloudfoundry.multiapps.controller.process.steps.SyncFlowableStep.lambda$execute$0(SyncFlowableStep.java:71)
	at org.cloudfoundry.multiapps.controller.core.util.LoggingUtil.logWithCorrelationId(LoggingUtil.java:14)
	at org.cloudfoundry.multiapps.controller.process.steps.SyncFlowableStep.execute(SyncFlowableStep.java:71)
	at org.flowable.engine.impl.delegate.invocation.JavaDelegateInvocation.invoke(JavaDelegateInvocation.java:35)
	at org.flowable.engine.impl.delegate.invocation.DelegateInvocation.proceed(DelegateInvocation.java:32)
	at org.flowable.engine.impl.delegate.invocation.DefaultDelegateInterceptor.handleInvocation(DefaultDelegateInterceptor.java:26)
	at org.flowable.engine.impl.bpmn.behavior.ServiceTaskDelegateExpressionActivityBehavior.execute(ServiceTaskDelegateExpressionActivityBehavior.java:177)
	at org.flowable.engine.impl.agenda.ContinueProcessOperation.executeActivityBehavior(ContinueProcessOperation.java:298)
	at org.flowable.engine.impl.agenda.ContinueProcessOperation.executeSynchronous(ContinueProcessOperation.java:175)
	at org.flowable.engine.impl.agenda.ContinueProcessOperation.continueThroughFlowNode(ContinueProcessOperation.java:125)
	at org.flowable.engine.impl.agenda.ContinueProcessOperation.run(ContinueProcessOperation.java:88)
	at org.flowable.common.engine.impl.AbstractEngineConfiguration.lambda$new$0(AbstractEngineConfiguration.java:198)
	at org.flowable.engine.impl.interceptor.CommandInvoker.executeOperation(CommandInvoker.java:189)
	at org.flowable.engine.impl.interceptor.CommandInvoker.executeOperations(CommandInvoker.java:128)
	at org.flowable.engine.impl.interceptor.CommandInvoker.execute(CommandInvoker.java:80)
	at org.flowable.engine.impl.interceptor.BpmnOverrideContextInterceptor.execute(BpmnOverrideContextInterceptor.java:26)
	at org.flowable.common.engine.impl.interceptor.TransactionContextInterceptor.execute(TransactionContextInterceptor.java:53)
	at org.flowable.common.engine.impl.interceptor.CommandContextInterceptor.execute(CommandContextInterceptor.java:105)
	at org.flowable.common.spring.SpringTransactionInterceptor.lambda$execute$0(SpringTransactionInterceptor.java:57)
	at org.springframework.transaction.support.TransactionTemplate.execute(TransactionTemplate.java:140)
	at org.flowable.common.spring.SpringTransactionInterceptor.execute(SpringTransactionInterceptor.java:57)
	at org.flowable.common.engine.impl.interceptor.LogInterceptor.execute(LogInterceptor.java:30)
	at org.flowable.common.engine.impl.cfg.CommandExecutorImpl.execute(CommandExecutorImpl.java:56)
	at org.flowable.common.engine.impl.cfg.CommandExecutorImpl.execute(CommandExecutorImpl.java:51)
	at org.flowable.job.service.impl.asyncexecutor.ExecuteAsyncRunnable.handleTransactionalJob(ExecuteAsyncRunnable.java:177)
	at org.flowable.job.service.impl.asyncexecutor.ExecuteAsyncRunnable.executeJob(ExecuteAsyncRunnable.java:146)
	at org.flowable.job.service.impl.asyncexecutor.ExecuteAsyncRunnable.runInternally(ExecuteAsyncRunnable.java:122)
	at org.flowable.job.service.impl.asyncexecutor.ExecuteAsyncRunnable.run(ExecuteAsyncRunnable.java:96)
	at java.base/java.util.concurrent.ThreadPoolExecutor.runWorker(ThreadPoolExecutor.java:1090)
	at java.base/java.util.concurrent.ThreadPoolExecutor$Worker.run(ThreadPoolExecutor.java:614)
	at java.base/java.lang.Thread.run(Thread.java:1474)
#2026 04 03 00:19:08.419#Z#DEBUG#1b49a2d7-2ef2-11f1-95b1-eeee0a85bcbe.OPERATION#flowable-async-job-executor-thread-7009#
Step "Start App" finished#
